2025-05-07 09:35:18 [error] : [Config Editor] Error: 3 INVALID_ARGUMENT: Could not find platform at  
2025-05-07 10:27:10 [info] : [Platform Server] Generate platform output stream finished - platform_matrix_mult. 
2025-05-07 10:27:49 [info] : [Platform Server] Creating platform platform_matrix_mult  output stream finished - platform_matrix_mult. 
2025-05-07 10:28:48 [info] : [Platform Server] Generate platform output stream finished - platform_matrix_mult. 
2025-05-07 10:36:00 [info] : [Platform Server] Generate platform output stream finished - platform_matrix_mult. 
2025-05-07 10:36:06 [info] : [Build Server] Build output stream finished - app_matrix_mult::. 
2025-05-07 10:37:09 [info] : [Platform Server] Generate platform output stream finished - platform_matrix_mult. 
2025-05-07 10:37:10 [info] : [Build Server] Build output stream finished - app_matrix_mult::. 
2025-05-07 10:37:30 [info] : [Platform Server] Generate platform output stream finished - platform_matrix_mult. 
2025-05-07 10:37:32 [info] : [Build Server] Build output stream finished - app_matrix_mult::. 
2025-05-07 10:39:24 [info] : [Platform Server] Generate platform output stream finished - platform_matrix_mult. 
2025-05-07 10:39:26 [info] : [Build Server] Build output stream finished - app_matrix_mult::. 
2025-05-07 11:19:09 [info] : [Platform Server] Creating platform platform_matrix_mult  output stream finished - platform_matrix_mult. 
2025-05-07 11:20:35 [info] : [Platform Server] Generate platform output stream finished - platform_matrix_mult. 
2025-05-07 11:25:00 [info] : [Platform Server] Generate platform output stream finished - platform_matrix_mult. 
2025-05-07 11:25:05 [info] : [Build Server] Build output stream finished - app_matrix_mult::. 
2025-05-07 11:25:19 [info] : [Platform Server] Generate platform output stream finished - platform_matrix_mult. 
2025-05-07 11:25:21 [info] : [Build Server] Build output stream finished - app_matrix_mult::. 
2025-05-07 11:48:07 [info] : [Platform Server] Creating platform platform_matrix_mult  output stream finished - platform_matrix_mult. 
2025-05-07 11:49:01 [info] : [Platform Server] Generate platform output stream finished - platform_matrix_mult. 
2025-05-07 11:59:06 [info] : [Platform Server] Generate platform output stream finished - platform_matrix_mult. 
2025-05-07 12:07:11 [info] : [Platform Server] Generate platform output stream finished - platform_matrix_mult. 
2025-05-07 12:07:20 [info] : [Build Server] Build output stream finished - app_matrix_mult::. 
2025-05-07 21:14:41 [info] : [Platform Server] Generate platform output stream finished - platform_matrix_mult. 
2025-05-07 21:14:52 [info] : [Platform Server] Generate platform output stream finished - platform_matrix_mult. 
2025-05-07 21:14:55 [info] : [Build Server] Build output stream finished - app_matrix_mult::. 
2025-05-07 21:15:01 [info] : [Platform Server] Generate platform output stream finished - platform_matrix_mult. 
2025-05-07 21:15:11 [info] : [Platform Server] Clean platform output stream finished - platform_matrix_mult. 
2025-05-07 21:15:14 [info] : [Platform Server] Generate platform output stream finished - platform_matrix_mult. 
2025-05-07 21:15:22 [info] : [Platform Server] Generate platform output stream finished - platform_matrix_mult. 
2025-05-07 21:15:23 [info] : [Build Server] Build output stream finished - app_matrix_mult::. 
2025-05-07 21:17:04 [info] : [Platform Server] Generate platform output stream finished - platform_matrix_mult. 
2025-05-07 21:17:05 [info] : [Build Server] Build output stream finished - app_matrix_mult::. 
2025-05-07 21:17:13 [info] : [Debug Manager] Successfully verified the target connection used  Local 
2025-05-07 21:17:13 [info] : [Debug Manager] Starting launch in 'run' mode using configuration: {"type":"tcf-debug","request":"launch","name":"app_matrix_mult_app_hw_1","debugType":"baremetal-zynq","attachToRunningTargetOptions":{"targetSetupMode":"standalone","executeScript":true,"scriptPath":""},"autoAttachProcessChildren":false,"target":{"targetConnectionId":"Local","peersIniPath":"../../_ide/.peers.ini","context":"zynq"},"pathMap":[],"targetSetup":{"resetSystem":true,"programDevice":true,"resetAPU":false,"bitstreamFile":"${workspaceFolder}\\app_matrix_mult\\_ide\\bitstream\\matrix_mult_zybo_wrapper.bit","zynqInitialization":{"isFsbl":false,"usingFSBL":{"initWithFSBL":true,"fsblFile":"${workspaceFolder}\\platform_matrix_mult\\export\\platform_matrix_mult\\sw\\boot\\fsbl.elf","fsblExitSymbol":"FsblHandoffJtagExit"},"usingPs7Init":{"runPs7Init":true,"runPs7PostInit":true,"ps7InitTclFile":"C:\\GitHub\\CoP-HW-SW_2024-2025\\Lab0\\Vitis\\app_matrix_mult\\_ide\\psinit\\ps7_init.tcl"}},"downloadElf":[{"core":"ps7_cortexa9_0","resetProcessor":true,"elfFile":"${workspaceFolder}\\app_matrix_mult\\build\\app_matrix_mult.elf","stopAtEntry":false}],"crossTriggerBreakpoints":{"isSelected":false,"breakpoints":[]}},"internalConsoleOptions":"openOnSessionStart","__configUri":"file:///c%3A/GitHub/CoP-HW-SW_2024-2025/Lab0/Vitis/app_matrix_mult/_ide/launch.json"} 
2025-05-07 21:17:13 [info] : [Debug Manager] Disabling breakpoints in the tool to enable run mode for 'app_matrix_mult_app_hw_1 [app_matrix_mult]'. 
2025-05-07 21:17:14 [info] : [Debug Manager] Launch session has started on the configuration 'app_matrix_mult_app_hw_1 [app_matrix_mult]' 
2025-05-07 21:19:28 [info] : [Platform Server] Generate platform output stream finished - platform_matrix_mult. 
2025-05-07 21:19:29 [info] : [Build Server] Build output stream finished - app_matrix_mult::. 
2025-05-07 21:19:30 [info] : [Debug Manager] Launch session has terminated on the configuration 'app_matrix_mult_app_hw_1 [app_matrix_mult]' 
2025-05-07 21:19:30 [info] : [Debug Manager] Enabling breakpoints after running the application using 'app_matrix_mult_app_hw_1 [app_matrix_mult]'. 
2025-05-07 21:19:43 [info] : [Debug Manager] Successfully verified the target connection used  Local 
2025-05-07 21:19:43 [info] : [Debug Manager] Starting launch in 'run' mode using configuration: {"type":"tcf-debug","request":"launch","name":"app_matrix_mult_app_hw_1","debugType":"baremetal-zynq","attachToRunningTargetOptions":{"targetSetupMode":"standalone","executeScript":true,"scriptPath":""},"autoAttachProcessChildren":false,"target":{"targetConnectionId":"Local","peersIniPath":"../../_ide/.peers.ini","context":"zynq"},"pathMap":[],"targetSetup":{"resetSystem":true,"programDevice":true,"resetAPU":false,"bitstreamFile":"${workspaceFolder}\\app_matrix_mult\\_ide\\bitstream\\matrix_mult_zybo_wrapper.bit","zynqInitialization":{"isFsbl":false,"usingFSBL":{"initWithFSBL":true,"fsblFile":"${workspaceFolder}\\platform_matrix_mult\\export\\platform_matrix_mult\\sw\\boot\\fsbl.elf","fsblExitSymbol":"FsblHandoffJtagExit"},"usingPs7Init":{"runPs7Init":true,"runPs7PostInit":true,"ps7InitTclFile":"C:\\GitHub\\CoP-HW-SW_2024-2025\\Lab0\\Vitis\\app_matrix_mult\\_ide\\psinit\\ps7_init.tcl"}},"downloadElf":[{"core":"ps7_cortexa9_0","resetProcessor":true,"elfFile":"${workspaceFolder}\\app_matrix_mult\\build\\app_matrix_mult.elf","stopAtEntry":false}],"crossTriggerBreakpoints":{"isSelected":false,"breakpoints":[]}},"internalConsoleOptions":"openOnSessionStart","__configUri":"file:///c%3A/GitHub/CoP-HW-SW_2024-2025/Lab0/Vitis/app_matrix_mult/_ide/launch.json"} 
2025-05-07 21:19:44 [info] : [Debug Manager] Disabling breakpoints in the tool to enable run mode for 'app_matrix_mult_app_hw_1 [app_matrix_mult]'. 
2025-05-07 21:19:44 [info] : [Debug Manager] Launch session has started on the configuration 'app_matrix_mult_app_hw_1 [app_matrix_mult]' 
2025-05-07 21:21:38 [info] : [Platform Server] Generate platform output stream finished - platform_matrix_mult. 
2025-05-07 21:21:38 [info] : [Debug Manager] Launch session has terminated on the configuration 'app_matrix_mult_app_hw_1 [app_matrix_mult]' 
2025-05-07 21:21:38 [info] : [Debug Manager] Enabling breakpoints after running the application using 'app_matrix_mult_app_hw_1 [app_matrix_mult]'. 
2025-05-07 21:21:39 [info] : [Build Server] Build output stream finished - app_matrix_mult::. 
2025-05-07 21:21:48 [info] : [Debug Manager] Successfully verified the target connection used  Local 
2025-05-07 21:21:48 [info] : [Debug Manager] Starting launch in 'run' mode using configuration: {"type":"tcf-debug","request":"launch","name":"app_matrix_mult_app_hw_1","debugType":"baremetal-zynq","attachToRunningTargetOptions":{"targetSetupMode":"standalone","executeScript":true,"scriptPath":""},"autoAttachProcessChildren":false,"target":{"targetConnectionId":"Local","peersIniPath":"../../_ide/.peers.ini","context":"zynq"},"pathMap":[],"targetSetup":{"resetSystem":true,"programDevice":true,"resetAPU":false,"bitstreamFile":"${workspaceFolder}\\app_matrix_mult\\_ide\\bitstream\\matrix_mult_zybo_wrapper.bit","zynqInitialization":{"isFsbl":false,"usingFSBL":{"initWithFSBL":true,"fsblFile":"${workspaceFolder}\\platform_matrix_mult\\export\\platform_matrix_mult\\sw\\boot\\fsbl.elf","fsblExitSymbol":"FsblHandoffJtagExit"},"usingPs7Init":{"runPs7Init":true,"runPs7PostInit":true,"ps7InitTclFile":"C:\\GitHub\\CoP-HW-SW_2024-2025\\Lab0\\Vitis\\app_matrix_mult\\_ide\\psinit\\ps7_init.tcl"}},"downloadElf":[{"core":"ps7_cortexa9_0","resetProcessor":true,"elfFile":"${workspaceFolder}\\app_matrix_mult\\build\\app_matrix_mult.elf","stopAtEntry":false}],"crossTriggerBreakpoints":{"isSelected":false,"breakpoints":[]}},"internalConsoleOptions":"openOnSessionStart","__configUri":"file:///c%3A/GitHub/CoP-HW-SW_2024-2025/Lab0/Vitis/app_matrix_mult/_ide/launch.json"} 
2025-05-07 21:21:48 [info] : [Debug Manager] Disabling breakpoints in the tool to enable run mode for 'app_matrix_mult_app_hw_1 [app_matrix_mult]'. 
2025-05-07 21:21:48 [info] : [Debug Manager] Launch session has started on the configuration 'app_matrix_mult_app_hw_1 [app_matrix_mult]' 
2025-05-07 21:23:59 [info] : [Platform Server] Generate platform output stream finished - platform_matrix_mult. 
2025-05-07 21:24:00 [info] : [Build Server] Build output stream finished - app_matrix_mult::. 
2025-05-07 21:24:07 [info] : [Debug Manager] Launch session has terminated on the configuration 'app_matrix_mult_app_hw_1 [app_matrix_mult]' 
2025-05-07 21:24:07 [info] : [Debug Manager] Enabling breakpoints after running the application using 'app_matrix_mult_app_hw_1 [app_matrix_mult]'. 
2025-05-07 21:24:16 [info] : [Debug Manager] Successfully verified the target connection used  Local 
2025-05-07 21:24:16 [info] : [Debug Manager] Starting launch in 'run' mode using configuration: {"type":"tcf-debug","request":"launch","name":"app_matrix_mult_app_hw_1","debugType":"baremetal-zynq","attachToRunningTargetOptions":{"targetSetupMode":"standalone","executeScript":true,"scriptPath":""},"autoAttachProcessChildren":false,"target":{"targetConnectionId":"Local","peersIniPath":"../../_ide/.peers.ini","context":"zynq"},"pathMap":[],"targetSetup":{"resetSystem":true,"programDevice":true,"resetAPU":false,"bitstreamFile":"${workspaceFolder}\\app_matrix_mult\\_ide\\bitstream\\matrix_mult_zybo_wrapper.bit","zynqInitialization":{"isFsbl":false,"usingFSBL":{"initWithFSBL":true,"fsblFile":"${workspaceFolder}\\platform_matrix_mult\\export\\platform_matrix_mult\\sw\\boot\\fsbl.elf","fsblExitSymbol":"FsblHandoffJtagExit"},"usingPs7Init":{"runPs7Init":true,"runPs7PostInit":true,"ps7InitTclFile":"C:\\GitHub\\CoP-HW-SW_2024-2025\\Lab0\\Vitis\\app_matrix_mult\\_ide\\psinit\\ps7_init.tcl"}},"downloadElf":[{"core":"ps7_cortexa9_0","resetProcessor":true,"elfFile":"${workspaceFolder}\\app_matrix_mult\\build\\app_matrix_mult.elf","stopAtEntry":false}],"crossTriggerBreakpoints":{"isSelected":false,"breakpoints":[]}},"internalConsoleOptions":"openOnSessionStart","__configUri":"file:///c%3A/GitHub/CoP-HW-SW_2024-2025/Lab0/Vitis/app_matrix_mult/_ide/launch.json"} 
2025-05-07 21:24:16 [info] : [Debug Manager] Disabling breakpoints in the tool to enable run mode for 'app_matrix_mult_app_hw_1 [app_matrix_mult]'. 
2025-05-07 21:24:16 [info] : [Debug Manager] Launch session has started on the configuration 'app_matrix_mult_app_hw_1 [app_matrix_mult]' 
2025-05-07 21:24:38 [info] : [Platform Server] Generate platform output stream finished - platform_matrix_mult. 
2025-05-07 21:24:39 [info] : [Build Server] Build output stream finished - app_matrix_mult::. 
2025-05-07 21:24:41 [info] : [Debug Manager] Launch session has terminated on the configuration 'app_matrix_mult_app_hw_1 [app_matrix_mult]' 
2025-05-07 21:24:41 [info] : [Debug Manager] Enabling breakpoints after running the application using 'app_matrix_mult_app_hw_1 [app_matrix_mult]'. 
2025-05-07 21:24:56 [info] : [Debug Manager] Successfully verified the target connection used  Local 
2025-05-07 21:24:56 [info] : [Debug Manager] Starting launch in 'run' mode using configuration: {"type":"tcf-debug","request":"launch","name":"app_matrix_mult_app_hw_1","debugType":"baremetal-zynq","attachToRunningTargetOptions":{"targetSetupMode":"standalone","executeScript":true,"scriptPath":""},"autoAttachProcessChildren":false,"target":{"targetConnectionId":"Local","peersIniPath":"../../_ide/.peers.ini","context":"zynq"},"pathMap":[],"targetSetup":{"resetSystem":true,"programDevice":true,"resetAPU":false,"bitstreamFile":"${workspaceFolder}\\app_matrix_mult\\_ide\\bitstream\\matrix_mult_zybo_wrapper.bit","zynqInitialization":{"isFsbl":false,"usingFSBL":{"initWithFSBL":true,"fsblFile":"${workspaceFolder}\\platform_matrix_mult\\export\\platform_matrix_mult\\sw\\boot\\fsbl.elf","fsblExitSymbol":"FsblHandoffJtagExit"},"usingPs7Init":{"runPs7Init":true,"runPs7PostInit":true,"ps7InitTclFile":"C:\\GitHub\\CoP-HW-SW_2024-2025\\Lab0\\Vitis\\app_matrix_mult\\_ide\\psinit\\ps7_init.tcl"}},"downloadElf":[{"core":"ps7_cortexa9_0","resetProcessor":true,"elfFile":"${workspaceFolder}\\app_matrix_mult\\build\\app_matrix_mult.elf","stopAtEntry":false}],"crossTriggerBreakpoints":{"isSelected":false,"breakpoints":[]}},"internalConsoleOptions":"openOnSessionStart","__configUri":"file:///c%3A/GitHub/CoP-HW-SW_2024-2025/Lab0/Vitis/app_matrix_mult/_ide/launch.json"} 
2025-05-07 21:24:56 [info] : [Debug Manager] Disabling breakpoints in the tool to enable run mode for 'app_matrix_mult_app_hw_1 [app_matrix_mult]'. 
2025-05-07 21:24:57 [info] : [Debug Manager] Launch session has started on the configuration 'app_matrix_mult_app_hw_1 [app_matrix_mult]' 
2025-05-07 21:25:10 [info] : [Debug Manager] Launch session has terminated on the configuration 'app_matrix_mult_app_hw_1 [app_matrix_mult]' 
2025-05-07 21:25:10 [info] : [Debug Manager] Enabling breakpoints after running the application using 'app_matrix_mult_app_hw_1 [app_matrix_mult]'. 
2025-05-07 21:56:19 [info] : [Debug Manager] Successfully verified the target connection used  Local 
2025-05-07 21:56:19 [info] : [Debug Manager] Starting launch in 'run' mode using configuration: {"type":"tcf-debug","request":"launch","name":"app_matrix_mult_app_hw_1","debugType":"baremetal-zynq","attachToRunningTargetOptions":{"targetSetupMode":"standalone","executeScript":true,"scriptPath":""},"autoAttachProcessChildren":false,"target":{"targetConnectionId":"Local","peersIniPath":"../../_ide/.peers.ini","context":"zynq"},"pathMap":[],"targetSetup":{"resetSystem":true,"programDevice":true,"resetAPU":false,"bitstreamFile":"${workspaceFolder}\\app_matrix_mult\\_ide\\bitstream\\matrix_mult_zybo_wrapper.bit","zynqInitialization":{"isFsbl":false,"usingFSBL":{"initWithFSBL":true,"fsblFile":"${workspaceFolder}\\platform_matrix_mult\\export\\platform_matrix_mult\\sw\\boot\\fsbl.elf","fsblExitSymbol":"FsblHandoffJtagExit"},"usingPs7Init":{"runPs7Init":true,"runPs7PostInit":true,"ps7InitTclFile":"C:\\GitHub\\CoP-HW-SW_2024-2025\\Lab0\\Vitis\\app_matrix_mult\\_ide\\psinit\\ps7_init.tcl"}},"downloadElf":[{"core":"ps7_cortexa9_0","resetProcessor":true,"elfFile":"${workspaceFolder}\\app_matrix_mult\\build\\app_matrix_mult.elf","stopAtEntry":false}],"crossTriggerBreakpoints":{"isSelected":false,"breakpoints":[]}},"internalConsoleOptions":"openOnSessionStart","__configUri":"file:///c%3A/GitHub/CoP-HW-SW_2024-2025/Lab0/Vitis/app_matrix_mult/_ide/launch.json"} 
2025-05-07 21:56:19 [info] : [Debug Manager] Disabling breakpoints in the tool to enable run mode for 'app_matrix_mult_app_hw_1 [app_matrix_mult]'. 
2025-05-07 21:56:20 [info] : [Debug Manager] Launch session has started on the configuration 'app_matrix_mult_app_hw_1 [app_matrix_mult]' 
2025-05-07 21:57:16 [info] : [Platform Server] Generate platform output stream finished - platform_matrix_mult. 
2025-05-07 21:57:17 [info] : [Build Server] Build output stream finished - app_matrix_mult::. 
2025-05-07 21:57:17 [info] : [Debug Manager] Launch session has terminated on the configuration 'app_matrix_mult_app_hw_1 [app_matrix_mult]' 
2025-05-07 21:57:17 [info] : [Debug Manager] Enabling breakpoints after running the application using 'app_matrix_mult_app_hw_1 [app_matrix_mult]'. 
2025-05-07 21:57:27 [info] : [Debug Manager] Successfully verified the target connection used  Local 
2025-05-07 21:57:27 [info] : [Debug Manager] Starting launch in 'run' mode using configuration: {"type":"tcf-debug","request":"launch","name":"app_matrix_mult_app_hw_1","debugType":"baremetal-zynq","attachToRunningTargetOptions":{"targetSetupMode":"standalone","executeScript":true,"scriptPath":""},"autoAttachProcessChildren":false,"target":{"targetConnectionId":"Local","peersIniPath":"../../_ide/.peers.ini","context":"zynq"},"pathMap":[],"targetSetup":{"resetSystem":true,"programDevice":true,"resetAPU":false,"bitstreamFile":"${workspaceFolder}\\app_matrix_mult\\_ide\\bitstream\\matrix_mult_zybo_wrapper.bit","zynqInitialization":{"isFsbl":false,"usingFSBL":{"initWithFSBL":true,"fsblFile":"${workspaceFolder}\\platform_matrix_mult\\export\\platform_matrix_mult\\sw\\boot\\fsbl.elf","fsblExitSymbol":"FsblHandoffJtagExit"},"usingPs7Init":{"runPs7Init":true,"runPs7PostInit":true,"ps7InitTclFile":"C:\\GitHub\\CoP-HW-SW_2024-2025\\Lab0\\Vitis\\app_matrix_mult\\_ide\\psinit\\ps7_init.tcl"}},"downloadElf":[{"core":"ps7_cortexa9_0","resetProcessor":true,"elfFile":"${workspaceFolder}\\app_matrix_mult\\build\\app_matrix_mult.elf","stopAtEntry":false}],"crossTriggerBreakpoints":{"isSelected":false,"breakpoints":[]}},"internalConsoleOptions":"openOnSessionStart","__configUri":"file:///c%3A/GitHub/CoP-HW-SW_2024-2025/Lab0/Vitis/app_matrix_mult/_ide/launch.json"} 
2025-05-07 21:57:27 [info] : [Debug Manager] Disabling breakpoints in the tool to enable run mode for 'app_matrix_mult_app_hw_1 [app_matrix_mult]'. 
2025-05-07 21:57:27 [info] : [Debug Manager] Launch session has started on the configuration 'app_matrix_mult_app_hw_1 [app_matrix_mult]' 
2025-05-07 22:00:21 [info] : [Debug Manager] Successfully verified the target connection used  Local 
2025-05-07 22:00:21 [info] : [Debug Manager] Starting launch in 'debug' mode using configuration: {"type":"tcf-debug","request":"launch","name":"app_matrix_mult_app_hw_1","debugType":"baremetal-zynq","attachToRunningTargetOptions":{"targetSetupMode":"standalone","executeScript":true,"scriptPath":""},"autoAttachProcessChildren":false,"target":{"targetConnectionId":"Local","peersIniPath":"../../_ide/.peers.ini","context":"zynq"},"pathMap":[],"targetSetup":{"resetSystem":true,"programDevice":true,"resetAPU":false,"bitstreamFile":"${workspaceFolder}\\app_matrix_mult\\_ide\\bitstream\\matrix_mult_zybo_wrapper.bit","zynqInitialization":{"isFsbl":false,"usingFSBL":{"initWithFSBL":true,"fsblFile":"${workspaceFolder}\\platform_matrix_mult\\export\\platform_matrix_mult\\sw\\boot\\fsbl.elf","fsblExitSymbol":"FsblHandoffJtagExit"},"usingPs7Init":{"runPs7Init":true,"runPs7PostInit":true,"ps7InitTclFile":"C:\\GitHub\\CoP-HW-SW_2024-2025\\Lab0\\Vitis\\app_matrix_mult\\_ide\\psinit\\ps7_init.tcl"}},"downloadElf":[{"core":"ps7_cortexa9_0","resetProcessor":true,"elfFile":"${workspaceFolder}\\app_matrix_mult\\build\\app_matrix_mult.elf","stopAtEntry":false}],"crossTriggerBreakpoints":{"isSelected":false,"breakpoints":[]}},"internalConsoleOptions":"openOnSessionStart","__configUri":"file:///c%3A/GitHub/CoP-HW-SW_2024-2025/Lab0/Vitis/app_matrix_mult/_ide/launch.json"} 
2025-05-07 22:08:24 [info] : [Debug Manager] Launch session has terminated on the configuration 'app_matrix_mult_app_hw_1 [app_matrix_mult]' 
2025-05-07 22:08:24 [info] : [Debug Manager] Enabling breakpoints after running the application using 'app_matrix_mult_app_hw_1 [app_matrix_mult]'. 
2025-05-07 22:08:25 [info] : [Debug Manager] Disabling breakpoints in the tool to enable run mode for 'app_matrix_mult_app_hw_1 [app_matrix_mult]'. 
2025-05-07 22:08:25 [info] : [Debug Manager] Launch session has started on the configuration 'app_matrix_mult_app_hw_1 [app_matrix_mult]' 
2025-05-07 22:08:42 [info] : [Debug Manager] Launch session has terminated on the configuration 'app_matrix_mult_app_hw_1 [app_matrix_mult]' 
2025-05-07 22:08:42 [info] : [Debug Manager] Enabling breakpoints after running the application using 'app_matrix_mult_app_hw_1 [app_matrix_mult]'. 
2025-05-07 22:08:42 [info] : [Debug Manager] Disabling breakpoints in the tool to enable run mode for 'app_matrix_mult_app_hw_1 [app_matrix_mult]'. 
2025-05-07 22:08:43 [info] : [Debug Manager] Launch session has started on the configuration 'app_matrix_mult_app_hw_1 [app_matrix_mult]' 
2025-05-07 22:08:48 [info] : [Debug Manager] Launch session has terminated on the configuration 'app_matrix_mult_app_hw_1 [app_matrix_mult]' 
2025-05-07 22:08:48 [info] : [Debug Manager] Enabling breakpoints after running the application using 'app_matrix_mult_app_hw_1 [app_matrix_mult]'. 
2025-05-07 22:08:48 [info] : [Debug Manager] Disabling breakpoints in the tool to enable run mode for 'app_matrix_mult_app_hw_1 [app_matrix_mult]'. 
2025-05-07 22:08:48 [info] : [Debug Manager] Launch session has started on the configuration 'app_matrix_mult_app_hw_1 [app_matrix_mult]' 
2025-05-07 22:08:58 [info] : [Debug Manager] Launch session has terminated on the configuration 'app_matrix_mult_app_hw_1 [app_matrix_mult]' 
2025-05-07 22:08:58 [info] : [Debug Manager] Enabling breakpoints after running the application using 'app_matrix_mult_app_hw_1 [app_matrix_mult]'. 
2025-05-07 22:09:09 [info] : [Debug Manager] Successfully verified the target connection used  Local 
2025-05-07 22:09:09 [info] : [Debug Manager] Starting launch in 'debug' mode using configuration: {"type":"tcf-debug","request":"launch","name":"app_matrix_mult_app_hw_1","debugType":"baremetal-zynq","attachToRunningTargetOptions":{"targetSetupMode":"standalone","executeScript":true,"scriptPath":""},"autoAttachProcessChildren":false,"target":{"targetConnectionId":"Local","peersIniPath":"../../_ide/.peers.ini","context":"zynq"},"pathMap":[],"targetSetup":{"resetSystem":true,"programDevice":true,"resetAPU":false,"bitstreamFile":"${workspaceFolder}\\app_matrix_mult\\_ide\\bitstream\\matrix_mult_zybo_wrapper.bit","zynqInitialization":{"isFsbl":false,"usingFSBL":{"initWithFSBL":true,"fsblFile":"${workspaceFolder}\\platform_matrix_mult\\export\\platform_matrix_mult\\sw\\boot\\fsbl.elf","fsblExitSymbol":"FsblHandoffJtagExit"},"usingPs7Init":{"runPs7Init":true,"runPs7PostInit":true,"ps7InitTclFile":"C:\\GitHub\\CoP-HW-SW_2024-2025\\Lab0\\Vitis\\app_matrix_mult\\_ide\\psinit\\ps7_init.tcl"}},"downloadElf":[{"core":"ps7_cortexa9_0","resetProcessor":true,"elfFile":"${workspaceFolder}\\app_matrix_mult\\build\\app_matrix_mult.elf","stopAtEntry":false}],"crossTriggerBreakpoints":{"isSelected":false,"breakpoints":[]}},"internalConsoleOptions":"openOnSessionStart","__configUri":"file:///c%3A/GitHub/CoP-HW-SW_2024-2025/Lab0/Vitis/app_matrix_mult/_ide/launch.json"} 
2025-05-07 22:09:09 [info] : [Debug Manager] Added breakpoint:main 
2025-05-07 22:09:09 [info] : [Debug Manager] Added breakpoint:_exit 
2025-05-07 22:09:10 [info] : [Debug Manager] Launch session has started on the configuration 'app_matrix_mult_app_hw_1 [app_matrix_mult]' 
2025-05-07 22:11:13 [info] : [Debug Manager] Removed breakpoint: main 
2025-05-07 22:11:13 [info] : [Debug Manager] Removed breakpoint: _exit 
2025-05-07 22:11:13 [info] : [Debug Manager] Launch session has terminated on the configuration 'app_matrix_mult_app_hw_1 [app_matrix_mult]' 
2025-05-07 22:11:46 [error] : [Config Editor] Error: 3 INVALID_ARGUMENT: Could not find platform at  
2025-05-07 22:48:57 [info] : [Platform Server] Generate platform output stream finished - platform_matrix_mult. 
2025-05-07 22:48:58 [info] : [Build Server] Build output stream finished - app_matrix_mult::. 
2025-05-07 22:49:10 [info] : [Debug Manager] Successfully verified the target connection used  Local 
2025-05-07 22:49:10 [info] : [Debug Manager] Starting launch in 'run' mode using configuration: {"type":"tcf-debug","request":"launch","name":"app_matrix_mult_app_hw_1","debugType":"baremetal-zynq","attachToRunningTargetOptions":{"targetSetupMode":"standalone","executeScript":true,"scriptPath":""},"autoAttachProcessChildren":false,"target":{"targetConnectionId":"Local","peersIniPath":"../../_ide/.peers.ini","context":"zynq"},"pathMap":[],"targetSetup":{"resetSystem":true,"programDevice":true,"resetAPU":false,"bitstreamFile":"${workspaceFolder}\\app_matrix_mult\\_ide\\bitstream\\matrix_mult_zybo_wrapper.bit","zynqInitialization":{"isFsbl":false,"usingFSBL":{"initWithFSBL":true,"fsblFile":"${workspaceFolder}\\platform_matrix_mult\\export\\platform_matrix_mult\\sw\\boot\\fsbl.elf","fsblExitSymbol":"FsblHandoffJtagExit"},"usingPs7Init":{"runPs7Init":true,"runPs7PostInit":true,"ps7InitTclFile":"C:\\GitHub\\CoP-HW-SW_2024-2025\\Lab0\\Vitis\\app_matrix_mult\\_ide\\psinit\\ps7_init.tcl"}},"downloadElf":[{"core":"ps7_cortexa9_0","resetProcessor":true,"elfFile":"${workspaceFolder}\\app_matrix_mult\\build\\app_matrix_mult.elf","stopAtEntry":false}],"crossTriggerBreakpoints":{"isSelected":false,"breakpoints":[]}},"internalConsoleOptions":"openOnSessionStart","__configUri":"file:///c%3A/GitHub/CoP-HW-SW_2024-2025/Lab0/Vitis/app_matrix_mult/_ide/launch.json"} 
2025-05-07 22:49:11 [info] : [Debug Manager] Disabling breakpoints in the tool to enable run mode for 'app_matrix_mult_app_hw_1 [app_matrix_mult]'. 
2025-05-07 22:49:11 [info] : [Debug Manager] Launch session has started on the configuration 'app_matrix_mult_app_hw_1 [app_matrix_mult]' 
2025-05-07 22:51:52 [info] : [Platform Server] Generate platform output stream finished - platform_matrix_mult. 
2025-05-07 22:51:53 [info] : [Build Server] Build output stream finished - app_matrix_mult::. 
2025-05-07 22:52:29 [info] : [Debug Manager] Successfully verified the target connection used  Local 
2025-05-07 22:52:29 [info] : [Debug Manager] Starting launch in 'run' mode using configuration: {"type":"tcf-debug","request":"launch","name":"app_matrix_mult_app_hw_1","debugType":"baremetal-zynq","attachToRunningTargetOptions":{"targetSetupMode":"standalone","executeScript":true,"scriptPath":""},"autoAttachProcessChildren":false,"target":{"targetConnectionId":"Local","peersIniPath":"../../_ide/.peers.ini","context":"zynq"},"pathMap":[],"targetSetup":{"resetSystem":true,"programDevice":true,"resetAPU":false,"bitstreamFile":"${workspaceFolder}\\app_matrix_mult\\_ide\\bitstream\\matrix_mult_zybo_wrapper.bit","zynqInitialization":{"isFsbl":false,"usingFSBL":{"initWithFSBL":true,"fsblFile":"${workspaceFolder}\\platform_matrix_mult\\export\\platform_matrix_mult\\sw\\boot\\fsbl.elf","fsblExitSymbol":"FsblHandoffJtagExit"},"usingPs7Init":{"runPs7Init":true,"runPs7PostInit":true,"ps7InitTclFile":"C:\\GitHub\\CoP-HW-SW_2024-2025\\Lab0\\Vitis\\app_matrix_mult\\_ide\\psinit\\ps7_init.tcl"}},"downloadElf":[{"core":"ps7_cortexa9_0","resetProcessor":true,"elfFile":"${workspaceFolder}\\app_matrix_mult\\build\\app_matrix_mult.elf","stopAtEntry":false}],"crossTriggerBreakpoints":{"isSelected":false,"breakpoints":[]}},"internalConsoleOptions":"openOnSessionStart","__configUri":"file:///c%3A/GitHub/CoP-HW-SW_2024-2025/Lab0/Vitis/app_matrix_mult/_ide/launch.json"} 
2025-05-07 22:54:09 [info] : [Platform Server] Generate platform output stream finished - platform_matrix_mult. 
2025-05-07 22:54:10 [info] : [Build Server] Build output stream finished - app_matrix_mult::. 
2025-05-07 22:54:24 [info] : [Debug Manager] Successfully verified the target connection used  Local 
2025-05-07 22:54:24 [info] : [Debug Manager] Starting launch in 'run' mode using configuration: {"type":"tcf-debug","request":"launch","name":"app_matrix_mult_app_hw_1","debugType":"baremetal-zynq","attachToRunningTargetOptions":{"targetSetupMode":"standalone","executeScript":true,"scriptPath":""},"autoAttachProcessChildren":false,"target":{"targetConnectionId":"Local","peersIniPath":"../../_ide/.peers.ini","context":"zynq"},"pathMap":[],"targetSetup":{"resetSystem":true,"programDevice":true,"resetAPU":false,"bitstreamFile":"${workspaceFolder}\\app_matrix_mult\\_ide\\bitstream\\matrix_mult_zybo_wrapper.bit","zynqInitialization":{"isFsbl":false,"usingFSBL":{"initWithFSBL":true,"fsblFile":"${workspaceFolder}\\platform_matrix_mult\\export\\platform_matrix_mult\\sw\\boot\\fsbl.elf","fsblExitSymbol":"FsblHandoffJtagExit"},"usingPs7Init":{"runPs7Init":true,"runPs7PostInit":true,"ps7InitTclFile":"C:\\GitHub\\CoP-HW-SW_2024-2025\\Lab0\\Vitis\\app_matrix_mult\\_ide\\psinit\\ps7_init.tcl"}},"downloadElf":[{"core":"ps7_cortexa9_0","resetProcessor":true,"elfFile":"${workspaceFolder}\\app_matrix_mult\\build\\app_matrix_mult.elf","stopAtEntry":false}],"crossTriggerBreakpoints":{"isSelected":false,"breakpoints":[]}},"internalConsoleOptions":"openOnSessionStart","__configUri":"file:///c%3A/GitHub/CoP-HW-SW_2024-2025/Lab0/Vitis/app_matrix_mult/_ide/launch.json"} 
2025-05-07 22:54:29 [info] : [Debug Manager] Launch session has terminated on the configuration 'app_matrix_mult_app_hw_1 [app_matrix_mult]' 
2025-05-07 22:54:29 [info] : [Debug Manager] Enabling breakpoints after running the application using 'app_matrix_mult_app_hw_1 [app_matrix_mult]'. 
2025-05-07 22:54:39 [info] : [Debug Manager] Successfully verified the target connection used  Local 
2025-05-07 22:54:39 [info] : [Debug Manager] Starting launch in 'run' mode using configuration: {"type":"tcf-debug","request":"launch","name":"app_matrix_mult_app_hw_1","debugType":"baremetal-zynq","attachToRunningTargetOptions":{"targetSetupMode":"standalone","executeScript":true,"scriptPath":""},"autoAttachProcessChildren":false,"target":{"targetConnectionId":"Local","peersIniPath":"../../_ide/.peers.ini","context":"zynq"},"pathMap":[],"targetSetup":{"resetSystem":true,"programDevice":true,"resetAPU":false,"bitstreamFile":"${workspaceFolder}\\app_matrix_mult\\_ide\\bitstream\\matrix_mult_zybo_wrapper.bit","zynqInitialization":{"isFsbl":false,"usingFSBL":{"initWithFSBL":true,"fsblFile":"${workspaceFolder}\\platform_matrix_mult\\export\\platform_matrix_mult\\sw\\boot\\fsbl.elf","fsblExitSymbol":"FsblHandoffJtagExit"},"usingPs7Init":{"runPs7Init":true,"runPs7PostInit":true,"ps7InitTclFile":"C:\\GitHub\\CoP-HW-SW_2024-2025\\Lab0\\Vitis\\app_matrix_mult\\_ide\\psinit\\ps7_init.tcl"}},"downloadElf":[{"core":"ps7_cortexa9_0","resetProcessor":true,"elfFile":"${workspaceFolder}\\app_matrix_mult\\build\\app_matrix_mult.elf","stopAtEntry":false}],"crossTriggerBreakpoints":{"isSelected":false,"breakpoints":[]}},"internalConsoleOptions":"openOnSessionStart","__configUri":"file:///c%3A/GitHub/CoP-HW-SW_2024-2025/Lab0/Vitis/app_matrix_mult/_ide/launch.json"} 
2025-05-07 22:54:39 [info] : [Debug Manager] Disabling breakpoints in the tool to enable run mode for 'app_matrix_mult_app_hw_1 [app_matrix_mult]'. 
2025-05-07 22:54:39 [info] : [Debug Manager] Launch session has started on the configuration 'app_matrix_mult_app_hw_1 [app_matrix_mult]' 
2025-05-07 22:56:49 [info] : [Platform Server] Generate platform output stream finished - platform_matrix_mult. 
2025-05-07 22:56:50 [info] : [Build Server] Build output stream finished - app_matrix_mult::. 
2025-05-07 22:57:41 [info] : [Debug Manager] Successfully verified the target connection used  Local 
2025-05-07 22:57:41 [info] : [Debug Manager] Starting launch in 'run' mode using configuration: {"type":"tcf-debug","request":"launch","name":"app_matrix_mult_app_hw_1","debugType":"baremetal-zynq","attachToRunningTargetOptions":{"targetSetupMode":"standalone","executeScript":true,"scriptPath":""},"autoAttachProcessChildren":false,"target":{"targetConnectionId":"Local","peersIniPath":"../../_ide/.peers.ini","context":"zynq"},"pathMap":[],"targetSetup":{"resetSystem":true,"programDevice":true,"resetAPU":false,"bitstreamFile":"${workspaceFolder}\\app_matrix_mult\\_ide\\bitstream\\matrix_mult_zybo_wrapper.bit","zynqInitialization":{"isFsbl":false,"usingFSBL":{"initWithFSBL":true,"fsblFile":"${workspaceFolder}\\platform_matrix_mult\\export\\platform_matrix_mult\\sw\\boot\\fsbl.elf","fsblExitSymbol":"FsblHandoffJtagExit"},"usingPs7Init":{"runPs7Init":true,"runPs7PostInit":true,"ps7InitTclFile":"C:\\GitHub\\CoP-HW-SW_2024-2025\\Lab0\\Vitis\\app_matrix_mult\\_ide\\psinit\\ps7_init.tcl"}},"downloadElf":[{"core":"ps7_cortexa9_0","resetProcessor":true,"elfFile":"${workspaceFolder}\\app_matrix_mult\\build\\app_matrix_mult.elf","stopAtEntry":false}],"crossTriggerBreakpoints":{"isSelected":false,"breakpoints":[]}},"internalConsoleOptions":"openOnSessionStart","__configUri":"file:///c%3A/GitHub/CoP-HW-SW_2024-2025/Lab0/Vitis/app_matrix_mult/_ide/launch.json"} 
2025-05-07 23:04:22 [info] : [Platform Server] Generate platform output stream finished - platform_matrix_mult. 
2025-05-07 23:04:23 [info] : [Build Server] Build output stream finished - app_matrix_mult::. 
2025-05-07 23:04:31 [info] : [Debug Manager] Successfully verified the target connection used  Local 
2025-05-07 23:04:31 [info] : [Debug Manager] Starting launch in 'run' mode using configuration: {"type":"tcf-debug","request":"launch","name":"app_matrix_mult_app_hw_1","debugType":"baremetal-zynq","attachToRunningTargetOptions":{"targetSetupMode":"standalone","executeScript":true,"scriptPath":""},"autoAttachProcessChildren":false,"target":{"targetConnectionId":"Local","peersIniPath":"../../_ide/.peers.ini","context":"zynq"},"pathMap":[],"targetSetup":{"resetSystem":true,"programDevice":true,"resetAPU":false,"bitstreamFile":"${workspaceFolder}\\app_matrix_mult\\_ide\\bitstream\\matrix_mult_zybo_wrapper.bit","zynqInitialization":{"isFsbl":false,"usingFSBL":{"initWithFSBL":true,"fsblFile":"${workspaceFolder}\\platform_matrix_mult\\export\\platform_matrix_mult\\sw\\boot\\fsbl.elf","fsblExitSymbol":"FsblHandoffJtagExit"},"usingPs7Init":{"runPs7Init":true,"runPs7PostInit":true,"ps7InitTclFile":"C:\\GitHub\\CoP-HW-SW_2024-2025\\Lab0\\Vitis\\app_matrix_mult\\_ide\\psinit\\ps7_init.tcl"}},"downloadElf":[{"core":"ps7_cortexa9_0","resetProcessor":true,"elfFile":"${workspaceFolder}\\app_matrix_mult\\build\\app_matrix_mult.elf","stopAtEntry":false}],"crossTriggerBreakpoints":{"isSelected":false,"breakpoints":[]}},"internalConsoleOptions":"openOnSessionStart","__configUri":"file:///c%3A/GitHub/CoP-HW-SW_2024-2025/Lab0/Vitis/app_matrix_mult/_ide/launch.json"} 
2025-05-07 23:04:45 [info] : [Debug Manager] Launch session has terminated on the configuration 'app_matrix_mult_app_hw_1 [app_matrix_mult]' 
2025-05-07 23:04:45 [info] : [Debug Manager] Enabling breakpoints after running the application using 'app_matrix_mult_app_hw_1 [app_matrix_mult]'. 
2025-05-07 23:04:48 [info] : [Platform Server] Generate platform output stream finished - platform_matrix_mult. 
2025-05-07 23:04:49 [info] : [Build Server] Build output stream finished - app_matrix_mult::. 
2025-05-07 23:04:58 [info] : [Debug Manager] Successfully verified the target connection used  Local 
2025-05-07 23:04:58 [info] : [Debug Manager] Starting launch in 'run' mode using configuration: {"type":"tcf-debug","request":"launch","name":"app_matrix_mult_app_hw_1","debugType":"baremetal-zynq","attachToRunningTargetOptions":{"targetSetupMode":"standalone","executeScript":true,"scriptPath":""},"autoAttachProcessChildren":false,"target":{"targetConnectionId":"Local","peersIniPath":"../../_ide/.peers.ini","context":"zynq"},"pathMap":[],"targetSetup":{"resetSystem":true,"programDevice":true,"resetAPU":false,"bitstreamFile":"${workspaceFolder}\\app_matrix_mult\\_ide\\bitstream\\matrix_mult_zybo_wrapper.bit","zynqInitialization":{"isFsbl":false,"usingFSBL":{"initWithFSBL":true,"fsblFile":"${workspaceFolder}\\platform_matrix_mult\\export\\platform_matrix_mult\\sw\\boot\\fsbl.elf","fsblExitSymbol":"FsblHandoffJtagExit"},"usingPs7Init":{"runPs7Init":true,"runPs7PostInit":true,"ps7InitTclFile":"C:\\GitHub\\CoP-HW-SW_2024-2025\\Lab0\\Vitis\\app_matrix_mult\\_ide\\psinit\\ps7_init.tcl"}},"downloadElf":[{"core":"ps7_cortexa9_0","resetProcessor":true,"elfFile":"${workspaceFolder}\\app_matrix_mult\\build\\app_matrix_mult.elf","stopAtEntry":false}],"crossTriggerBreakpoints":{"isSelected":false,"breakpoints":[]}},"internalConsoleOptions":"openOnSessionStart","__configUri":"file:///c%3A/GitHub/CoP-HW-SW_2024-2025/Lab0/Vitis/app_matrix_mult/_ide/launch.json"} 
2025-05-07 23:04:58 [info] : [Debug Manager] Disabling breakpoints in the tool to enable run mode for 'app_matrix_mult_app_hw_1 [app_matrix_mult]'. 
2025-05-07 23:04:59 [info] : [Debug Manager] Launch session has started on the configuration 'app_matrix_mult_app_hw_1 [app_matrix_mult]' 
2025-05-07 23:05:18 [info] : [Platform Server] Generate platform output stream finished - platform_matrix_mult. 
2025-05-07 23:05:19 [info] : [Build Server] Build output stream finished - app_matrix_mult::. 
2025-05-07 23:07:17 [info] : [Platform Server] Generate platform output stream finished - platform_matrix_mult. 
2025-05-07 23:07:18 [info] : [Build Server] Build output stream finished - app_matrix_mult::. 
2025-05-07 23:07:26 [info] : [Debug Manager] Successfully verified the target connection used  Local 
2025-05-07 23:07:26 [info] : [Debug Manager] Starting launch in 'run' mode using configuration: {"type":"tcf-debug","request":"launch","name":"app_matrix_mult_app_hw_1","debugType":"baremetal-zynq","attachToRunningTargetOptions":{"targetSetupMode":"standalone","executeScript":true,"scriptPath":""},"autoAttachProcessChildren":false,"target":{"targetConnectionId":"Local","peersIniPath":"../../_ide/.peers.ini","context":"zynq"},"pathMap":[],"targetSetup":{"resetSystem":true,"programDevice":true,"resetAPU":false,"bitstreamFile":"${workspaceFolder}\\app_matrix_mult\\_ide\\bitstream\\matrix_mult_zybo_wrapper.bit","zynqInitialization":{"isFsbl":false,"usingFSBL":{"initWithFSBL":true,"fsblFile":"${workspaceFolder}\\platform_matrix_mult\\export\\platform_matrix_mult\\sw\\boot\\fsbl.elf","fsblExitSymbol":"FsblHandoffJtagExit"},"usingPs7Init":{"runPs7Init":true,"runPs7PostInit":true,"ps7InitTclFile":"C:\\GitHub\\CoP-HW-SW_2024-2025\\Lab0\\Vitis\\app_matrix_mult\\_ide\\psinit\\ps7_init.tcl"}},"downloadElf":[{"core":"ps7_cortexa9_0","resetProcessor":true,"elfFile":"${workspaceFolder}\\app_matrix_mult\\build\\app_matrix_mult.elf","stopAtEntry":false}],"crossTriggerBreakpoints":{"isSelected":false,"breakpoints":[]}},"internalConsoleOptions":"openOnSessionStart","__configUri":"file:///c%3A/GitHub/CoP-HW-SW_2024-2025/Lab0/Vitis/app_matrix_mult/_ide/launch.json"} 
2025-05-07 23:08:35 [info] : [Platform Server] Generate platform output stream finished - platform_matrix_mult. 
2025-05-07 23:08:35 [info] : [Build Server] Build output stream finished - app_matrix_mult::. 
2025-05-07 23:08:39 [info] : [Debug Manager] Launch session has terminated on the configuration 'app_matrix_mult_app_hw_1 [app_matrix_mult]' 
2025-05-07 23:08:39 [info] : [Debug Manager] Enabling breakpoints after running the application using 'app_matrix_mult_app_hw_1 [app_matrix_mult]'. 
2025-05-07 23:08:52 [info] : [Debug Manager] Successfully verified the target connection used  Local 
2025-05-07 23:08:52 [info] : [Debug Manager] Starting launch in 'run' mode using configuration: {"type":"tcf-debug","request":"launch","name":"app_matrix_mult_app_hw_1","debugType":"baremetal-zynq","attachToRunningTargetOptions":{"targetSetupMode":"standalone","executeScript":true,"scriptPath":""},"autoAttachProcessChildren":false,"target":{"targetConnectionId":"Local","peersIniPath":"../../_ide/.peers.ini","context":"zynq"},"pathMap":[],"targetSetup":{"resetSystem":true,"programDevice":true,"resetAPU":false,"bitstreamFile":"${workspaceFolder}\\app_matrix_mult\\_ide\\bitstream\\matrix_mult_zybo_wrapper.bit","zynqInitialization":{"isFsbl":false,"usingFSBL":{"initWithFSBL":true,"fsblFile":"${workspaceFolder}\\platform_matrix_mult\\export\\platform_matrix_mult\\sw\\boot\\fsbl.elf","fsblExitSymbol":"FsblHandoffJtagExit"},"usingPs7Init":{"runPs7Init":true,"runPs7PostInit":true,"ps7InitTclFile":"C:\\GitHub\\CoP-HW-SW_2024-2025\\Lab0\\Vitis\\app_matrix_mult\\_ide\\psinit\\ps7_init.tcl"}},"downloadElf":[{"core":"ps7_cortexa9_0","resetProcessor":true,"elfFile":"${workspaceFolder}\\app_matrix_mult\\build\\app_matrix_mult.elf","stopAtEntry":false}],"crossTriggerBreakpoints":{"isSelected":false,"breakpoints":[]}},"internalConsoleOptions":"openOnSessionStart","__configUri":"file:///c%3A/GitHub/CoP-HW-SW_2024-2025/Lab0/Vitis/app_matrix_mult/_ide/launch.json"} 
2025-05-07 23:08:53 [info] : [Debug Manager] Disabling breakpoints in the tool to enable run mode for 'app_matrix_mult_app_hw_1 [app_matrix_mult]'. 
2025-05-07 23:08:53 [info] : [Debug Manager] Launch session has started on the configuration 'app_matrix_mult_app_hw_1 [app_matrix_mult]' 
2025-05-07 23:20:26 [info] : [Debug Manager] Launch session has terminated on the configuration 'app_matrix_mult_app_hw_1 [app_matrix_mult]' 
2025-05-07 23:20:26 [info] : [Debug Manager] Enabling breakpoints after running the application using 'app_matrix_mult_app_hw_1 [app_matrix_mult]'. 
