
*** Running vivado
    with args -log design_1_axil_macc_0_0.vds -m64 -product Vivado -mode batch -messageDb vivado.pb -notrace -source design_1_axil_macc_0_0.tcl



****** Vivado v2024.1 (64-bit)
  **** SW Build 5076996 on Wed May 22 18:37:14 MDT 2024
  **** IP Build 5075265 on Wed May 22 21:45:21 MDT 2024
  **** SharedData Build 5076995 on Wed May 22 18:29:18 MDT 2024
  **** Start of session at: Thu May  1 20:52:14 2025
    ** Copyright 1986-2022 Xilinx, Inc. All Rights Reserved.
    ** Copyright 2022-2024 Advanced Micro Devices, Inc. All Rights Reserved.

source design_1_axil_macc_0_0.tcl -notrace
create_project: Time (s): cpu = 00:00:13 ; elapsed = 00:00:18 . Memory (MB): peak = 612.922 ; gain = 200.898
INFO: [IP_Flow 19-234] Refreshing IP repositories
INFO: [IP_Flow 19-1700] Loaded user IP repository 'c:/Users/joaoc/Documents/GitHub/CoP-HW-SW_2024-2025/Lab0/Vitis'.
INFO: [IP_Flow 19-2313] Loaded Vivado IP repository 'C:/Xilinx/Vivado/2024.1/data/ip'.
INFO: [IP_Flow 19-6924] IPCACHE: Running cache check for IP inst: design_1_axil_macc_0_0
Command: synth_design -top design_1_axil_macc_0_0 -part xc7z010clg400-1 -incremental_mode off -mode out_of_context
Starting synth_design
Attempting to get a license for feature 'Synthesis' and/or device 'xc7z010'
INFO: [Common 17-349] Got license for feature 'Synthesis' and/or device 'xc7z010'
INFO: [Device 21-403] Loading part xc7z010clg400-1
INFO: [Device 21-9227] Part: xc7z010clg400-1 does not have CEAM library.
INFO: [Synth 8-7079] Multithreading enabled for synth_design using a maximum of 2 processes.
INFO: [Synth 8-7078] Launching helper process for spawning children vivado processes
INFO: [Synth 8-7075] Helper process launched with PID 4660
---------------------------------------------------------------------------------
Starting RTL Elaboration : Time (s): cpu = 00:00:14 ; elapsed = 00:00:17 . Memory (MB): peak = 1477.910 ; gain = 448.242
---------------------------------------------------------------------------------
INFO: [Synth 8-638] synthesizing module 'design_1_axil_macc_0_0' [c:/Users/joaoc/Documents/GitHub/CoP-HW-SW_2024-2025/Lab0/Vivado/Vivado.gen/sources_1/bd/design_1/ip/design_1_axil_macc_0_0/synth/design_1_axil_macc_0_0.vhd:81]
	Parameter C_S_AXI_BUS1_ADDR_WIDTH bound to: 6 - type: integer 
	Parameter C_S_AXI_BUS1_DATA_WIDTH bound to: 32 - type: integer 
INFO: [Synth 8-3491] module 'axil_macc' declared at 'c:/Users/joaoc/Documents/GitHub/CoP-HW-SW_2024-2025/Lab0/Vivado/Vivado.gen/sources_1/bd/design_1/ipshared/032e/hdl/vhdl/axil_macc.vhd:11' bound to instance 'U0' of component 'axil_macc' [c:/Users/joaoc/Documents/GitHub/CoP-HW-SW_2024-2025/Lab0/Vivado/Vivado.gen/sources_1/bd/design_1/ip/design_1_axil_macc_0_0/synth/design_1_axil_macc_0_0.vhd:154]
INFO: [Synth 8-638] synthesizing module 'axil_macc' [c:/Users/joaoc/Documents/GitHub/CoP-HW-SW_2024-2025/Lab0/Vivado/Vivado.gen/sources_1/bd/design_1/ipshared/032e/hdl/vhdl/axil_macc.vhd:39]
	Parameter C_S_AXI_ADDR_WIDTH bound to: 6 - type: integer 
	Parameter C_S_AXI_DATA_WIDTH bound to: 32 - type: integer 
INFO: [Synth 8-3491] module 'axil_macc_BUS1_s_axi' declared at 'c:/Users/joaoc/Documents/GitHub/CoP-HW-SW_2024-2025/Lab0/Vivado/Vivado.gen/sources_1/bd/design_1/ipshared/032e/hdl/vhdl/axil_macc_BUS1_s_axi.vhd:12' bound to instance 'BUS1_s_axi_U' of component 'axil_macc_BUS1_s_axi' [c:/Users/joaoc/Documents/GitHub/CoP-HW-SW_2024-2025/Lab0/Vivado/Vivado.gen/sources_1/bd/design_1/ipshared/032e/hdl/vhdl/axil_macc.vhd:150]
INFO: [Synth 8-638] synthesizing module 'axil_macc_BUS1_s_axi' [c:/Users/joaoc/Documents/GitHub/CoP-HW-SW_2024-2025/Lab0/Vivado/Vivado.gen/sources_1/bd/design_1/ipshared/032e/hdl/vhdl/axil_macc_BUS1_s_axi.vhd:88]
INFO: [Synth 8-256] done synthesizing module 'axil_macc_BUS1_s_axi' (0#1) [c:/Users/joaoc/Documents/GitHub/CoP-HW-SW_2024-2025/Lab0/Vivado/Vivado.gen/sources_1/bd/design_1/ipshared/032e/hdl/vhdl/axil_macc_BUS1_s_axi.vhd:88]
	Parameter ID bound to: 1 - type: integer 
	Parameter NUM_STAGE bound to: 2 - type: integer 
	Parameter din0_WIDTH bound to: 32 - type: integer 
	Parameter din1_WIDTH bound to: 32 - type: integer 
	Parameter dout_WIDTH bound to: 32 - type: integer 
INFO: [Synth 8-3491] module 'axil_macc_mul_32s_32s_32_2_1' declared at 'c:/Users/joaoc/Documents/GitHub/CoP-HW-SW_2024-2025/Lab0/Vivado/Vivado.gen/sources_1/bd/design_1/ipshared/032e/hdl/vhdl/axil_macc_mul_32s_32s_32_2_1.vhd:7' bound to instance 'mul_32s_32s_32_2_1_U1' of component 'axil_macc_mul_32s_32s_32_2_1' [c:/Users/joaoc/Documents/GitHub/CoP-HW-SW_2024-2025/Lab0/Vivado/Vivado.gen/sources_1/bd/design_1/ipshared/032e/hdl/vhdl/axil_macc.vhd:186]
INFO: [Synth 8-638] synthesizing module 'axil_macc_mul_32s_32s_32_2_1' [c:/Users/joaoc/Documents/GitHub/CoP-HW-SW_2024-2025/Lab0/Vivado/Vivado.gen/sources_1/bd/design_1/ipshared/032e/hdl/vhdl/axil_macc_mul_32s_32s_32_2_1.vhd:27]
INFO: [Synth 8-256] done synthesizing module 'axil_macc_mul_32s_32s_32_2_1' (0#1) [c:/Users/joaoc/Documents/GitHub/CoP-HW-SW_2024-2025/Lab0/Vivado/Vivado.gen/sources_1/bd/design_1/ipshared/032e/hdl/vhdl/axil_macc_mul_32s_32s_32_2_1.vhd:27]
INFO: [Synth 8-256] done synthesizing module 'axil_macc' (0#1) [c:/Users/joaoc/Documents/GitHub/CoP-HW-SW_2024-2025/Lab0/Vivado/Vivado.gen/sources_1/bd/design_1/ipshared/032e/hdl/vhdl/axil_macc.vhd:39]
INFO: [Synth 8-256] done synthesizing module 'design_1_axil_macc_0_0' (0#1) [c:/Users/joaoc/Documents/GitHub/CoP-HW-SW_2024-2025/Lab0/Vivado/Vivado.gen/sources_1/bd/design_1/ip/design_1_axil_macc_0_0/synth/design_1_axil_macc_0_0.vhd:81]
WARNING: [Synth 8-6014] Unused sequential element int_ap_done_reg was removed.  [c:/Users/joaoc/Documents/GitHub/CoP-HW-SW_2024-2025/Lab0/Vivado/Vivado.gen/sources_1/bd/design_1/ipshared/032e/hdl/vhdl/axil_macc_BUS1_s_axi.vhd:328]
WARNING: [Synth 8-7129] Port reset in module axil_macc_mul_32s_32s_32_2_1 is either unconnected or has no load
WARNING: [Synth 8-7129] Port AWADDR[1] in module axil_macc_BUS1_s_axi is either unconnected or has no load
WARNING: [Synth 8-7129] Port AWADDR[0] in module axil_macc_BUS1_s_axi is either unconnected or has no load
---------------------------------------------------------------------------------
Finished RTL Elaboration : Time (s): cpu = 00:00:18 ; elapsed = 00:00:22 . Memory (MB): peak = 1593.562 ; gain = 563.895
---------------------------------------------------------------------------------
---------------------------------------------------------------------------------
Start Handling Custom Attributes
---------------------------------------------------------------------------------
---------------------------------------------------------------------------------
Finished Handling Custom Attributes : Time (s): cpu = 00:00:18 ; elapsed = 00:00:22 . Memory (MB): peak = 1593.562 ; gain = 563.895
---------------------------------------------------------------------------------
---------------------------------------------------------------------------------
Finished RTL Optimization Phase 1 : Time (s): cpu = 00:00:18 ; elapsed = 00:00:22 . Memory (MB): peak = 1593.562 ; gain = 563.895
---------------------------------------------------------------------------------
Netlist sorting complete. Time (s): cpu = 00:00:01 ; elapsed = 00:00:00.013 . Memory (MB): peak = 1593.562 ; gain = 0.000
INFO: [Project 1-570] Preparing netlist for logic optimization

Processing XDC Constraints
Initializing timing engine
Parsing XDC File [c:/Users/joaoc/Documents/GitHub/CoP-HW-SW_2024-2025/Lab0/Vivado/Vivado.gen/sources_1/bd/design_1/ip/design_1_axil_macc_0_0/constraints/axil_macc_ooc.xdc] for cell 'U0'
Finished Parsing XDC File [c:/Users/joaoc/Documents/GitHub/CoP-HW-SW_2024-2025/Lab0/Vivado/Vivado.gen/sources_1/bd/design_1/ip/design_1_axil_macc_0_0/constraints/axil_macc_ooc.xdc] for cell 'U0'
Parsing XDC File [C:/Users/joaoc/Documents/GitHub/CoP-HW-SW_2024-2025/Lab0/Vivado/Vivado.runs/design_1_axil_macc_0_0_synth_1/dont_touch.xdc]
Finished Parsing XDC File [C:/Users/joaoc/Documents/GitHub/CoP-HW-SW_2024-2025/Lab0/Vivado/Vivado.runs/design_1_axil_macc_0_0_synth_1/dont_touch.xdc]
Completed Processing XDC Constraints

Netlist sorting complete. Time (s): cpu = 00:00:00 ; elapsed = 00:00:00 . Memory (MB): peak = 1662.582 ; gain = 0.000
INFO: [Project 1-111] Unisim Transformation Summary:
No Unisim elements were transformed.

Constraint Validation Runtime : Time (s): cpu = 00:00:00 ; elapsed = 00:00:00.103 . Memory (MB): peak = 1662.582 ; gain = 0.000
INFO: [Designutils 20-5008] Incremental synthesis strategy off
---------------------------------------------------------------------------------
Finished Constraint Validation : Time (s): cpu = 00:00:35 ; elapsed = 00:00:40 . Memory (MB): peak = 1662.582 ; gain = 632.914
---------------------------------------------------------------------------------
---------------------------------------------------------------------------------
Start Loading Part and Timing Information
---------------------------------------------------------------------------------
Loading part: xc7z010clg400-1
---------------------------------------------------------------------------------
Finished Loading Part and Timing Information : Time (s): cpu = 00:00:35 ; elapsed = 00:00:40 . Memory (MB): peak = 1662.582 ; gain = 632.914
---------------------------------------------------------------------------------
---------------------------------------------------------------------------------
Start Applying 'set_property' XDC Constraints
---------------------------------------------------------------------------------
Applied set_property KEEP_HIERARCHY = SOFT for U0. (constraint file  C:/Users/joaoc/Documents/GitHub/CoP-HW-SW_2024-2025/Lab0/Vivado/Vivado.runs/design_1_axil_macc_0_0_synth_1/dont_touch.xdc, line 9).
---------------------------------------------------------------------------------
Finished applying 'set_property' XDC Constraints : Time (s): cpu = 00:00:35 ; elapsed = 00:00:40 . Memory (MB): peak = 1662.582 ; gain = 632.914
---------------------------------------------------------------------------------
INFO: [Synth 8-802] inferred FSM for state register 'wstate_reg' in module 'axil_macc_BUS1_s_axi'
INFO: [Synth 8-802] inferred FSM for state register 'rstate_reg' in module 'axil_macc_BUS1_s_axi'
INFO: [Synth 8-4490] FSM extraction disabled for register 'ap_CS_fsm_reg' through user attribute
---------------------------------------------------------------------------------------------------
                   State |                     New Encoding |                Previous Encoding 
---------------------------------------------------------------------------------------------------
                  iSTATE |                             0001 |                              011
*
                  wridle |                             0010 |                              000
                  wrdata |                             0100 |                              001
                  wrresp |                             1000 |                              010
---------------------------------------------------------------------------------------------------
INFO: [Synth 8-3354] encoded FSM with state register 'wstate_reg' using encoding 'one-hot' in module 'axil_macc_BUS1_s_axi'
---------------------------------------------------------------------------------------------------
                   State |                     New Encoding |                Previous Encoding 
---------------------------------------------------------------------------------------------------
                  iSTATE |                              001 |                              110
*
                  rdidle |                              010 |                              100
                  rddata |                              100 |                              101
---------------------------------------------------------------------------------------------------
INFO: [Synth 8-3354] encoded FSM with state register 'rstate_reg' using encoding 'one-hot' in module 'axil_macc_BUS1_s_axi'
---------------------------------------------------------------------------------
Finished RTL Optimization Phase 2 : Time (s): cpu = 00:00:36 ; elapsed = 00:00:41 . Memory (MB): peak = 1662.582 ; gain = 632.914
---------------------------------------------------------------------------------
---------------------------------------------------------------------------------
Start RTL Component Statistics 
---------------------------------------------------------------------------------
Detailed RTL Component Info : 
+---Adders : 
	   2 Input   32 Bit       Adders := 1     
+---XORs : 
	   2 Input      1 Bit         XORs := 2     
+---Registers : 
	               32 Bit    Registers := 9     
	                6 Bit    Registers := 1     
	                4 Bit    Registers := 1     
	                2 Bit    Registers := 1     
	                1 Bit    Registers := 12    
+---Multipliers : 
	              32x32  Multipliers := 1     
+---Muxes : 
	   2 Input   32 Bit        Muxes := 1     
	   4 Input    4 Bit        Muxes := 1     
	   2 Input    4 Bit        Muxes := 3     
	   5 Input    4 Bit        Muxes := 1     
	   3 Input    3 Bit        Muxes := 1     
	   2 Input    3 Bit        Muxes := 2     
	   2 Input    2 Bit        Muxes := 1     
	   2 Input    1 Bit        Muxes := 4     
---------------------------------------------------------------------------------
Finished RTL Component Statistics 
---------------------------------------------------------------------------------
---------------------------------------------------------------------------------
Start Part Resource Summary
---------------------------------------------------------------------------------
Part Resources:
DSPs: 80 (col length:40)
BRAMs: 120 (col length: RAMB18 40 RAMB36 20)
---------------------------------------------------------------------------------
Finished Part Resource Summary
---------------------------------------------------------------------------------
---------------------------------------------------------------------------------
Start Cross Boundary and Area Optimization
---------------------------------------------------------------------------------
WARNING: [Synth 8-7080] Parallel synthesis criteria is not met
WARNING: [Synth 8-6014] Unused sequential element mul_32s_32s_32_2_1_U1/tmp_product was removed.  [c:/Users/joaoc/Documents/GitHub/CoP-HW-SW_2024-2025/Lab0/Vivado/Vivado.gen/sources_1/bd/design_1/ipshared/032e/hdl/vhdl/axil_macc_mul_32s_32s_32_2_1.vhd:62]
WARNING: [Synth 8-6014] Unused sequential element mul_32s_32s_32_2_1_U1/buff0_reg was removed.  [c:/Users/joaoc/Documents/GitHub/CoP-HW-SW_2024-2025/Lab0/Vivado/Vivado.gen/sources_1/bd/design_1/ipshared/032e/hdl/vhdl/axil_macc_mul_32s_32s_32_2_1.vhd:62]
DSP Report: Generating DSP mul_32s_32s_32_2_1_U1/tmp_product, operation Mode is: A2*B2.
DSP Report: register b_read_reg_106_reg is absorbed into DSP mul_32s_32s_32_2_1_U1/tmp_product.
DSP Report: register mul_32s_32s_32_2_1_U1/tmp_product is absorbed into DSP mul_32s_32s_32_2_1_U1/tmp_product.
DSP Report: operator mul_32s_32s_32_2_1_U1/tmp_product is absorbed into DSP mul_32s_32s_32_2_1_U1/tmp_product.
DSP Report: operator mul_32s_32s_32_2_1_U1/tmp_product is absorbed into DSP mul_32s_32s_32_2_1_U1/tmp_product.
DSP Report: Generating DSP mul_32s_32s_32_2_1_U1/buff0_reg, operation Mode is: (PCIN>>17)+A2*B2.
DSP Report: register a_read_reg_101_reg is absorbed into DSP mul_32s_32s_32_2_1_U1/buff0_reg.
DSP Report: register b_read_reg_106_reg is absorbed into DSP mul_32s_32s_32_2_1_U1/buff0_reg.
DSP Report: register mul_32s_32s_32_2_1_U1/buff0_reg is absorbed into DSP mul_32s_32s_32_2_1_U1/buff0_reg.
DSP Report: operator mul_32s_32s_32_2_1_U1/tmp_product is absorbed into DSP mul_32s_32s_32_2_1_U1/buff0_reg.
DSP Report: operator mul_32s_32s_32_2_1_U1/tmp_product is absorbed into DSP mul_32s_32s_32_2_1_U1/buff0_reg.
DSP Report: Generating DSP mul_32s_32s_32_2_1_U1/tmp_product, operation Mode is: A2*B2.
DSP Report: register mul_32s_32s_32_2_1_U1/tmp_product is absorbed into DSP mul_32s_32s_32_2_1_U1/tmp_product.
DSP Report: register mul_32s_32s_32_2_1_U1/tmp_product is absorbed into DSP mul_32s_32s_32_2_1_U1/tmp_product.
DSP Report: operator mul_32s_32s_32_2_1_U1/tmp_product is absorbed into DSP mul_32s_32s_32_2_1_U1/tmp_product.
DSP Report: operator mul_32s_32s_32_2_1_U1/tmp_product is absorbed into DSP mul_32s_32s_32_2_1_U1/tmp_product.
DSP Report: Generating DSP mul_32s_32s_32_2_1_U1/buff0_reg, operation Mode is: (PCIN>>17)+A2*B2.
DSP Report: register a_read_reg_101_reg is absorbed into DSP mul_32s_32s_32_2_1_U1/buff0_reg.
DSP Report: register mul_32s_32s_32_2_1_U1/buff0_reg is absorbed into DSP mul_32s_32s_32_2_1_U1/buff0_reg.
DSP Report: register mul_32s_32s_32_2_1_U1/buff0_reg is absorbed into DSP mul_32s_32s_32_2_1_U1/buff0_reg.
DSP Report: operator mul_32s_32s_32_2_1_U1/tmp_product is absorbed into DSP mul_32s_32s_32_2_1_U1/buff0_reg.
DSP Report: operator mul_32s_32s_32_2_1_U1/tmp_product is absorbed into DSP mul_32s_32s_32_2_1_U1/buff0_reg.
WARNING: [Synth 8-7129] Port s_axi_BUS1_AWADDR[1] in module axil_macc is either unconnected or has no load
WARNING: [Synth 8-7129] Port s_axi_BUS1_AWADDR[0] in module axil_macc is either unconnected or has no load
WARNING: [Synth 8-3332] Sequential element (BUS1_s_axi_U/FSM_onehot_wstate_reg[0]) is unused and will be removed from module axil_macc.
WARNING: [Synth 8-3332] Sequential element (BUS1_s_axi_U/FSM_onehot_rstate_reg[0]) is unused and will be removed from module axil_macc.
WARNING: [Synth 8-3332] Sequential element (mul_32s_32s_32_2_1_U1/tmp_product) is unused and will be removed from module axil_macc.
WARNING: [Synth 8-3332] Sequential element (mul_32s_32s_32_2_1_U1/buff0_reg[47]) is unused and will be removed from module axil_macc.
WARNING: [Synth 8-3332] Sequential element (mul_32s_32s_32_2_1_U1/buff0_reg[46]) is unused and will be removed from module axil_macc.
WARNING: [Synth 8-3332] Sequential element (mul_32s_32s_32_2_1_U1/buff0_reg[45]) is unused and will be removed from module axil_macc.
WARNING: [Synth 8-3332] Sequential element (mul_32s_32s_32_2_1_U1/buff0_reg[44]) is unused and will be removed from module axil_macc.
WARNING: [Synth 8-3332] Sequential element (mul_32s_32s_32_2_1_U1/buff0_reg[43]) is unused and will be removed from module axil_macc.
WARNING: [Synth 8-3332] Sequential element (mul_32s_32s_32_2_1_U1/buff0_reg[42]) is unused and will be removed from module axil_macc.
WARNING: [Synth 8-3332] Sequential element (mul_32s_32s_32_2_1_U1/buff0_reg[41]) is unused and will be removed from module axil_macc.
WARNING: [Synth 8-3332] Sequential element (mul_32s_32s_32_2_1_U1/buff0_reg[40]) is unused and will be removed from module axil_macc.
WARNING: [Synth 8-3332] Sequential element (mul_32s_32s_32_2_1_U1/buff0_reg[39]) is unused and will be removed from module axil_macc.
WARNING: [Synth 8-3332] Sequential element (mul_32s_32s_32_2_1_U1/buff0_reg[38]) is unused and will be removed from module axil_macc.
WARNING: [Synth 8-3332] Sequential element (mul_32s_32s_32_2_1_U1/buff0_reg[37]) is unused and will be removed from module axil_macc.
WARNING: [Synth 8-3332] Sequential element (mul_32s_32s_32_2_1_U1/buff0_reg[36]) is unused and will be removed from module axil_macc.
WARNING: [Synth 8-3332] Sequential element (mul_32s_32s_32_2_1_U1/buff0_reg[35]) is unused and will be removed from module axil_macc.
WARNING: [Synth 8-3332] Sequential element (mul_32s_32s_32_2_1_U1/buff0_reg[34]) is unused and will be removed from module axil_macc.
WARNING: [Synth 8-3332] Sequential element (mul_32s_32s_32_2_1_U1/buff0_reg[33]) is unused and will be removed from module axil_macc.
WARNING: [Synth 8-3332] Sequential element (mul_32s_32s_32_2_1_U1/buff0_reg[32]) is unused and will be removed from module axil_macc.
WARNING: [Synth 8-3332] Sequential element (mul_32s_32s_32_2_1_U1/buff0_reg[31]) is unused and will be removed from module axil_macc.
WARNING: [Synth 8-3332] Sequential element (mul_32s_32s_32_2_1_U1/buff0_reg[30]) is unused and will be removed from module axil_macc.
WARNING: [Synth 8-3332] Sequential element (mul_32s_32s_32_2_1_U1/buff0_reg[29]) is unused and will be removed from module axil_macc.
WARNING: [Synth 8-3332] Sequential element (mul_32s_32s_32_2_1_U1/buff0_reg[28]) is unused and will be removed from module axil_macc.
WARNING: [Synth 8-3332] Sequential element (mul_32s_32s_32_2_1_U1/buff0_reg[27]) is unused and will be removed from module axil_macc.
WARNING: [Synth 8-3332] Sequential element (mul_32s_32s_32_2_1_U1/buff0_reg[26]) is unused and will be removed from module axil_macc.
WARNING: [Synth 8-3332] Sequential element (mul_32s_32s_32_2_1_U1/buff0_reg[25]) is unused and will be removed from module axil_macc.
WARNING: [Synth 8-3332] Sequential element (mul_32s_32s_32_2_1_U1/buff0_reg[24]) is unused and will be removed from module axil_macc.
WARNING: [Synth 8-3332] Sequential element (mul_32s_32s_32_2_1_U1/buff0_reg[23]) is unused and will be removed from module axil_macc.
WARNING: [Synth 8-3332] Sequential element (mul_32s_32s_32_2_1_U1/buff0_reg[22]) is unused and will be removed from module axil_macc.
WARNING: [Synth 8-3332] Sequential element (mul_32s_32s_32_2_1_U1/buff0_reg[21]) is unused and will be removed from module axil_macc.
WARNING: [Synth 8-3332] Sequential element (mul_32s_32s_32_2_1_U1/buff0_reg[20]) is unused and will be removed from module axil_macc.
WARNING: [Synth 8-3332] Sequential element (mul_32s_32s_32_2_1_U1/buff0_reg[19]) is unused and will be removed from module axil_macc.
WARNING: [Synth 8-3332] Sequential element (mul_32s_32s_32_2_1_U1/buff0_reg[18]) is unused and will be removed from module axil_macc.
WARNING: [Synth 8-3332] Sequential element (mul_32s_32s_32_2_1_U1/buff0_reg[17]) is unused and will be removed from module axil_macc.
WARNING: [Synth 8-3332] Sequential element (mul_32s_32s_32_2_1_U1/buff0_reg[16]) is unused and will be removed from module axil_macc.
WARNING: [Synth 8-3332] Sequential element (mul_32s_32s_32_2_1_U1/buff0_reg[15]) is unused and will be removed from module axil_macc.
WARNING: [Synth 8-3332] Sequential element (mul_32s_32s_32_2_1_U1/tmp_product__18) is unused and will be removed from module axil_macc.
WARNING: [Synth 8-3332] Sequential element (mul_32s_32s_32_2_1_U1/buff0_reg[47]__0) is unused and will be removed from module axil_macc.
WARNING: [Synth 8-3332] Sequential element (mul_32s_32s_32_2_1_U1/buff0_reg[46]__0) is unused and will be removed from module axil_macc.
WARNING: [Synth 8-3332] Sequential element (mul_32s_32s_32_2_1_U1/buff0_reg[45]__0) is unused and will be removed from module axil_macc.
WARNING: [Synth 8-3332] Sequential element (mul_32s_32s_32_2_1_U1/buff0_reg[44]__0) is unused and will be removed from module axil_macc.
WARNING: [Synth 8-3332] Sequential element (mul_32s_32s_32_2_1_U1/buff0_reg[43]__0) is unused and will be removed from module axil_macc.
WARNING: [Synth 8-3332] Sequential element (mul_32s_32s_32_2_1_U1/buff0_reg[42]__0) is unused and will be removed from module axil_macc.
WARNING: [Synth 8-3332] Sequential element (mul_32s_32s_32_2_1_U1/buff0_reg[41]__0) is unused and will be removed from module axil_macc.
WARNING: [Synth 8-3332] Sequential element (mul_32s_32s_32_2_1_U1/buff0_reg[40]__0) is unused and will be removed from module axil_macc.
WARNING: [Synth 8-3332] Sequential element (mul_32s_32s_32_2_1_U1/buff0_reg[39]__0) is unused and will be removed from module axil_macc.
WARNING: [Synth 8-3332] Sequential element (mul_32s_32s_32_2_1_U1/buff0_reg[38]__0) is unused and will be removed from module axil_macc.
WARNING: [Synth 8-3332] Sequential element (mul_32s_32s_32_2_1_U1/buff0_reg[37]__0) is unused and will be removed from module axil_macc.
WARNING: [Synth 8-3332] Sequential element (mul_32s_32s_32_2_1_U1/buff0_reg[36]__0) is unused and will be removed from module axil_macc.
WARNING: [Synth 8-3332] Sequential element (mul_32s_32s_32_2_1_U1/buff0_reg[35]__0) is unused and will be removed from module axil_macc.
WARNING: [Synth 8-3332] Sequential element (mul_32s_32s_32_2_1_U1/buff0_reg[34]__0) is unused and will be removed from module axil_macc.
WARNING: [Synth 8-3332] Sequential element (mul_32s_32s_32_2_1_U1/buff0_reg[33]__0) is unused and will be removed from module axil_macc.
WARNING: [Synth 8-3332] Sequential element (mul_32s_32s_32_2_1_U1/buff0_reg[32]__0) is unused and will be removed from module axil_macc.
WARNING: [Synth 8-3332] Sequential element (mul_32s_32s_32_2_1_U1/buff0_reg[31]__0) is unused and will be removed from module axil_macc.
WARNING: [Synth 8-3332] Sequential element (mul_32s_32s_32_2_1_U1/buff0_reg[30]__0) is unused and will be removed from module axil_macc.
WARNING: [Synth 8-3332] Sequential element (mul_32s_32s_32_2_1_U1/buff0_reg[29]__0) is unused and will be removed from module axil_macc.
WARNING: [Synth 8-3332] Sequential element (mul_32s_32s_32_2_1_U1/buff0_reg[28]__0) is unused and will be removed from module axil_macc.
WARNING: [Synth 8-3332] Sequential element (mul_32s_32s_32_2_1_U1/buff0_reg[27]__0) is unused and will be removed from module axil_macc.
WARNING: [Synth 8-3332] Sequential element (mul_32s_32s_32_2_1_U1/buff0_reg[26]__0) is unused and will be removed from module axil_macc.
WARNING: [Synth 8-3332] Sequential element (mul_32s_32s_32_2_1_U1/buff0_reg[25]__0) is unused and will be removed from module axil_macc.
WARNING: [Synth 8-3332] Sequential element (mul_32s_32s_32_2_1_U1/buff0_reg[24]__0) is unused and will be removed from module axil_macc.
WARNING: [Synth 8-3332] Sequential element (mul_32s_32s_32_2_1_U1/buff0_reg[23]__0) is unused and will be removed from module axil_macc.
WARNING: [Synth 8-3332] Sequential element (mul_32s_32s_32_2_1_U1/buff0_reg[22]__0) is unused and will be removed from module axil_macc.
WARNING: [Synth 8-3332] Sequential element (mul_32s_32s_32_2_1_U1/buff0_reg[21]__0) is unused and will be removed from module axil_macc.
WARNING: [Synth 8-3332] Sequential element (mul_32s_32s_32_2_1_U1/buff0_reg[20]__0) is unused and will be removed from module axil_macc.
WARNING: [Synth 8-3332] Sequential element (mul_32s_32s_32_2_1_U1/buff0_reg[19]__0) is unused and will be removed from module axil_macc.
WARNING: [Synth 8-3332] Sequential element (mul_32s_32s_32_2_1_U1/buff0_reg[18]__0) is unused and will be removed from module axil_macc.
WARNING: [Synth 8-3332] Sequential element (mul_32s_32s_32_2_1_U1/buff0_reg[17]__0) is unused and will be removed from module axil_macc.
---------------------------------------------------------------------------------
Finished Cross Boundary and Area Optimization : Time (s): cpu = 00:00:44 ; elapsed = 00:00:51 . Memory (MB): peak = 1662.582 ; gain = 632.914
---------------------------------------------------------------------------------
 Sort Area is  mul_32s_32s_32_2_1_U1/tmp_product_0 : 0 0 : 3137 5871 : Used 1 time 0
 Sort Area is  mul_32s_32s_32_2_1_U1/tmp_product_0 : 0 1 : 2734 5871 : Used 1 time 0
 Sort Area is  mul_32s_32s_32_2_1_U1/tmp_product_3 : 0 0 : 2667 5230 : Used 1 time 0
 Sort Area is  mul_32s_32s_32_2_1_U1/tmp_product_3 : 0 1 : 2563 5230 : Used 1 time 0
---------------------------------------------------------------------------------
Start ROM, RAM, DSP, Shift Register and Retiming Reporting
---------------------------------------------------------------------------------

DSP: Preliminary Mapping Report (see note below. The ' indicates corresponding REG is set)
+------------+------------------+--------+--------+--------+--------+--------+------+------+------+------+-------+------+------+
|Module Name | DSP Mapping      | A Size | B Size | C Size | D Size | P Size | AREG | BREG | CREG | DREG | ADREG | MREG | PREG | 
+------------+------------------+--------+--------+--------+--------+--------+------+------+------+------+-------+------+------+
|axil_macc   | A2*B2            | 18     | 15     | -      | -      | 48     | 1    | 1    | -    | -    | -     | 0    | 0    | 
|axil_macc   | (PCIN>>17)+A2*B2 | 15     | 15     | -      | -      | 48     | 1    | 1    | -    | -    | -     | 0    | 1    | 
|axil_macc   | A2*B2            | 18     | 18     | -      | -      | 48     | 1    | 1    | -    | -    | -     | 0    | 0    | 
|axil_macc   | (PCIN>>17)+A2*B2 | 18     | 15     | -      | -      | 48     | 1    | 1    | -    | -    | -     | 0    | 1    | 
+------------+------------------+--------+--------+--------+--------+--------+------+------+------+------+-------+------+------+

Note: The table above is a preliminary report that shows the DSPs inferred at the current stage of the synthesis flow. Some DSP may be reimplemented as non DSP primitives later in the synthesis flow. Multiple instantiated DSPs are reported only once.
---------------------------------------------------------------------------------
Finished ROM, RAM, DSP, Shift Register and Retiming Reporting
---------------------------------------------------------------------------------
---------------------------------------------------------------------------------
Start Applying XDC Timing Constraints
---------------------------------------------------------------------------------
---------------------------------------------------------------------------------
Finished Applying XDC Timing Constraints : Time (s): cpu = 00:01:10 ; elapsed = 00:01:23 . Memory (MB): peak = 1662.582 ; gain = 632.914
---------------------------------------------------------------------------------
---------------------------------------------------------------------------------
Start Timing Optimization
---------------------------------------------------------------------------------
---------------------------------------------------------------------------------
Finished Timing Optimization : Time (s): cpu = 00:01:10 ; elapsed = 00:01:23 . Memory (MB): peak = 1662.582 ; gain = 632.914
---------------------------------------------------------------------------------
---------------------------------------------------------------------------------
Start Technology Mapping
---------------------------------------------------------------------------------
---------------------------------------------------------------------------------
Finished Technology Mapping : Time (s): cpu = 00:01:11 ; elapsed = 00:01:24 . Memory (MB): peak = 1662.582 ; gain = 632.914
---------------------------------------------------------------------------------
---------------------------------------------------------------------------------
Start IO Insertion
---------------------------------------------------------------------------------
---------------------------------------------------------------------------------
Start Flattening Before IO Insertion
---------------------------------------------------------------------------------
---------------------------------------------------------------------------------
Finished Flattening Before IO Insertion
---------------------------------------------------------------------------------
---------------------------------------------------------------------------------
Start Final Netlist Cleanup
---------------------------------------------------------------------------------
---------------------------------------------------------------------------------
Finished Final Netlist Cleanup
---------------------------------------------------------------------------------
---------------------------------------------------------------------------------
Finished IO Insertion : Time (s): cpu = 00:01:23 ; elapsed = 00:01:37 . Memory (MB): peak = 1662.582 ; gain = 632.914
---------------------------------------------------------------------------------
---------------------------------------------------------------------------------
Start Renaming Generated Instances
---------------------------------------------------------------------------------
---------------------------------------------------------------------------------
Finished Renaming Generated Instances : Time (s): cpu = 00:01:23 ; elapsed = 00:01:37 . Memory (MB): peak = 1662.582 ; gain = 632.914
---------------------------------------------------------------------------------
---------------------------------------------------------------------------------
Start Rebuilding User Hierarchy
---------------------------------------------------------------------------------
---------------------------------------------------------------------------------
Finished Rebuilding User Hierarchy : Time (s): cpu = 00:01:23 ; elapsed = 00:01:37 . Memory (MB): peak = 1662.582 ; gain = 632.914
---------------------------------------------------------------------------------
---------------------------------------------------------------------------------
Start Renaming Generated Ports
---------------------------------------------------------------------------------
---------------------------------------------------------------------------------
Finished Renaming Generated Ports : Time (s): cpu = 00:01:23 ; elapsed = 00:01:37 . Memory (MB): peak = 1662.582 ; gain = 632.914
---------------------------------------------------------------------------------
---------------------------------------------------------------------------------
Start Handling Custom Attributes
---------------------------------------------------------------------------------
---------------------------------------------------------------------------------
Finished Handling Custom Attributes : Time (s): cpu = 00:01:23 ; elapsed = 00:01:37 . Memory (MB): peak = 1662.582 ; gain = 632.914
---------------------------------------------------------------------------------
---------------------------------------------------------------------------------
Start Renaming Generated Nets
---------------------------------------------------------------------------------
---------------------------------------------------------------------------------
Finished Renaming Generated Nets : Time (s): cpu = 00:01:23 ; elapsed = 00:01:37 . Memory (MB): peak = 1662.582 ; gain = 632.914
---------------------------------------------------------------------------------
---------------------------------------------------------------------------------
Start Writing Synthesis Report
---------------------------------------------------------------------------------

DSP Final Report (the ' indicates corresponding REG is set)
+------------+------------------+--------+--------+--------+--------+--------+------+------+------+------+-------+------+------+
|Module Name | DSP Mapping      | A Size | B Size | C Size | D Size | P Size | AREG | BREG | CREG | DREG | ADREG | MREG | PREG | 
+------------+------------------+--------+--------+--------+--------+--------+------+------+------+------+-------+------+------+
|axil_macc   | (A'*B')'         | 17     | 18     | -      | -      | 48     | 1    | 1    | -    | -    | -     | 0    | 1    | 
|axil_macc   | A'*B'            | 17     | 17     | -      | -      | 48     | 1    | 1    | -    | -    | -     | 0    | 0    | 
|axil_macc   | (PCIN>>17+A*B')' | 0      | 18     | -      | -      | 48     | 0    | 1    | -    | -    | -     | 0    | 1    | 
+------------+------------------+--------+--------+--------+--------+--------+------+------+------+------+-------+------+------+


Report BlackBoxes: 
+-+--------------+----------+
| |BlackBox name |Instances |
+-+--------------+----------+
+-+--------------+----------+

Report Cell Usage: 
+------+--------+------+
|      |Cell    |Count |
+------+--------+------+
|1     |CARRY4  |    20|
|2     |DSP48E1 |     3|
|4     |LUT1    |     1|
|5     |LUT2    |    21|
|6     |LUT3    |   163|
|7     |LUT4    |    24|
|8     |LUT5    |    25|
|9     |LUT6    |    54|
|10    |FDRE    |   301|
|11    |FDSE    |     1|
+------+--------+------+
---------------------------------------------------------------------------------
Finished Writing Synthesis Report : Time (s): cpu = 00:01:23 ; elapsed = 00:01:37 . Memory (MB): peak = 1662.582 ; gain = 632.914
---------------------------------------------------------------------------------
Synthesis finished with 0 errors, 0 critical warnings and 73 warnings.
Synthesis Optimization Runtime : Time (s): cpu = 00:01:02 ; elapsed = 00:01:33 . Memory (MB): peak = 1662.582 ; gain = 563.895
Synthesis Optimization Complete : Time (s): cpu = 00:01:24 ; elapsed = 00:01:38 . Memory (MB): peak = 1662.582 ; gain = 632.914
INFO: [Project 1-571] Translating synthesized netlist
Netlist sorting complete. Time (s): cpu = 00:00:00 ; elapsed = 00:00:00.011 . Memory (MB): peak = 1662.582 ; gain = 0.000
INFO: [Netlist 29-17] Analyzing 23 Unisim elements for replacement
INFO: [Netlist 29-28] Unisim Transformation completed in 0 CPU seconds
INFO: [Project 1-570] Preparing netlist for logic optimization
INFO: [Opt 31-138] Pushed 0 inverter(s) to 0 load pin(s).
Netlist sorting complete. Time (s): cpu = 00:00:00 ; elapsed = 00:00:00 . Memory (MB): peak = 1662.582 ; gain = 0.000
INFO: [Project 1-111] Unisim Transformation Summary:
No Unisim elements were transformed.

Synth Design complete | Checksum: 359afcb3
INFO: [Common 17-83] Releasing license: Synthesis
36 Infos, 77 Warnings, 0 Critical Warnings and 0 Errors encountered.
synth_design completed successfully
synth_design: Time (s): cpu = 00:01:35 ; elapsed = 00:01:54 . Memory (MB): peak = 1662.582 ; gain = 1030.195
Write ShapeDB Complete: Time (s): cpu = 00:00:00 ; elapsed = 00:00:00.003 . Memory (MB): peak = 1662.582 ; gain = 0.000
INFO: [Common 17-1381] The checkpoint 'C:/Users/joaoc/Documents/GitHub/CoP-HW-SW_2024-2025/Lab0/Vivado/Vivado.runs/design_1_axil_macc_0_0_synth_1/design_1_axil_macc_0_0.dcp' has been generated.
INFO: [Coretcl 2-1648] Added synthesis output to IP cache for IP design_1_axil_macc_0_0, cache-ID = 40ad534493cf2e39
INFO: [Coretcl 2-1174] Renamed 3 cell refs.
Write ShapeDB Complete: Time (s): cpu = 00:00:00 ; elapsed = 00:00:00.002 . Memory (MB): peak = 1662.582 ; gain = 0.000
INFO: [Common 17-1381] The checkpoint 'C:/Users/joaoc/Documents/GitHub/CoP-HW-SW_2024-2025/Lab0/Vivado/Vivado.runs/design_1_axil_macc_0_0_synth_1/design_1_axil_macc_0_0.dcp' has been generated.
INFO: [Vivado 12-24828] Executing command : report_utilization -file design_1_axil_macc_0_0_utilization_synth.rpt -pb design_1_axil_macc_0_0_utilization_synth.pb
INFO: [Common 17-206] Exiting Vivado at Thu May  1 20:54:56 2025...
