directive:1:9: warning: HLS pragma dump _XLX_SEP_ PragmaIsValid=1_XLX_SEP_ PragmaType=top_XLX_SEP_ PragmaContext=directive_XLX_SEP_ PragmaFunction=axil_mat_prod1_XLX_SEP_ PragmaOptions=name=axil_mat_prod1_XLX_SEP_ [-Wdump-hls-pragmas]
#pragma HLSDIRECTIVE TOP name=axil_mat_prod1
        ^
C:/GitHub/CoP-HW-SW_2024-2025/Lab0/axilite_matprod_files/HLS/axil_mat_prod1.cpp:5:9: warning: HLS pragma dump _XLX_SEP_ PragmaIsValid=1_XLX_SEP_ PragmaType=interface_XLX_SEP_ PragmaContext=_XLX_SEP_ PragmaFunction=axil_mat_prod1_XLX_SEP_ PragmaOptions=s_axilite port=return bundle=BUS1_XLX_SEP_ [-Wdump-hls-pragmas]
#pragma HLS INTERFACE s_axilite port=return bundle=BUS1
        ^
C:/GitHub/CoP-HW-SW_2024-2025/Lab0/axilite_matprod_files/HLS/axil_mat_prod1.cpp:6:9: warning: HLS pragma dump _XLX_SEP_ PragmaIsValid=1_XLX_SEP_ PragmaType=interface_XLX_SEP_ PragmaContext=_XLX_SEP_ PragmaFunction=axil_mat_prod1_XLX_SEP_ PragmaOptions=s_axilite port=m1 bundle=BUS1_XLX_SEP_ [-Wdump-hls-pragmas]
#pragma HLS INTERFACE s_axilite port=m1 bundle=BUS1
        ^
C:/GitHub/CoP-HW-SW_2024-2025/Lab0/axilite_matprod_files/HLS/axil_mat_prod1.cpp:7:9: warning: HLS pragma dump _XLX_SEP_ PragmaIsValid=1_XLX_SEP_ PragmaType=interface_XLX_SEP_ PragmaContext=_XLX_SEP_ PragmaFunction=axil_mat_prod1_XLX_SEP_ PragmaOptions=s_axilite port=m2 bundle=BUS1_XLX_SEP_ [-Wdump-hls-pragmas]
#pragma HLS INTERFACE s_axilite port=m2 bundle=BUS1
        ^
C:/GitHub/CoP-HW-SW_2024-2025/Lab0/axilite_matprod_files/HLS/axil_mat_prod1.cpp:8:9: warning: HLS pragma dump _XLX_SEP_ PragmaIsValid=1_XLX_SEP_ PragmaType=interface_XLX_SEP_ PragmaContext=_XLX_SEP_ PragmaFunction=axil_mat_prod1_XLX_SEP_ PragmaOptions=s_axilite port=m3 bundle=BUS1_XLX_SEP_ [-Wdump-hls-pragmas]
#pragma HLS INTERFACE s_axilite port=m3 bundle=BUS1
        ^
C:/GitHub/CoP-HW-SW_2024-2025/Lab0/axilite_matprod_files/HLS/axil_mat_prod1.cpp:9:9: warning: HLS pragma dump _XLX_SEP_ PragmaIsValid=1_XLX_SEP_ PragmaType=interface_XLX_SEP_ PragmaContext=_XLX_SEP_ PragmaFunction=axil_mat_prod1_XLX_SEP_ PragmaOptions=s_axilite port=N1 bundle=BUS1_XLX_SEP_ [-Wdump-hls-pragmas]
#pragma HLS INTERFACE s_axilite port=N1 bundle=BUS1
        ^
C:/GitHub/CoP-HW-SW_2024-2025/Lab0/axilite_matprod_files/HLS/axil_mat_prod1.cpp:10:9: warning: HLS pragma dump _XLX_SEP_ PragmaIsValid=1_XLX_SEP_ PragmaType=interface_XLX_SEP_ PragmaContext=_XLX_SEP_ PragmaFunction=axil_mat_prod1_XLX_SEP_ PragmaOptions=s_axilite port=N2 bundle=BUS1_XLX_SEP_ [-Wdump-hls-pragmas]
#pragma HLS INTERFACE s_axilite port=N2 bundle=BUS1
        ^
C:/GitHub/CoP-HW-SW_2024-2025/Lab0/axilite_matprod_files/HLS/axil_mat_prod1.cpp:11:9: warning: HLS pragma dump _XLX_SEP_ PragmaIsValid=1_XLX_SEP_ PragmaType=interface_XLX_SEP_ PragmaContext=_XLX_SEP_ PragmaFunction=axil_mat_prod1_XLX_SEP_ PragmaOptions=s_axilite port=N3 bundle=BUS1_XLX_SEP_ [-Wdump-hls-pragmas]
#pragma HLS INTERFACE s_axilite port=N3 bundle=BUS1
        ^
C:/GitHub/CoP-HW-SW_2024-2025/Lab0/axilite_matprod_files/HLS/axil_mat_prod1.cpp:17:9: warning: HLS pragma dump _XLX_SEP_ PragmaIsValid=1_XLX_SEP_ PragmaType=loop_tripcount_XLX_SEP_ PragmaContext=_XLX_SEP_ PragmaFunction=axil_mat_prod1_XLX_SEP_ PragmaOptions=max=1000_XLX_SEP_ [-Wdump-hls-pragmas]
#pragma HLS LOOP_TRIPCOUNT max=1000
        ^
C:/GitHub/CoP-HW-SW_2024-2025/Lab0/axilite_matprod_files/HLS/axil_mat_prod1.cpp:18:9: warning: HLS pragma dump _XLX_SEP_ PragmaIsValid=1_XLX_SEP_ PragmaType=pipeline_XLX_SEP_ PragmaContext=_XLX_SEP_ PragmaFunction=axil_mat_prod1_XLX_SEP_ PragmaOptions=_XLX_SEP_ [-Wdump-hls-pragmas]
#pragma HLS PIPELINE
        ^
10 warnings generated.
