Copyright 1986-2022 Xilinx, Inc. All Rights Reserved. Copyright 2022-2024 Advanced Micro Devices, Inc. All Rights Reserved.
---------------------------------------------------------------------------------------------------------------------------------------------
| Tool Version : Vivado v.2024.2 (win64) Build 5239630 Fri Nov 08 22:35:27 MST 2024
| Date         : Wed May  7 11:40:20 2025
| Host         : JD_Laptop running 64-bit major release  (build 9200)
| Command      : report_control_sets -verbose -file matrix_mult_zybo_wrapper_control_sets_placed.rpt
| Design       : matrix_mult_zybo_wrapper
| Device       : xc7z010
---------------------------------------------------------------------------------------------------------------------------------------------

Control Set Information

Table of Contents
-----------------
1. Summary
2. Histogram
3. Flip-Flop Distribution
4. Detailed Control Set Information

1. Summary
----------

+----------------------------------------------------------+-------+
|                          Status                          | Count |
+----------------------------------------------------------+-------+
| Total control sets                                       |    55 |
|    Minimum number of control sets                        |    55 |
|    Addition due to synthesis replication                 |     0 |
|    Addition due to physical synthesis replication        |     0 |
| Unused register locations in slices containing registers |   183 |
+----------------------------------------------------------+-------+
* Control sets can be merged at opt_design using control_set_merge or merge_equivalent_drivers
** Run report_qor_suggestions for automated merging and remapping suggestions


2. Histogram
------------

+--------------------+-------+
|       Fanout       | Count |
+--------------------+-------+
| Total control sets |    55 |
| >= 0 to < 4        |    14 |
| >= 4 to < 6        |     2 |
| >= 6 to < 8        |     2 |
| >= 8 to < 10       |     5 |
| >= 10 to < 12      |     2 |
| >= 12 to < 14      |     8 |
| >= 14 to < 16      |     1 |
| >= 16              |    21 |
+--------------------+-------+
* Control sets can be remapped at either synth_design or opt_design


3. Flip-Flop Distribution
-------------------------

+--------------+-----------------------+------------------------+-----------------+--------------+
| Clock Enable | Synchronous Set/Reset | Asynchronous Set/Reset | Total Registers | Total Slices |
+--------------+-----------------------+------------------------+-----------------+--------------+
| No           | No                    | No                     |             153 |           49 |
| No           | No                    | Yes                    |              27 |            9 |
| No           | Yes                   | No                     |              85 |           45 |
| Yes          | No                    | No                     |             455 |          121 |
| Yes          | No                    | Yes                    |               0 |            0 |
| Yes          | Yes                   | No                     |             361 |           85 |
+--------------+-----------------------+------------------------+-----------------+--------------+


4. Detailed Control Set Information
-----------------------------------

+---------------------------------------------------------+---------------------------------------------------------------------------------------------------------------------------------------------------------------------------+------------------------------------------------------------------------------------------------------------------------------+------------------+----------------+--------------+
|                       Clock Signal                      |                                                                               Enable Signal                                                                               |                                                       Set/Reset Signal                                                       | Slice Load Count | Bel Load Count | Bels / Slice |
+---------------------------------------------------------+---------------------------------------------------------------------------------------------------------------------------------------------------------------------------+------------------------------------------------------------------------------------------------------------------------------+------------------+----------------+--------------+
|  matrix_mult_zybo_i/processing_system7_0/inst/FCLK_CLK0 |                                                                                                                                                                           | matrix_mult_zybo_i/axi_smc/inst/s00_nodes/s00_aw_node/inst/s_sc_areset_pipe                                                  |                1 |              1 |         1.00 |
|  matrix_mult_zybo_i/processing_system7_0/inst/FCLK_CLK0 |                                                                                                                                                                           | matrix_mult_zybo_i/axi_smc/inst/s00_nodes/s00_ar_node/inst/s_sc_areset_pipe                                                  |                1 |              1 |         1.00 |
|  matrix_mult_zybo_i/processing_system7_0/inst/FCLK_CLK0 |                                                                                                                                                                           | matrix_mult_zybo_i/axi_smc/inst/s00_nodes/s00_b_node/inst/s_sc_areset_pipe                                                   |                1 |              1 |         1.00 |
|  matrix_mult_zybo_i/processing_system7_0/inst/FCLK_CLK0 |                                                                                                                                                                           | matrix_mult_zybo_i/axi_smc/inst/s00_nodes/s00_r_node/inst/s_sc_areset_pipe                                                   |                1 |              1 |         1.00 |
|  matrix_mult_zybo_i/processing_system7_0/inst/FCLK_CLK0 |                                                                                                                                                                           | matrix_mult_zybo_i/axi_smc/inst/s00_nodes/s00_w_node/inst/s_sc_areset_pipe                                                   |                1 |              1 |         1.00 |
|  matrix_mult_zybo_i/processing_system7_0/inst/FCLK_CLK0 |                                                                                                                                                                           | matrix_mult_zybo_i/axi_smc/inst/s00_entry_pipeline/s00_mmu/inst/xpm_cdc_async_rst_inst/reset_pol                             |                1 |              3 |         3.00 |
|  matrix_mult_zybo_i/processing_system7_0/inst/FCLK_CLK0 |                                                                                                                                                                           | matrix_mult_zybo_i/axi_smc/inst/m00_exit_pipeline/m00_exit/inst/xpm_cdc_async_rst_inst/reset_pol                             |                1 |              3 |         3.00 |
|  matrix_mult_zybo_i/processing_system7_0/inst/FCLK_CLK0 |                                                                                                                                                                           | matrix_mult_zybo_i/axi_smc/inst/s00_entry_pipeline/s00_si_converter/inst/xpm_cdc_async_rst_inst/reset_pol                    |                1 |              3 |         3.00 |
|  matrix_mult_zybo_i/processing_system7_0/inst/FCLK_CLK0 |                                                                                                                                                                           | matrix_mult_zybo_i/axi_smc/inst/s00_entry_pipeline/s00_transaction_regulator/inst/xpm_cdc_async_rst_inst/reset_pol           |                1 |              3 |         3.00 |
|  matrix_mult_zybo_i/processing_system7_0/inst/FCLK_CLK0 |                                                                                                                                                                           | matrix_mult_zybo_i/axi_smc/inst/s00_nodes/s00_ar_node/inst/s_sc_xpm_cdc_async_rst_inst/reset_pol                             |                1 |              3 |         3.00 |
|  matrix_mult_zybo_i/processing_system7_0/inst/FCLK_CLK0 |                                                                                                                                                                           | matrix_mult_zybo_i/axi_smc/inst/s00_nodes/s00_aw_node/inst/s_sc_xpm_cdc_async_rst_inst/reset_pol                             |                1 |              3 |         3.00 |
|  matrix_mult_zybo_i/processing_system7_0/inst/FCLK_CLK0 |                                                                                                                                                                           | matrix_mult_zybo_i/axi_smc/inst/s00_nodes/s00_b_node/inst/s_sc_xpm_cdc_async_rst_inst/reset_pol                              |                1 |              3 |         3.00 |
|  matrix_mult_zybo_i/processing_system7_0/inst/FCLK_CLK0 |                                                                                                                                                                           | matrix_mult_zybo_i/axi_smc/inst/s00_nodes/s00_r_node/inst/s_sc_xpm_cdc_async_rst_inst/reset_pol                              |                1 |              3 |         3.00 |
|  matrix_mult_zybo_i/processing_system7_0/inst/FCLK_CLK0 |                                                                                                                                                                           | matrix_mult_zybo_i/axi_smc/inst/s00_nodes/s00_w_node/inst/s_sc_xpm_cdc_async_rst_inst/reset_pol                              |                1 |              3 |         3.00 |
|  matrix_mult_zybo_i/processing_system7_0/inst/FCLK_CLK0 |                                                                                                                                                                           | matrix_mult_zybo_i/rst_ps7_0_100M/U0/EXT_LPF/lpf_int                                                                         |                1 |              4 |         4.00 |
|  matrix_mult_zybo_i/processing_system7_0/inst/FCLK_CLK0 |                                                                                                                                                                           | matrix_mult_zybo_i/axi_smc/inst/clk_map/psr_aclk/U0/EXT_LPF/lpf_int                                                          |                2 |              4 |         2.00 |
|  matrix_mult_zybo_i/processing_system7_0/inst/FCLK_CLK0 | matrix_mult_zybo_i/rst_ps7_0_100M/U0/SEQ/seq_cnt_en                                                                                                                       | matrix_mult_zybo_i/rst_ps7_0_100M/U0/SEQ/SEQ_COUNTER/clear                                                                   |                1 |              6 |         6.00 |
|  matrix_mult_zybo_i/processing_system7_0/inst/FCLK_CLK0 | matrix_mult_zybo_i/axi_smc/inst/clk_map/psr_aclk/U0/SEQ/seq_cnt_en                                                                                                        | matrix_mult_zybo_i/axi_smc/inst/clk_map/psr_aclk/U0/SEQ/SEQ_COUNTER/clear                                                    |                1 |              6 |         6.00 |
|  matrix_mult_zybo_i/processing_system7_0/inst/FCLK_CLK0 | matrix_mult_zybo_i/axi_smc/inst/s00_entry_pipeline/s00_si_converter/inst/gen_axilite_conv.axilite_conv_inst/ar_cnt[7]_i_1_n_0                                             | matrix_mult_zybo_i/axi_smc/inst/s00_entry_pipeline/s00_si_converter/inst/areset                                              |                3 |              8 |         2.67 |
|  matrix_mult_zybo_i/processing_system7_0/inst/FCLK_CLK0 | matrix_mult_zybo_i/axi_smc/inst/s00_entry_pipeline/s00_si_converter/inst/gen_axilite_conv.axilite_conv_inst/r_beats[7]_i_1_n_0                                            | matrix_mult_zybo_i/axi_smc/inst/s00_entry_pipeline/s00_si_converter/inst/areset                                              |                2 |              8 |         4.00 |
|  matrix_mult_zybo_i/processing_system7_0/inst/FCLK_CLK0 | matrix_mult_zybo_i/axi_smc/inst/s00_entry_pipeline/s00_mmu/inst/gen_endpoint.decerr_slave_inst/gen_axi.gen_read.read_cnt[7]_i_1_n_0                                       | matrix_mult_zybo_i/axi_smc/inst/s00_entry_pipeline/s00_mmu/inst/areset                                                       |                3 |              8 |         2.67 |
|  matrix_mult_zybo_i/processing_system7_0/inst/FCLK_CLK0 | matrix_mult_zybo_i/axi_smc/inst/s00_entry_pipeline/s00_si_converter/inst/gen_axilite_conv.axilite_conv_inst/b_cnt                                                         | matrix_mult_zybo_i/axi_smc/inst/s00_entry_pipeline/s00_si_converter/inst/gen_axilite_conv.axilite_conv_inst/b_cnt[8]_i_1_n_0 |                3 |              9 |         3.00 |
|  matrix_mult_zybo_i/processing_system7_0/inst/FCLK_CLK0 | matrix_mult_zybo_i/axi_smc/inst/s00_entry_pipeline/s00_si_converter/inst/gen_axilite_conv.axilite_conv_inst/w_cnt[8]_i_1_n_0                                              | matrix_mult_zybo_i/axi_smc/inst/s00_entry_pipeline/s00_si_converter/inst/areset                                              |                3 |              9 |         3.00 |
|  matrix_mult_zybo_i/processing_system7_0/inst/FCLK_CLK0 | matrix_mult_zybo_i/axil_mat_prod1_0/inst/add_ln25_reg_4260                                                                                                                |                                                                                                                              |                3 |             10 |         3.33 |
|  matrix_mult_zybo_i/processing_system7_0/inst/FCLK_CLK0 | matrix_mult_zybo_i/axi_smc/inst/s00_entry_pipeline/s00_si_converter/inst/gen_axilite_conv.axilite_conv_inst/ar_addr_d[13]_i_1_n_0                                         | matrix_mult_zybo_i/axi_smc/inst/s00_entry_pipeline/s00_si_converter/inst/areset                                              |                3 |             11 |         3.67 |
|  matrix_mult_zybo_i/processing_system7_0/inst/FCLK_CLK0 | matrix_mult_zybo_i/axi_smc/inst/s00_nodes/s00_aw_node/inst/inst_mi_handler/gen_normal_area.inst_fifo_node_payld/gen_reg_fifo.inst_reg_fifo/gen_single_rank.inst_cntr/E[0] |                                                                                                                              |                2 |             12 |         6.00 |
|  matrix_mult_zybo_i/processing_system7_0/inst/FCLK_CLK0 | matrix_mult_zybo_i/axil_mat_prod1_0/inst/BUS1_s_axi_U/aw_hs                                                                                                               |                                                                                                                              |                3 |             12 |         4.00 |
|  matrix_mult_zybo_i/processing_system7_0/inst/FCLK_CLK0 | matrix_mult_zybo_i/axi_smc/inst/s00_entry_pipeline/s00_si_converter/inst/gen_axilite_conv.axilite_conv_inst/aw_addr[11]_i_1_n_0                                           | matrix_mult_zybo_i/axi_smc/inst/s00_entry_pipeline/s00_si_converter/inst/areset                                              |                3 |             12 |         4.00 |
|  matrix_mult_zybo_i/processing_system7_0/inst/FCLK_CLK0 | matrix_mult_zybo_i/axi_smc/inst/s00_entry_pipeline/s00_si_converter/inst/gen_axilite_conv.axilite_conv_inst/ar_addr_d[11]_i_1_n_0                                         | matrix_mult_zybo_i/axi_smc/inst/s00_entry_pipeline/s00_si_converter/inst/areset                                              |                3 |             12 |         4.00 |
|  matrix_mult_zybo_i/processing_system7_0/inst/FCLK_CLK0 | matrix_mult_zybo_i/axi_smc/inst/s00_entry_pipeline/s00_mmu/inst/gen_endpoint.decerr_slave_inst/gen_axi.gen_read.s_axi_rid_i[11]_i_1_n_0                                   | matrix_mult_zybo_i/axi_smc/inst/s00_entry_pipeline/s00_mmu/inst/areset                                                       |                5 |             12 |         2.40 |
|  matrix_mult_zybo_i/processing_system7_0/inst/FCLK_CLK0 | matrix_mult_zybo_i/axi_smc/inst/s00_entry_pipeline/s00_mmu/inst/gen_endpoint.decerr_slave_inst/gen_axi.gen_write.s_axi_bid_i[11]_i_1_n_0                                  | matrix_mult_zybo_i/axi_smc/inst/s00_entry_pipeline/s00_mmu/inst/areset                                                       |                3 |             12 |         4.00 |
|  matrix_mult_zybo_i/processing_system7_0/inst/FCLK_CLK0 | matrix_mult_zybo_i/axi_smc/inst/s00_entry_pipeline/s00_transaction_regulator/inst/gen_endpoint.gen_r_singleorder.r_singleorder/gen_id_reg.s_rid_i0                        |                                                                                                                              |                4 |             12 |         3.00 |
|  matrix_mult_zybo_i/processing_system7_0/inst/FCLK_CLK0 | matrix_mult_zybo_i/axi_smc/inst/s00_entry_pipeline/s00_transaction_regulator/inst/gen_endpoint.gen_w_singleorder.w_singleorder/gen_id_reg.s_rid_i0                        |                                                                                                                              |                4 |             12 |         3.00 |
|  matrix_mult_zybo_i/processing_system7_0/inst/FCLK_CLK0 | matrix_mult_zybo_i/axi_smc/inst/s00_nodes/s00_ar_node/inst/inst_mi_handler/gen_normal_area.inst_fifo_node_payld/gen_reg_fifo.inst_reg_fifo/gen_single_rank.inst_cntr/E[0] |                                                                                                                              |                3 |             14 |         4.67 |
|  matrix_mult_zybo_i/processing_system7_0/inst/FCLK_CLK0 |                                                                                                                                                                           | matrix_mult_zybo_i/axi_smc/inst/s00_entry_pipeline/s00_si_converter/inst/areset                                              |               13 |             22 |         1.69 |
|  matrix_mult_zybo_i/processing_system7_0/inst/FCLK_CLK0 |                                                                                                                                                                           | matrix_mult_zybo_i/axi_smc/inst/s00_entry_pipeline/s00_mmu/inst/areset                                                       |               13 |             23 |         1.77 |
|  matrix_mult_zybo_i/processing_system7_0/inst/FCLK_CLK0 | matrix_mult_zybo_i/axil_mat_prod1_0/inst/ap_CS_fsm_pp0_stage0                                                                                                             | matrix_mult_zybo_i/axil_mat_prod1_0/inst/flow_control_loop_pipe_U/ap_sig_allocacmp_i_21                                      |                6 |             24 |         4.00 |
|  matrix_mult_zybo_i/processing_system7_0/inst/FCLK_CLK0 |                                                                                                                                                                           | matrix_mult_zybo_i/axil_mat_prod1_0/inst/BUS1_s_axi_U/ap_rst_n_inv                                                           |               11 |             27 |         2.45 |
|  matrix_mult_zybo_i/processing_system7_0/inst/FCLK_CLK0 | matrix_mult_zybo_i/axi_smc/inst/s00_entry_pipeline/s00_mmu/inst/aw_reg_stall/skid_buffer[1136]_i_1__0_n_0                                                                 |                                                                                                                              |                6 |             28 |         4.67 |
|  matrix_mult_zybo_i/processing_system7_0/inst/FCLK_CLK0 | matrix_mult_zybo_i/axi_smc/inst/s00_entry_pipeline/s00_mmu/inst/aw_reg_stall/m_vector_i                                                                                   |                                                                                                                              |                5 |             28 |         5.60 |
|  matrix_mult_zybo_i/processing_system7_0/inst/FCLK_CLK0 | matrix_mult_zybo_i/axi_smc/inst/s00_entry_pipeline/s00_si_converter/inst/gen_axilite_conv.axilite_conv_inst/s_axi_rdata_i[31]_i_1_n_0                                     | matrix_mult_zybo_i/axi_smc/inst/s00_entry_pipeline/s00_si_converter/inst/areset                                              |                7 |             32 |         4.57 |
|  matrix_mult_zybo_i/processing_system7_0/inst/FCLK_CLK0 | matrix_mult_zybo_i/axi_smc/inst/s00_entry_pipeline/s00_mmu/inst/ar_reg_stall/m_vector_i                                                                                   |                                                                                                                              |                5 |             32 |         6.40 |
|  matrix_mult_zybo_i/processing_system7_0/inst/FCLK_CLK0 | matrix_mult_zybo_i/axi_smc/inst/s00_nodes/s00_r_node/inst/inst_mi_handler/gen_normal_area.inst_fifo_node_payld/gen_reg_fifo.inst_reg_fifo/gen_single_rank.inst_cntr/E[0]  |                                                                                                                              |                8 |             32 |         4.00 |
|  matrix_mult_zybo_i/processing_system7_0/inst/FCLK_CLK0 | matrix_mult_zybo_i/axil_mat_prod1_0/inst/m3_ce01                                                                                                                          |                                                                                                                              |                8 |             32 |         4.00 |
|  matrix_mult_zybo_i/processing_system7_0/inst/FCLK_CLK0 | matrix_mult_zybo_i/axil_mat_prod1_0/inst/BUS1_s_axi_U/int_N3[31]_i_1_n_4                                                                                                  | matrix_mult_zybo_i/axil_mat_prod1_0/inst/BUS1_s_axi_U/ap_rst_n_inv                                                           |                9 |             32 |         3.56 |
|  matrix_mult_zybo_i/processing_system7_0/inst/FCLK_CLK0 | matrix_mult_zybo_i/axil_mat_prod1_0/inst/BUS1_s_axi_U/int_N2[31]_i_1_n_4                                                                                                  | matrix_mult_zybo_i/axil_mat_prod1_0/inst/BUS1_s_axi_U/ap_rst_n_inv                                                           |                5 |             32 |         6.40 |
|  matrix_mult_zybo_i/processing_system7_0/inst/FCLK_CLK0 | matrix_mult_zybo_i/axil_mat_prod1_0/inst/BUS1_s_axi_U/int_N1[31]_i_1_n_4                                                                                                  | matrix_mult_zybo_i/axil_mat_prod1_0/inst/BUS1_s_axi_U/ap_rst_n_inv                                                           |                6 |             32 |         5.33 |
|  matrix_mult_zybo_i/processing_system7_0/inst/FCLK_CLK0 | matrix_mult_zybo_i/axil_mat_prod1_0/inst/BUS1_s_axi_U/rdata[31]_i_1_n_4                                                                                                   |                                                                                                                              |               12 |             32 |         2.67 |
|  matrix_mult_zybo_i/processing_system7_0/inst/FCLK_CLK0 | matrix_mult_zybo_i/axi_smc/inst/s00_entry_pipeline/s00_mmu/inst/ar_reg_stall/skid_buffer[1136]_i_1_n_0                                                                    |                                                                                                                              |                7 |             32 |         4.57 |
|  matrix_mult_zybo_i/processing_system7_0/inst/FCLK_CLK0 | matrix_mult_zybo_i/axil_mat_prod1_0/inst/i_fu_840                                                                                                                         | matrix_mult_zybo_i/axil_mat_prod1_0/inst/flow_control_loop_pipe_U/ap_sig_allocacmp_i_21                                      |                8 |             32 |         4.00 |
|  matrix_mult_zybo_i/processing_system7_0/inst/FCLK_CLK0 | matrix_mult_zybo_i/axil_mat_prod1_0/inst/i_fu_840                                                                                                                         | matrix_mult_zybo_i/axil_mat_prod1_0/inst/BUS1_s_axi_U/SR[0]                                                                  |                5 |             32 |         6.40 |
|  matrix_mult_zybo_i/processing_system7_0/inst/FCLK_CLK0 | matrix_mult_zybo_i/axil_mat_prod1_0/inst/k_fu_760                                                                                                                         | matrix_mult_zybo_i/axil_mat_prod1_0/inst/BUS1_s_axi_U/icmp_ln23_reg_391_reg[0][0]                                            |                6 |             32 |         5.33 |
|  matrix_mult_zybo_i/processing_system7_0/inst/FCLK_CLK0 | matrix_mult_zybo_i/axi_smc/inst/s00_nodes/s00_w_node/inst/inst_mi_handler/gen_normal_area.inst_fifo_node_payld/gen_reg_fifo.inst_reg_fifo/gen_single_rank.inst_cntr/E[0]  |                                                                                                                              |               10 |             36 |         3.60 |
|  matrix_mult_zybo_i/processing_system7_0/inst/FCLK_CLK0 | matrix_mult_zybo_i/axil_mat_prod1_0/inst/ap_CS_fsm_pp0_stage0                                                                                                             |                                                                                                                              |               41 |            133 |         3.24 |
|  matrix_mult_zybo_i/processing_system7_0/inst/FCLK_CLK0 |                                                                                                                                                                           |                                                                                                                              |               51 |            155 |         3.04 |
+---------------------------------------------------------+---------------------------------------------------------------------------------------------------------------------------------------------------------------------------+------------------------------------------------------------------------------------------------------------------------------+------------------+----------------+--------------+


