# 
# Steps log generated by v++
# This log file contains a collection of steps that describe the kernel compilation flow
# Note: Some steps are tagged as internal, these steps are for debugging purposes and 
#       are not expected to be able to run independently.
# 

# The following environment variables are set when running vitis-run
Environment variables :
------------------------------------------
ALLUSERSPROFILE=C:\ProgramData
APPDATA=C:\Users\joaoc\AppData\Roaming
arr.length=0
arr.Ubound=-1
CHARPOP=1
ChocolateyInstall=C:\ProgramData\chocolatey
ChocolateyLastPathUpdate=133740128380206483
CMAKE_OBJECT_PATH_MAX=4096
CommonProgramFiles=C:\Program Files\Common Files
CommonProgramFiles(x86)=C:\Program Files (x86)\Common Files
CommonProgramW6432=C:\Program Files\Common Files
COMPUTERNAME=JD_LAPTOP
ComSpec=C:\WINDOWS\system32\cmd.exe
DriverData=C:\Windows\System32\Drivers\DriverData
EFC_9660_1262719628=1
EFC_9660_1592913036=1
EFC_9660_2775293581=1
EFC_9660_3789132940=1
FPS_BROWSER_APP_PROFILE_STRING=Internet Explorer
FPS_BROWSER_USER_PROFILE_STRING=Default
HDI_APPROOT=C:/Xilinx/Vitis/2024.1
HDI_PROCESSOR=i686
HOMEDRIVE=C:
HOMEPATH=\Users\joaoc
HW_SERVER_DJTG_DISABLE=1
HW_SERVER_FTDIMGR_DISABLE=1
IDE_SKIP_SERVER_LICENSE=1
INT_VARIABLE_NAME=XILINX_PATH
ISL_IOSTREAMS_RSA=C:/Xilinx/Vitis/2024.1/tps/isl
JAVA_EXE=C:/Xilinx\Vitis\2024.1\tps\win64\jre11.0.16_1\bin\java.exe
JAVA_HOME=C:/Xilinx\Vitis\2024.1\tps\win64\jre11.0.16_1
KRB5_CONFIG=C:\ProgramData\Kerberos\krb5.conf
LC_NUMERIC=C
LOCALAPPDATA=C:\Users\joaoc\AppData\Local
LOGONSERVER=\\JD_LAPTOP
LOPPER_DTC_FLAGS=-b 0 -@
NOSPLASH=false
NUMBER_OF_PROCESSORS=12
OneDrive=C:\Users\joaoc\OneDrive - Universidade de Lisboa
OneDriveCommercial=C:\Users\joaoc\OneDrive - Universidade de Lisboa
OneDriveConsumer=C:\Users\joaoc\OneDrive
ORIGINAL_XDG_CURRENT_DESKTOP=undefined
OS=Windows_NT
PATH=C:/Xilinx/Vivado/2024.1/tps/win64/binutils-2.26/bin;C:/Xilinx/Vitis/2024.1/bin/../gnu/aarch64/nt/aarch64-linux/bin;C:/Xilinx/Vitis/2024.1/bin/../gnu/ppc64le/4.9.3/win64/bin;C:/Xilinx/Vitis/2024.1/bin/../gnu/aarch32/nt/gcc-arm-linux-gnueabi/bin;C:/Xilinx\Vitis_HLS\2024.1/tps/mingw/6.2.0/win64.o/nt/bin;C:/Xilinx/Vivado/2024.1\gnuwin\bin;C:/Xilinx/Vivado/2024.1\gnu\microblaze\nt\bin;C:/Xilinx/Vitis/2024.1/bin;C:/Xilinx/Vitis/2024.1/tps/win64/java-cef-95.0.4638.69/bin/lib/win64;C:/Xilinx/Vitis/2024.1/tps/win64/javafx-sdk-11.0.2/lib;C:/Xilinx/Vitis/2024.1/tps/win64/javafx-sdk-11.0.2/bin;C:/Xilinx/Vitis/2024.1/lib/win64.o;C:/Xilinx/Vitis/2024.1/tps/win64/jre11.0.16_1/bin/server;C:/Xilinx/Vitis/2024.1/tps/win64/jre11.0.16_1/bin;C:\Xilinx\Vitis\2024.1\tps\win64\LOPPER~1.0-P\min_sdk\\usr\bin;C:/Xilinx\Vitis\2024.1\tps\win64\cmake-3.24.2\bin;C:/Xilinx\Vitis\2024.1\gnu\microblaze\nt\bin;C:/Xilinx\Vitis\2024.1\gnu\microblaze\linux_toolchain\nt64_le\bin;C:/Xilinx\Vitis\2024.1\gnu\aarch32\nt\gcc-arm-linux-gnueabi\bin;C:/Xilinx\Vitis\2024.1\gnu\aarch32\nt\gcc-arm-none-eabi\bin;C:/Xilinx\Vitis\2024.1\gnu\aarch64\nt\aarch64-linux\bin;C:/Xilinx\Vitis\2024.1\gnu\aarch64\nt\aarch64-none\bin;C:/Xilinx\Vitis\2024.1\gnu\armr5\nt\gcc-arm-none-eabi\bin;C:/Xilinx\Vitis\2024.1\gnuwin\bin;C:/Xilinx\Vitis\2024.1\tps\win64\python-3.8.3;C:/Xilinx\Vitis\2024.1\tps\win64\libxslt\bin;C:/Xilinx/Vivado/2024.1\bin;C:/Xilinx/Vitis/2024.1\gnu\arm\nt\bin;C:/Xilinx/Vitis/2024.1\gnu\microblaze\linux_toolchain\nt64_be\bin;C:/Xilinx/Vitis/2024.1\gnu\riscv\nt\riscv64-unknown-elf\bin;C:/Xilinx/Vitis/2024.1\tps\win64\git-2.16.2\bin;C:/Xilinx/Vitis/2024.1\win64\tools\clang\bin;C:/Xilinx\Vitis_HLS\2024.1\lib\win64.o;C:/Xilinx\Vitis_HLS\2024.1\bin;C:/Xilinx/Vivado/2024.1  /bin;/bin;C:\Program Files\Python312\Scripts\;C:\Program Files\Python312\;C:\Program Files\Eclipse Adoptium\jre-21.0.4.7-hotspot\bin;C:\WINDOWS\system32;C:\WINDOWS;C:\WINDOWS\System32\Wbem;C:\WINDOWS\System32\WindowsPowerShell\v1.0\;C:\WINDOWS\System32\OpenSSH\;C:\Program Files\Microsoft VS Code\bin;C:\Program Files\dotnet\;C:\Program Files (x86)\NVIDIA Corporation\PhysX\Common;C:\Program Files\PuTTY\;C:\Program Files\Secure Endpoints\NetIDMgr\;C:\Program Files\Heimdal\bin\;C:\Program Files (x86)\Heimdal\bin\;C:\Program Files\OpenAFS\Client\Program;C:\Program Files (x86)\OpenAFS\Client\Program;C:\Program Files\nodejs\;C:\ProgramData\chocolatey\bin;C:\Program Files\NVIDIA Corporation\NVIDIA app\NvDLISR;C:\Program Files\Docker\Docker\resources\bin;C:\Users\joaoc\AppData\Local\Microsoft\WindowsApps;C:\Users\joaoc\AppData\Local\Muse Hub\lib;C:\Users\joaoc\AppData\Local\GitHubDesktop\bin;C:\Users\joaoc\AppData\Local\Microsoft\WinGet\Packages\Schniz.fnm_Microsoft.Winget.Source_8wekyb3d8bbwe;C:\Users\joaoc\AppData\Roaming\npm;;C:/Xilinx/Vitis/2024.1\tps\mingw\6.2.0\win64.o\nt\bin;C:/Xilinx/Vitis/2024.1\tps\mingw\6.2.0\win64.o\nt\libexec\gcc\x86_64-w64-mingw32\6.2.0
PATHEXT=.COM;.EXE;.BAT;.CMD;.VBS;.VBE;.JS;.JSE;.WSF;.WSH;.MSC;.PY;.PYW
PROCESSOR_ARCHITECTURE=AMD64
PROCESSOR_IDENTIFIER=Intel64 Family 6 Model 158 Stepping 10, GenuineIntel
PROCESSOR_LEVEL=6
PROCESSOR_REVISION=9e0a
PRODVERSION_EXE=C:/Xilinx/Vitis/2024.1/bin/unwrapped/win64.o/prodversion.exe
ProgramData=C:\ProgramData
ProgramFiles=C:\Program Files
ProgramFiles(x86)=C:\Program Files (x86)
ProgramW6432=C:\Program Files
PROMPT=$P$G
PSModulePath=C:\Program Files\WindowsPowerShell\Modules;C:\WINDOWS\system32\WindowsPowerShell\v1.0\Modules
PUBLIC=C:\Users\Public
PYTHONPATH=C:\Users\joaoc\Documents\GitHub\TSCom_2024-2025\DEMO2\microscalling_lib;C:/Xilinx/Vitis/2024.1\cli;C:/Xilinx/Vitis/2024.1\cli\python-packages\win64;C:/Xilinx/Vitis/2024.1\cli\python-packages\site-packages;C:/Xilinx/Vitis/2024.1\cli\proto;C:/Xilinx/Vitis/2024.1\scripts\python_pkg;
python_path=C:\Users\joaoc\Documents\GitHub\TSCom_2024-2025\DEMO2\microscalling_lib;C:/Xilinx/Vitis/2024.1\cli;C:/Xilinx/Vitis/2024.1\cli\python-packages\win64;C:/Xilinx/Vitis/2024.1\cli\python-packages\site-packages;C:/Xilinx/Vitis/2024.1\cli\proto;C:/Xilinx/Vitis/2024.1\scripts\python_pkg;
RDI_APPROOT=C:/Xilinx/Vitis/2024.1
RDI_ARGS= --mode hls --csim --config C:\Users\joaoc\Documents\GitHub\CoP-HW-SW_2024-2025\Lab0\Vitis\hls_component\hls_config.cfg --work_dir axil_macc
RDI_ARGS_FUNCTION=RDI_EXEC_DEFAULT
RDI_BASEROOT=C:/Xilinx/Vitis
RDI_BINDIR=C:/Xilinx/Vitis/2024.1/bin
RDI_BINROOT=C:/Xilinx/Vitis/2024.1/bin
RDI_BUILD=yes
RDI_CHECK_PROG=True
RDI_DATADIR=C:/Xilinx/SharedData/2024.1/data;C:/Xilinx/Vitis/2024.1/data
RDI_INSTALLROOT=C:/Xilinx
RDI_INSTALLVER=2024.1
RDI_INSTALLVERSION=2024.1
RDI_JAVACEFROOT=C:/Xilinx/Vitis/2024.1/tps/win64/java-cef-95.0.4638.69
RDI_JAVAFXROOT=C:/Xilinx/Vitis/2024.1/tps/win64/javafx-sdk-11.0.2
RDI_JAVAROOT=C:/Xilinx/Vitis/2024.1/tps/win64/jre11.0.16_1
RDI_JAVA_VERSION=11.0.16_1
RDI_LIBDIR=C:/Xilinx/Vitis/2024.1/lib/win64.o
RDI_MINGW_LIB=C:/Xilinx/Vitis/2024.1\tps\mingw\6.2.0\win64.o\nt\bin;C:/Xilinx/Vitis/2024.1\tps\mingw\6.2.0\win64.o\nt\libexec\gcc\x86_64-w64-mingw32\6.2.0
RDI_OPT_EXT=.o
RDI_OS_ARCH=64
RDI_PLATFORM=win64
RDI_PREPEND_PATH=C:/Xilinx/Vitis/2024.1/bin
RDI_PROG=C:/Xilinx/Vitis/2024.1/bin/unwrapped/win64.o/vitis-run.exe
RDI_PROGNAME=vitis-run.exe
RDI_SESSION_INFO=C:\Xilinx\Vitis\2024.1\bin:JD_LAPTOP-30-04-2025_9-50-09.66
RDI_SHARED_DATA=C:/Xilinx/SharedData/2024.1/data
RDI_TPS_ROOT=C:/Xilinx/Vivado/2024.1/tps/win64
RDI_USE_JDK11=1
RDI_VERBOSE=False
RT_LIBPATH=C:/Xilinx/Vitis/2024.1/scripts/rt/data
RT_TCL_PATH=C:/Xilinx/Vitis/2024.1/scripts/rt/base_tcl/tcl
SDKROOT=C:\Xilinx\Vitis\2024.1\tps\win64\LOPPER~1.0-P\min_sdk\
SESSIONNAME=Console
session_string=C:\Users\joaoc\Documents\GitHub\CoP-HW-SW_2024-2025\Lab0\Vitis\hls_component:JD_LAPTOP-30-04-2025_9-56-33.44
SHARED_DATA_HOME="C:/Xilinx/SharedData/2024.1"
SWIG_LIB=C:\Xilinx\Vitis\2024.1\tps\win64\LOPPER~1.0-P\min_sdk\\usr\lib\swig\4.0.2
SYNTH_COMMON=C:/Xilinx/Vitis/2024.1/scripts/rt/data
SystemDrive=C:
SystemRoot=C:\WINDOWS
TCL_LIBRARY=C:/Xilinx/Vitis/2024.1/tps/tcl/tcl8.6
TCMALLOC_LARGE_ALLOC_REPORT_THRESHOLD=4294967296
TEMP=C:\Users\joaoc\AppData\Local\Temp
THEIA_APP_PROJECT_PATH=C:\Xilinx\Vitis\2024.1\ide\electron-app\win64\resources\app
THEIA_DEFAULT_PLUGINS=local-dir:C:\Xilinx\Vitis\2024.1\ide\electron-app\win64\resources\app\plugins
THEIA_ELECTRON_TOKEN={"value":"ffd38047-83a7-4a2f-a9bd-e43f32394938"}
THEIA_ELECTRON_VERSION=15.5.7
THEIA_PLUGINS=local-dir:C:\Users\joaoc\.theia\plugins
TMP=C:\Users\joaoc\AppData\Local\Temp
USERDOMAIN=JD_LAPTOP
USERDOMAIN_ROAMINGPROFILE=JD_LAPTOP
USERNAME=joaoc
USERPROFILE=C:\Users\joaoc
VITISNEW=true
VSCODE_API_VERSION=1.53.2
windir=C:\WINDOWS
XILINX_HLS=C:/Xilinx\Vitis_HLS\2024.1
XILINX_PLANAHEAD=C:/Xilinx/Vitis/2024.1
XILINX_SDK=C:/Xilinx/Vitis/2024.1
XILINX_VERSION_DEFAULT=2024.1
XILINX_VERSION_VITIS=2024.1
XILINX_VITIS=C:/Xilinx\Vitis\2024.1
XILINX_VITIS_VERSION=Vitis v2024.1 (64-bit)
XILINX_VIVADO=C:/Xilinx/Vivado/2024.1
XILINX_VIVADO_HLS=C:/Xilinx/Vivado/2024.1
XIL_CHECK_TCL_DEBUG=False
XIL_NO_OVERRIDE=0
XIL_SUPPRESS_OVERRIDE_WARNINGS=1
XVREDIST=C:/Xilinx/Vitis/2024.1\tps\win64\xvcredist.exe
_RDI_BINROOT=C:\Xilinx\Vitis\2024.1\bin
_RDI_CWD=C:\Users\joaoc\Documents\GitHub\CoP-HW-SW_2024-2025\Lab0\Vitis\hls_component
_RDI_DONT_SET_XILINX_AS_PATH=True
_RDI_VERSION_PROG=vitis-run
_valid=False
XILINX_CD_CONNECT_ID=54138
XILINX_CD_SESSION=84d72822-e8ce-423a-b35f-f9c5ab356ed1


VITIS-RUN command line:
------------------------------------------
C:/Xilinx/Vitis/2024.1/bin/unwrapped/win64.o/vitis-run.exe --mode hls --csim --config C:\Users\joaoc\Documents\GitHub\CoP-HW-SW_2024-2025\Lab0\Vitis\hls_component\hls_config.cfg --work_dir axil_macc 

FINAL PROGRAM OPTIONS
--config C:\Users\joaoc\Documents\GitHub\CoP-HW-SW_2024-2025\Lab0\Vitis\hls_component\hls_config.cfg
--csim
--hls.clock 10ns
--hls.clock_uncertainty 27%
--hls.csim.code_analyzer 1
--hls.flow_target vivado
--hls.package.output.format ip_catalog
--hls.package.output.syn false
--hls.syn.file C:/Users/joaoc/Documents/GitHub/CoP-HW-SW_2024-2025/Lab0/axilite_macc_files/HLS/axil_macc.cpp
--hls.syn.top axil_macc
--hls.tb.file C:/Users/joaoc/Documents/GitHub/CoP-HW-SW_2024-2025/Lab0/axilite_macc_files/HLS/tb_axil_macc.cpp
--mode hls
--part xc7z010clg400-1
--work_dir axil_macc

PARSED COMMAND LINE OPTIONS
--mode hls 
--csim 
--config C:\Users\joaoc\Documents\GitHub\CoP-HW-SW_2024-2025\Lab0\Vitis\hls_component\hls_config.cfg 
--work_dir axil_macc 

PARSED CONFIG FILE (1) OPTIONS
file: C:\Users\joaoc\Documents\GitHub\CoP-HW-SW_2024-2025\Lab0\Vitis\hls_component\hls_config.cfg
part xc7z010clg400-1 
hls.flow_target vivado 
hls.package.output.format ip_catalog 
hls.package.output.syn false 
hls.syn.top axil_macc 
hls.syn.file C:/Users/joaoc/Documents/GitHub/CoP-HW-SW_2024-2025/Lab0/axilite_macc_files/HLS/axil_macc.cpp 
hls.tb.file C:/Users/joaoc/Documents/GitHub/CoP-HW-SW_2024-2025/Lab0/axilite_macc_files/HLS/tb_axil_macc.cpp 
hls.clock 10ns 
hls.clock_uncertainty 27% 
hls.csim.code_analyzer 1 


==========================================
new:  steps log generated by v++ for new launch 
timestamp: 30 Apr 2025 09:56:41
------------------------------------------
VITIS-RUN internal step: writing a config file for vitis_hls: C:/Users/joaoc/Documents/GitHub/CoP-HW-SW_2024-2025/Lab0/Vitis/hls_component/axil_macc/hls/config.cmdline
timestamp: 30 Apr 2025 09:56:41
VITIS-RUN internal step status: success
------------------------------------------
VITIS-RUN internal step: running vitis_hls
timestamp: 30 Apr 2025 09:56:41
working dir: C:/Users/joaoc/Documents/GitHub/CoP-HW-SW_2024-2025/Lab0/Vitis/hls_component
cmd: vitis_hls -nolog -run csim -work_dir C:/Users/joaoc/Documents/GitHub/CoP-HW-SW_2024-2025/Lab0/Vitis/hls_component/axil_macc -config C:/Users/joaoc/Documents/GitHub/CoP-HW-SW_2024-2025/Lab0/Vitis/hls_component/hls_config.cfg -cmdlineconfig C:/Users/joaoc/Documents/GitHub/CoP-HW-SW_2024-2025/Lab0/Vitis/hls_component/axil_macc/hls/config.cmdline
VITIS-RUN internal step status: success

------------------------------------------
V++ command line :
------------------------------------------
C:/Xilinx/Vitis/2024.1/bin/unwrapped/win64.o/v++.exe -c --mode hls --config C:\Users\joaoc\Documents\GitHub\CoP-HW-SW_2024-2025\Lab0\Vitis\hls_component\hls_config.cfg --work_dir axil_macc 
  Options from -O    : 
  Options from *.ini : 
  Options from Hw Platform : 

==========================================
new:  steps log generated by v++ for new launch 
timestamp: 30 Apr 2025 10:00:02
------------------------------------------
V++ internal step: writing a config file for vitis_hls: C:/Users/joaoc/Documents/GitHub/CoP-HW-SW_2024-2025/Lab0/Vitis/hls_component/axil_macc/hls/config.cmdline
timestamp: 30 Apr 2025 10:00:02
V++ internal step status: success
------------------------------------------
V++ internal step: running vitis_hls
timestamp: 30 Apr 2025 10:00:02
working dir: C:/Users/joaoc/Documents/GitHub/CoP-HW-SW_2024-2025/Lab0/Vitis/hls_component
cmd: vitis_hls -nolog -run csynth -work_dir C:/Users/joaoc/Documents/GitHub/CoP-HW-SW_2024-2025/Lab0/Vitis/hls_component/axil_macc -config C:/Users/joaoc/Documents/GitHub/CoP-HW-SW_2024-2025/Lab0/Vitis/hls_component/hls_config.cfg -cmdlineconfig C:/Users/joaoc/Documents/GitHub/CoP-HW-SW_2024-2025/Lab0/Vitis/hls_component/axil_macc/hls/config.cmdline
V++ internal step status: success

------------------------------------------
V++ command line :
------------------------------------------
C:/Xilinx/Vitis/2024.1/bin/unwrapped/win64.o/v++.exe -c --mode hls --config C:\Users\joaoc\Documents\GitHub\CoP-HW-SW_2024-2025\Lab0\Vitis\hls_component\hls_config.cfg --work_dir axil_macc 
  Options from -O    : 
  Options from *.ini : 
  Options from Hw Platform : 

==========================================
new:  steps log generated by v++ for new launch 
timestamp: 30 Apr 2025 10:19:18
------------------------------------------
V++ internal step: writing a config file for vitis_hls: C:/Users/joaoc/Documents/GitHub/CoP-HW-SW_2024-2025/Lab0/Vitis/hls_component/axil_macc/hls/config.cmdline
timestamp: 30 Apr 2025 10:19:18
V++ internal step status: success
------------------------------------------
V++ internal step: running vitis_hls
timestamp: 30 Apr 2025 10:19:18
working dir: C:/Users/joaoc/Documents/GitHub/CoP-HW-SW_2024-2025/Lab0/Vitis/hls_component
cmd: vitis_hls -nolog -run csynth -work_dir C:/Users/joaoc/Documents/GitHub/CoP-HW-SW_2024-2025/Lab0/Vitis/hls_component/axil_macc -config C:/Users/joaoc/Documents/GitHub/CoP-HW-SW_2024-2025/Lab0/Vitis/hls_component/hls_config.cfg -cmdlineconfig C:/Users/joaoc/Documents/GitHub/CoP-HW-SW_2024-2025/Lab0/Vitis/hls_component/axil_macc/hls/config.cmdline
V++ internal step status: success

------------------------------------------
VITIS-RUN command line :
------------------------------------------
C:/Xilinx/Vitis/2024.1/bin/unwrapped/win64.o/vitis-run.exe --mode hls --cosim --config C:\Users\joaoc\Documents\GitHub\CoP-HW-SW_2024-2025\Lab0\Vitis\hls_component\hls_config.cfg --work_dir axil_macc 
  Options from -O    : 
  Options from *.ini : 
  Options from Hw Platform : 

==========================================
new:  steps log generated by v++ for new launch 
timestamp: 30 Apr 2025 10:29:52
------------------------------------------
VITIS-RUN internal step: writing a config file for vitis_hls: C:/Users/joaoc/Documents/GitHub/CoP-HW-SW_2024-2025/Lab0/Vitis/hls_component/axil_macc/hls/config.cmdline
timestamp: 30 Apr 2025 10:29:52
VITIS-RUN internal step status: success
------------------------------------------
VITIS-RUN internal step: running vitis_hls
timestamp: 30 Apr 2025 10:29:52
working dir: C:/Users/joaoc/Documents/GitHub/CoP-HW-SW_2024-2025/Lab0/Vitis/hls_component
cmd: vitis_hls -nolog -run cosim -work_dir C:/Users/joaoc/Documents/GitHub/CoP-HW-SW_2024-2025/Lab0/Vitis/hls_component/axil_macc -config C:/Users/joaoc/Documents/GitHub/CoP-HW-SW_2024-2025/Lab0/Vitis/hls_component/hls_config.cfg -cmdlineconfig C:/Users/joaoc/Documents/GitHub/CoP-HW-SW_2024-2025/Lab0/Vitis/hls_component/axil_macc/hls/config.cmdline
VITIS-RUN internal step status: success

------------------------------------------
VITIS-RUN command line :
------------------------------------------
C:/Xilinx/Vitis/2024.1/bin/unwrapped/win64.o/vitis-run.exe --mode hls --package --config C:\Users\joaoc\Documents\GitHub\CoP-HW-SW_2024-2025\Lab0\Vitis\hls_component\hls_config.cfg --work_dir axil_macc 
  Options from -O    : 
  Options from *.ini : 
  Options from Hw Platform : 

==========================================
new:  steps log generated by v++ for new launch 
timestamp: 30 Apr 2025 10:37:13
------------------------------------------
VITIS-RUN internal step: writing a config file for vitis_hls: C:/Users/joaoc/Documents/GitHub/CoP-HW-SW_2024-2025/Lab0/Vitis/hls_component/axil_macc/hls/config.cmdline
timestamp: 30 Apr 2025 10:37:13
VITIS-RUN internal step status: success
------------------------------------------
VITIS-RUN internal step: running vitis_hls
timestamp: 30 Apr 2025 10:37:13
working dir: C:/Users/joaoc/Documents/GitHub/CoP-HW-SW_2024-2025/Lab0/Vitis/hls_component
cmd: vitis_hls -nolog -run package -work_dir C:/Users/joaoc/Documents/GitHub/CoP-HW-SW_2024-2025/Lab0/Vitis/hls_component/axil_macc -config C:/Users/joaoc/Documents/GitHub/CoP-HW-SW_2024-2025/Lab0/Vitis/hls_component/hls_config.cfg -cmdlineconfig C:/Users/joaoc/Documents/GitHub/CoP-HW-SW_2024-2025/Lab0/Vitis/hls_component/axil_macc/hls/config.cmdline
VITIS-RUN internal step status: success

------------------------------------------
V++ command line :
------------------------------------------
C:/Xilinx/Vitis/2024.1/bin/unwrapped/win64.o/v++.exe -c --mode hls --config C:\GitHub\CoP-HW-SW_2024-2025\Lab0\Vitis\hls_component\hls_config.cfg --work_dir axil_macc 
  Options from -O    : 
  Options from *.ini : 
  Options from Hw Platform : 

==========================================
new:  steps log generated by v++ for new launch 
timestamp: 05 May 2025 16:22:01
------------------------------------------
V++ internal step: writing a config file for vitis_hls: C:/GitHub/CoP-HW-SW_2024-2025/Lab0/Vitis/hls_component/axil_macc/hls/config.cmdline
timestamp: 05 May 2025 16:22:01
V++ internal step status: success
------------------------------------------
V++ internal step: running vitis_hls
timestamp: 05 May 2025 16:22:01
working dir: C:/GitHub/CoP-HW-SW_2024-2025/Lab0/Vitis/hls_component
cmd: vitis_hls -nolog -run csynth -work_dir C:/GitHub/CoP-HW-SW_2024-2025/Lab0/Vitis/hls_component/axil_macc -config C:/GitHub/CoP-HW-SW_2024-2025/Lab0/Vitis/hls_component/hls_config.cfg -cmdlineconfig C:/GitHub/CoP-HW-SW_2024-2025/Lab0/Vitis/hls_component/axil_macc/hls/config.cmdline
V++ internal step status: success

------------------------------------------
VITIS-RUN command line :
------------------------------------------
C:/Xilinx/Vitis/2024.1/bin/unwrapped/win64.o/vitis-run.exe --mode hls --package --config C:\GitHub\CoP-HW-SW_2024-2025\Lab0\Vitis\hls_component\hls_config.cfg --work_dir axil_macc 
  Options from -O    : 
  Options from *.ini : 
  Options from Hw Platform : 

==========================================
new:  steps log generated by v++ for new launch 
timestamp: 05 May 2025 16:22:47
------------------------------------------
VITIS-RUN internal step: writing a config file for vitis_hls: C:/GitHub/CoP-HW-SW_2024-2025/Lab0/Vitis/hls_component/axil_macc/hls/config.cmdline
timestamp: 05 May 2025 16:22:47
VITIS-RUN internal step status: success
------------------------------------------
VITIS-RUN internal step: running vitis_hls
timestamp: 05 May 2025 16:22:47
working dir: C:/GitHub/CoP-HW-SW_2024-2025/Lab0/Vitis/hls_component
cmd: vitis_hls -nolog -run package -work_dir C:/GitHub/CoP-HW-SW_2024-2025/Lab0/Vitis/hls_component/axil_macc -config C:/GitHub/CoP-HW-SW_2024-2025/Lab0/Vitis/hls_component/hls_config.cfg -cmdlineconfig C:/GitHub/CoP-HW-SW_2024-2025/Lab0/Vitis/hls_component/axil_macc/hls/config.cmdline
VITIS-RUN internal step status: success
