INFO: [v++ 60-1548] Creating build summary session with primary output C:/GitHub/CoP-HW-SW_2024-2025/Lab0/Vitis/hls_component/axil_macc\axil_macc.hlscompile_summary, at 05/05/25 16:22:01
INFO: [v++ 82-31] Launching vitis_hls: vitis_hls -nolog -run csynth -work_dir C:/GitHub/CoP-HW-SW_2024-2025/Lab0/Vitis/hls_component/axil_macc -config C:/GitHub/CoP-HW-SW_2024-2025/Lab0/Vitis/hls_component/hls_config.cfg -cmdlineconfig C:/GitHub/CoP-HW-SW_2024-2025/Lab0/Vitis/hls_component/axil_macc/hls/config.cmdline

****** Vitis HLS - High-Level Synthesis from C, C++ and OpenCL v2024.1 (64-bit)
  **** SW Build 5069499 on May 21 2024
  **** IP Build 5075265 on Wed May 22 21:45:21 MDT 2024
  **** SharedData Build 5076995 on Wed May 22 18:29:18 MDT 2024
  **** Start of session at: Mon May  5 16:22:05 2025
    ** Copyright 1986-2022 Xilinx, Inc. All Rights Reserved.
    ** Copyright 2022-2024 Advanced Micro Devices, Inc. All Rights Reserved.

source C:/Xilinx/Vitis_HLS/2024.1/scripts/vitis_hls/hls.tcl -notrace
INFO: [HLS 200-10] For user 'joaoc' on host 'jd_laptop' (Windows NT_amd64 version 10.0) on Mon May 05 16:22:07 +0100 2025
INFO: [HLS 200-10] In directory 'C:/GitHub/CoP-HW-SW_2024-2025/Lab0/Vitis/hls_component'
INFO: [HLS 200-2005] Using work_dir C:/GitHub/CoP-HW-SW_2024-2025/Lab0/Vitis/hls_component/axil_macc 
INFO: [HLS 200-1505] Using default flow_target 'vivado'
Resolution: For help on HLS 200-1505 see docs.xilinx.com/access/sources/dita/topic?Doc_Version=2024.1%20English&url=ug1448-hls-guidance&resourceid=200-1505.html
WARNING: [HLS 200-2001] file not found 'C:/Users/joaoc/Documents/GitHub/CoP-HW-SW_2024-2025/Lab0/axilite_macc_files/HLS/axil_macc.cpp' see [hls] from C:/GitHub/CoP-HW-SW_2024-2025/Lab0/Vitis/hls_component/hls_config.cfg(13)
WARNING: [HLS 200-2001] file not found 'C:/Users/joaoc/Documents/GitHub/CoP-HW-SW_2024-2025/Lab0/axilite_macc_files/HLS/tb_axil_macc.cpp' see [hls] from C:/GitHub/CoP-HW-SW_2024-2025/Lab0/Vitis/hls_component/hls_config.cfg(15)
INFO: [HLS 200-1465] Applying ini 'syn.file=C:/Users/joaoc/Documents/GitHub/CoP-HW-SW_2024-2025/Lab0/axilite_macc_files/HLS/axil_macc.cpp' from C:/GitHub/CoP-HW-SW_2024-2025/Lab0/Vitis/hls_component/hls_config.cfg(13)
WARNING: [HLS 200-40] Cannot find design file 'C:/Users/joaoc/Documents/GitHub/CoP-HW-SW_2024-2025/Lab0/axilite_macc_files/HLS/axil_macc.cpp'
INFO: [HLS 200-1465] Applying ini 'syn.file=C:\GitHub\CoP-HW-SW_2024-2025\Lab0\axilite_macc_files\HLS\axil_macc.cpp' from C:/GitHub/CoP-HW-SW_2024-2025/Lab0/Vitis/hls_component/hls_config.cfg(14)
INFO: [HLS 200-10] Adding design file 'C:/GitHub/CoP-HW-SW_2024-2025/Lab0/axilite_macc_files/HLS/axil_macc.cpp' to the project
INFO: [HLS 200-1465] Applying ini 'tb.file=C:/Users/joaoc/Documents/GitHub/CoP-HW-SW_2024-2025/Lab0/axilite_macc_files/HLS/tb_axil_macc.cpp' from C:/GitHub/CoP-HW-SW_2024-2025/Lab0/Vitis/hls_component/hls_config.cfg(15)
WARNING: [HLS 200-40] Cannot find test bench file 'C:/Users/joaoc/Documents/GitHub/CoP-HW-SW_2024-2025/Lab0/axilite_macc_files/HLS/tb_axil_macc.cpp'
INFO: [HLS 200-1465] Applying ini 'tb.file=C:\GitHub\CoP-HW-SW_2024-2025\Lab0\axilite_macc_files\HLS\tb_axil_macc.cpp' from C:/GitHub/CoP-HW-SW_2024-2025/Lab0/Vitis/hls_component/hls_config.cfg(16)
INFO: [HLS 200-10] Adding test bench file 'C:/GitHub/CoP-HW-SW_2024-2025/Lab0/axilite_macc_files/HLS/tb_axil_macc.cpp' to the project
INFO: [HLS 200-1465] Applying ini 'syn.top=axil_macc' from C:/GitHub/CoP-HW-SW_2024-2025/Lab0/Vitis/hls_component/hls_config.cfg(7)
INFO: [HLS 200-1465] Applying ini 'flow_target=vivado' from C:/GitHub/CoP-HW-SW_2024-2025/Lab0/Vitis/hls_component/hls_config.cfg(4)
INFO: [HLS 200-1505] Using flow_target 'vivado'
Resolution: For help on HLS 200-1505 see docs.xilinx.com/access/sources/dita/topic?Doc_Version=2024.1%20English&url=ug1448-hls-guidance&resourceid=200-1505.html
INFO: [HLS 200-1465] Applying ini 'part=xc7z010clg400-1' from C:/GitHub/CoP-HW-SW_2024-2025/Lab0/Vitis/hls_component/hls_config.cfg(1)
INFO: [HLS 200-1611] Setting target device to 'xc7z010-clg400-1'
INFO: [HLS 200-1465] Applying ini 'clock=10ns' from C:/GitHub/CoP-HW-SW_2024-2025/Lab0/Vitis/hls_component/hls_config.cfg(8)
INFO: [SYN 201-201] Setting up clock 'default' with a period of 10ns.
INFO: [HLS 200-1465] Applying ini 'clock_uncertainty=27%' from C:/GitHub/CoP-HW-SW_2024-2025/Lab0/Vitis/hls_component/hls_config.cfg(9)
INFO: [SYN 201-201] Setting up clock 'default' with an uncertainty of 2.7ns.
INFO: [HLS 200-1465] Applying ini 'cosim.trace_level=all' from C:/GitHub/CoP-HW-SW_2024-2025/Lab0/Vitis/hls_component/hls_config.cfg(11)
INFO: [HLS 200-1465] Applying ini 'cosim.wave_debug=1' from C:/GitHub/CoP-HW-SW_2024-2025/Lab0/Vitis/hls_component/hls_config.cfg(12)
INFO: [HLS 200-1465] Applying ini 'csim.code_analyzer=1' from C:/GitHub/CoP-HW-SW_2024-2025/Lab0/Vitis/hls_component/hls_config.cfg(10)
INFO: [HLS 200-1465] Applying ini 'package.output.format=ip_catalog' from C:/GitHub/CoP-HW-SW_2024-2025/Lab0/Vitis/hls_component/hls_config.cfg(5)
WARNING: [HLS 200-1998] cannot find relative file path '../../../../../../../Users/joaoc/Documents/GitHub/CoP-HW-SW_2024-2025/Lab0/axilite_macc_files/HLS/tb_axil_macc.cpp' in directory(s): C:/GitHub/CoP-HW-SW_2024-2025/Lab0/Vitis/hls_component/axil_macc/solution C:/GitHub/CoP-HW-SW_2024-2025/Lab0/Vitis/hls_component
WARNING: [HLS 200-40] Cannot find source file ../../../../../Users/joaoc/Documents/GitHub/CoP-HW-SW_2024-2025/Lab0/axilite_macc_files/HLS/axil_macc.cpp; skipping it.
INFO: [HLS 200-111] Finished File checks and directory preparation: CPU user time: 4 seconds. CPU system time: 2 seconds. Elapsed time: 7.26 seconds; current allocated memory: 230.598 MB.
INFO: [HLS 200-10] Analyzing design file '../../axilite_macc_files/HLS/axil_macc.cpp' ... 
INFO: [HLS 200-111] Finished Source Code Analysis and Preprocessing: CPU user time: 0 seconds. CPU system time: 0 seconds. Elapsed time: 2.758 seconds; current allocated memory: 232.988 MB.
INFO: [HLS 200-777] Using interface defaults for 'Vivado' flow target.
INFO: [HLS 200-1995] There were 20 instructions in the design after the 'Compile/Link' phase of compilation. See the Design Size Report for more details: C:/GitHub/CoP-HW-SW_2024-2025/Lab0/Vitis/hls_component/axil_macc/hls/syn/report/csynth_design_size.rpt
INFO: [HLS 200-1995] There were 20 instructions in the design after the 'Unroll/Inline (step 1)' phase of compilation. See the Design Size Report for more details: C:/GitHub/CoP-HW-SW_2024-2025/Lab0/Vitis/hls_component/axil_macc/hls/syn/report/csynth_design_size.rpt
INFO: [HLS 200-1995] There were 20 instructions in the design after the 'Unroll/Inline (step 2)' phase of compilation. See the Design Size Report for more details: C:/GitHub/CoP-HW-SW_2024-2025/Lab0/Vitis/hls_component/axil_macc/hls/syn/report/csynth_design_size.rpt
INFO: [HLS 200-1995] There were 20 instructions in the design after the 'Unroll/Inline (step 3)' phase of compilation. See the Design Size Report for more details: C:/GitHub/CoP-HW-SW_2024-2025/Lab0/Vitis/hls_component/axil_macc/hls/syn/report/csynth_design_size.rpt
INFO: [HLS 200-1995] There were 20 instructions in the design after the 'Unroll/Inline (step 4)' phase of compilation. See the Design Size Report for more details: C:/GitHub/CoP-HW-SW_2024-2025/Lab0/Vitis/hls_component/axil_macc/hls/syn/report/csynth_design_size.rpt
INFO: [HLS 200-1995] There were 20 instructions in the design after the 'Array/Struct (step 1)' phase of compilation. See the Design Size Report for more details: C:/GitHub/CoP-HW-SW_2024-2025/Lab0/Vitis/hls_component/axil_macc/hls/syn/report/csynth_design_size.rpt
INFO: [HLS 200-1995] There were 20 instructions in the design after the 'Array/Struct (step 2)' phase of compilation. See the Design Size Report for more details: C:/GitHub/CoP-HW-SW_2024-2025/Lab0/Vitis/hls_component/axil_macc/hls/syn/report/csynth_design_size.rpt
INFO: [HLS 200-1995] There were 20 instructions in the design after the 'Array/Struct (step 3)' phase of compilation. See the Design Size Report for more details: C:/GitHub/CoP-HW-SW_2024-2025/Lab0/Vitis/hls_component/axil_macc/hls/syn/report/csynth_design_size.rpt
INFO: [HLS 200-1995] There were 20 instructions in the design after the 'Array/Struct (step 4)' phase of compilation. See the Design Size Report for more details: C:/GitHub/CoP-HW-SW_2024-2025/Lab0/Vitis/hls_component/axil_macc/hls/syn/report/csynth_design_size.rpt
INFO: [HLS 200-1995] There were 20 instructions in the design after the 'Array/Struct (step 5)' phase of compilation. See the Design Size Report for more details: C:/GitHub/CoP-HW-SW_2024-2025/Lab0/Vitis/hls_component/axil_macc/hls/syn/report/csynth_design_size.rpt
INFO: [HLS 200-1995] There were 20 instructions in the design after the 'Performance (step 1)' phase of compilation. See the Design Size Report for more details: C:/GitHub/CoP-HW-SW_2024-2025/Lab0/Vitis/hls_component/axil_macc/hls/syn/report/csynth_design_size.rpt
INFO: [HLS 200-1995] There were 20 instructions in the design after the 'Performance (step 2)' phase of compilation. See the Design Size Report for more details: C:/GitHub/CoP-HW-SW_2024-2025/Lab0/Vitis/hls_component/axil_macc/hls/syn/report/csynth_design_size.rpt
INFO: [HLS 200-1995] There were 20 instructions in the design after the 'Performance (step 3)' phase of compilation. See the Design Size Report for more details: C:/GitHub/CoP-HW-SW_2024-2025/Lab0/Vitis/hls_component/axil_macc/hls/syn/report/csynth_design_size.rpt
INFO: [HLS 200-1995] There were 20 instructions in the design after the 'Performance (step 4)' phase of compilation. See the Design Size Report for more details: C:/GitHub/CoP-HW-SW_2024-2025/Lab0/Vitis/hls_component/axil_macc/hls/syn/report/csynth_design_size.rpt
INFO: [HLS 200-1995] There were 28 instructions in the design after the 'HW Transforms (step 1)' phase of compilation. See the Design Size Report for more details: C:/GitHub/CoP-HW-SW_2024-2025/Lab0/Vitis/hls_component/axil_macc/hls/syn/report/csynth_design_size.rpt
INFO: [HLS 200-1995] There were 29 instructions in the design after the 'HW Transforms (step 2)' phase of compilation. See the Design Size Report for more details: C:/GitHub/CoP-HW-SW_2024-2025/Lab0/Vitis/hls_component/axil_macc/hls/syn/report/csynth_design_size.rpt
INFO: [HLS 200-111] Finished Compiling Optimization and Transform: CPU user time: 0 seconds. CPU system time: 1 seconds. Elapsed time: 9.428 seconds; current allocated memory: 234.691 MB.
INFO: [HLS 200-111] Finished Checking Pragmas: CPU user time: 0 seconds. CPU system time: 0 seconds. Elapsed time: 0.01 seconds; current allocated memory: 234.695 MB.
INFO: [HLS 200-10] Starting code transformations ...
INFO: [HLS 200-111] Finished Standard Transforms: CPU user time: 0 seconds. CPU system time: 0 seconds. Elapsed time: 0.095 seconds; current allocated memory: 238.570 MB.
INFO: [HLS 200-10] Checking synthesizability ...
INFO: [HLS 200-111] Finished Checking Synthesizability: CPU user time: 0 seconds. CPU system time: 0 seconds. Elapsed time: 0.044 seconds; current allocated memory: 239.918 MB.
INFO: [XFORM 203-401] Performing if-conversion on hyperblock from (../../axilite_macc_files/HLS/axil_macc.cpp:1:16) to (../../axilite_macc_files/HLS/axil_macc.cpp:22:1) in function 'axil_macc'... converting 3 basic blocks.
INFO: [HLS 200-111] Finished Loop, function and other optimizations: CPU user time: 0 seconds. CPU system time: 0 seconds. Elapsed time: 0.084 seconds; current allocated memory: 260.688 MB.
INFO: [HLS 200-111] Finished Architecture Synthesis: CPU user time: 0 seconds. CPU system time: 0 seconds. Elapsed time: 0.058 seconds; current allocated memory: 260.695 MB.
INFO: [HLS 200-10] Starting hardware synthesis ...
INFO: [HLS 200-10] Synthesizing 'axil_macc' ...
INFO: [HLS 200-10] ----------------------------------------------------------------
INFO: [HLS 200-42] -- Implementing module 'axil_macc' 
INFO: [HLS 200-10] ----------------------------------------------------------------
INFO: [SCHED 204-11] Starting scheduling ...
INFO: [SCHED 204-11] Finished scheduling.
INFO: [HLS 200-111] Finished Scheduling: CPU user time: 0 seconds. CPU system time: 0 seconds. Elapsed time: 0.426 seconds; current allocated memory: 260.695 MB.
INFO: [BIND 205-100] Starting micro-architecture generation ...
INFO: [BIND 205-101] Performing variable lifetime analysis.
INFO: [BIND 205-101] Exploring resource sharing.
INFO: [BIND 205-101] Binding ...
INFO: [BIND 205-100] Finished micro-architecture generation.
INFO: [HLS 200-111] Finished Binding: CPU user time: 0 seconds. CPU system time: 0 seconds. Elapsed time: 0.093 seconds; current allocated memory: 260.695 MB.
INFO: [HLS 200-10] ----------------------------------------------------------------
INFO: [HLS 200-10] -- Generating RTL for module 'axil_macc' 
INFO: [HLS 200-10] ----------------------------------------------------------------
WARNING: [RTGEN 206-101] Design contains AXI ports. Reset is fixed to synchronous and active low.
INFO: [RTGEN 206-500] Setting interface mode on port 'axil_macc/a' to 's_axilite & ap_none'.
INFO: [RTGEN 206-500] Setting interface mode on port 'axil_macc/b' to 's_axilite & ap_none'.
INFO: [RTGEN 206-500] Setting interface mode on port 'axil_macc/c' to 's_axilite & ap_vld'.
INFO: [RTGEN 206-500] Setting interface mode on port 'axil_macc/instr' to 's_axilite & ap_none'.
INFO: [RTGEN 206-500] Setting interface mode on function 'axil_macc' to 's_axilite & ap_ctrl_hs'.
WARNING: [RTGEN 206-101] Register 'regc' is power-on initialization.
INFO: [RTGEN 206-100] Bundling port 'a', 'b', 'c', 'instr' to AXI-Lite port BUS1.
INFO: [RTGEN 206-100] Generating core module 'mul_32s_32s_32_2_1': 1 instance(s).
INFO: [RTGEN 206-100] Finished creating RTL model for 'axil_macc'.
INFO: [HLS 200-111] Finished Creating RTL model: CPU user time: 0 seconds. CPU system time: 0 seconds. Elapsed time: 0.235 seconds; current allocated memory: 261.031 MB.
INFO: [HLS 200-111] Finished Generating all RTL models: CPU user time: 1 seconds. CPU system time: 0 seconds. Elapsed time: 0.79 seconds; current allocated memory: 264.184 MB.
INFO: [HLS 200-111] Finished Updating report files: CPU user time: 0 seconds. CPU system time: 1 seconds. Elapsed time: 1.408 seconds; current allocated memory: 267.383 MB.
INFO: [VHDL 208-304] Generating VHDL RTL for axil_macc.
INFO: [VLOG 209-307] Generating Verilog RTL for axil_macc.
INFO: [HLS 200-789] **** Estimated Fmax: 144.68 MHz
INFO: [HLS 200-112] Total CPU user time: 5 seconds. Total CPU system time: 4 seconds. Total elapsed time: 22.815 seconds; peak allocated memory: 267.777 MB.
INFO: [v++ 60-791] Total elapsed time: 0h 0m 29s
