04/30/25 09:57:03: Running xcd server. This server was NOT built by gradle, but presumably rdi.
04/30/25 09:57:03: Server was asked to start on port: '61178'
04/30/25 09:57:03: Server is using token UUID: '12d154bf-25a1-11f0-9488-98fa9b3a35d8'
04/30/25 09:57:03: SESSION_MGR: creating session with session uuid: '6d04a3e9-ade5-4ab9-8d63-1f78fcd2ec76' and name 'default'
04/30/25 09:57:03: Attempting to start server on port '61178'
04/30/25 09:57:03: Running Dispatch Server
04/30/25 09:57:03: Version 2.2.0
04/30/25 09:57:03: Dispatch Server: Accepted socket connection from client
04/30/25 09:57:03: Starting Socket connection
04/30/25 09:57:03: EXCHANGE_TOKEN received, server token: 12d154bf-25a1-11f0-9488-98fa9b3a35d8, passed token: 12d154bf-25a1-11f0-9488-98fa9b3a35d8
04/30/25 09:57:03: SESSION_MGR: creating session with session uuid: 'd3cd1221-db25-4eca-9b2b-9e164718e6e4' and name 'Code Analyzer'
04/30/25 09:57:03: KERNEL_SVC: creating session with uuid: 'd3cd1221-db25-4eca-9b2b-9e164718e6e4' and name 'Code Analyzer'
04/30/25 09:57:03: GUIDANCE_SMGR: creating guidance session with uuid: 'd3cd1221-db25-4eca-9b2b-9e164718e6e4' and name 'Code Analyzer'
04/30/25 09:57:13: SESSION_MGR: closing session for UUID 'd3cd1221-db25-4eca-9b2b-9e164718e6e4' with name ''
04/30/25 09:57:13: KERNEL_SVC: closing session for UUID 'd3cd1221-db25-4eca-9b2b-9e164718e6e4' with name ''
04/30/25 09:57:13: GUIDANCE_SMGR: closing session for UUID 'd3cd1221-db25-4eca-9b2b-9e164718e6e4' with name ''
04/30/25 09:57:13: STOP_SERVER received, server token: 12d154bf-25a1-11f0-9488-98fa9b3a35d8, passed token: 12d154bf-25a1-11f0-9488-98fa9b3a35d8
04/30/25 09:57:13: Socket received request to stop server.
04/30/25 09:57:13: Dispatch Server: do_await_stop
04/30/25 09:57:13: SERVER: destructor for server bound to port 61178
04/30/25 09:57:13: Server exiting with status 0.
04/30/25 09:57:13: Closing log file.
