05/07/25 09:34:09: Running xcd server. This server was built by gradle.
05/07/25 09:34:09: Server was asked to start on port: '52019'
05/07/25 09:34:09: Server is using token UUID: '096b75c3-2b1e-11f0-b9b2-98fa9b3a35d8'
05/07/25 09:34:09: SESSION_MGR: creating session with session uuid: '6d04a3e9-ade5-4ab9-8d63-1f78fcd2ec76' and name 'default'
05/07/25 09:34:09: Attempting to start server on port '52019'
05/07/25 09:34:09: Running Dispatch Server
05/07/25 09:34:09: Version 2.2.0
05/07/25 09:34:09: Dispatch Server: Accepted socket connection from client
05/07/25 09:34:09: Starting Socket connection
05/07/25 09:34:09: EXCHANGE_TOKEN received, server token: 096b75c3-2b1e-11f0-b9b2-98fa9b3a35d8, passed token: 096b75c3-2b1e-11f0-b9b2-98fa9b3a35d8
05/07/25 09:34:09: SESSION_MGR: creating session with session uuid: 'b342953f-9bc6-4453-8095-ce4650716fff' and name 'Code Analyzer'
05/07/25 09:34:09: KERNEL_SVC: creating session with uuid: 'b342953f-9bc6-4453-8095-ce4650716fff' and name 'Code Analyzer'
05/07/25 09:34:09: GUIDANCE_SMGR: creating guidance session with uuid: 'b342953f-9bc6-4453-8095-ce4650716fff' and name 'Code Analyzer'
05/07/25 09:34:30: SESSION_MGR: closing session for UUID 'b342953f-9bc6-4453-8095-ce4650716fff' with name ''
05/07/25 09:34:30: KERNEL_SVC: closing session for UUID 'b342953f-9bc6-4453-8095-ce4650716fff' with name ''
05/07/25 09:34:30: GUIDANCE_SMGR: closing session for UUID 'b342953f-9bc6-4453-8095-ce4650716fff' with name ''
05/07/25 09:34:30: STOP_SERVER received, server token: 096b75c3-2b1e-11f0-b9b2-98fa9b3a35d8, passed token: 096b75c3-2b1e-11f0-b9b2-98fa9b3a35d8
05/07/25 09:34:30: Socket received request to stop server.
05/07/25 09:34:30: Dispatch Server: do_await_stop
05/07/25 09:34:30: SERVER: destructor for server bound to port 52019
05/07/25 09:34:30: Server exiting with status 0.
05/07/25 09:34:30: Closing log file.
