

================================================================
== Vitis HLS Report for 'axil_macc'
================================================================
* Date:           Wed May  7 10:42:08 2025

* Version:        2024.2 (Build 5238294 on Nov  8 2024)
* Project:        axil_macc
* Solution:       hls (Vivado IP Flow Target)
* Product family: zynq
* Target device:  xc7z010-clg400-1


================================================================
== Performance Estimates
================================================================
+ Timing: 
    * Summary: 
    +--------+----------+----------+------------+
    |  Clock |  Target  | Estimated| Uncertainty|
    +--------+----------+----------+------------+
    |ap_clk  |  10.00 ns|  6.912 ns|     2.70 ns|
    +--------+----------+----------+------------+

+ Latency: 
    * Summary: 
    +---------+---------+-----------+-----------+-----+-----+---------+
    |  Latency (cycles) |   Latency (absolute)  |  Interval | Pipeline|
    |   min   |   max   |    min    |    max    | min | max |   Type  |
    +---------+---------+-----------+-----------+-----+-----+---------+
    |        3|        3|  30.000 ns|  30.000 ns|    4|    4|       no|
    +---------+---------+-----------+-----------+-----+-----+---------+

    + Detail: 
        * Instance: 
        N/A

        * Loop: 
        N/A



================================================================
== Utilization Estimates
================================================================
* Summary: 
+-----------------+---------+----+-------+-------+-----+
|       Name      | BRAM_18K| DSP|   FF  |  LUT  | URAM|
+-----------------+---------+----+-------+-------+-----+
|DSP              |        -|   -|      -|      -|    -|
|Expression       |        -|   -|      0|    110|    -|
|FIFO             |        -|   -|      -|      -|    -|
|Instance         |        0|   3|    353|    346|    -|
|Memory           |        -|   -|      -|      -|    -|
|Multiplexer      |        -|   -|      0|     25|    -|
|Register         |        -|   -|    133|      -|    -|
+-----------------+---------+----+-------+-------+-----+
|Total            |        0|   3|    486|    481|    0|
+-----------------+---------+----+-------+-------+-----+
|Available        |      120|  80|  35200|  17600|    0|
+-----------------+---------+----+-------+-------+-----+
|Utilization (%)  |        0|   3|      1|      2|    0|
+-----------------+---------+----+-------+-------+-----+

+ Detail: 
    * Instance: 
    +-----------------------+--------------------+---------+----+-----+-----+-----+
    |        Instance       |       Module       | BRAM_18K| DSP|  FF | LUT | URAM|
    +-----------------------+--------------------+---------+----+-----+-----+-----+
    |BUS1_s_axi_U           |BUS1_s_axi          |        0|   0|  188|  296|    0|
    |mul_32s_32s_32_2_1_U1  |mul_32s_32s_32_2_1  |        0|   3|  165|   50|    0|
    +-----------------------+--------------------+---------+----+-----+-----+-----+
    |Total                  |                    |        0|   3|  353|  346|    0|
    +-----------------------+--------------------+---------+----+-----+-----+-----+

    * DSP: 
    N/A

    * Memory: 
    N/A

    * FIFO: 
    N/A

    * Expression: 
    +--------------------+----------+----+---+----+------------+------------+
    |    Variable Name   | Operation| DSP| FF| LUT| Bitwidth P0| Bitwidth P1|
    +--------------------+----------+----+---+----+------------+------------+
    |add_ln18_fu_83_p2   |         +|   0|  0|  39|          32|          32|
    |icmp_ln14_fu_73_p2  |      icmp|   0|  0|  39|          32|           1|
    |c                   |    select|   0|  0|  32|           1|          32|
    +--------------------+----------+----+---+----+------------+------------+
    |Total               |          |   0|  0| 110|          65|          65|
    +--------------------+----------+----+---+----+------------+------------+

    * Multiplexer: 
    +-----------+----+-----------+-----+-----------+
    |    Name   | LUT| Input Size| Bits| Total Bits|
    +-----------+----+-----------+-----+-----------+
    |ap_NS_fsm  |  25|          5|    1|          5|
    +-----------+----+-----------+-----+-----------+
    |Total      |  25|          5|    1|          5|
    +-----------+----+-----------+-----+-----------+

    * Register: 
    +-------------------+----+----+-----+-----------+
    |        Name       | FF | LUT| Bits| Const Bits|
    +-------------------+----+----+-----+-----------+
    |a_read_reg_101     |  32|   0|   32|          0|
    |ap_CS_fsm          |   4|   0|    4|          0|
    |b_read_reg_106     |  32|   0|   32|          0|
    |icmp_ln14_reg_111  |   1|   0|    1|          0|
    |mul_reg_116        |  32|   0|   32|          0|
    |regc               |  32|   0|   32|          0|
    +-------------------+----+----+-----+-----------+
    |Total              | 133|   0|  133|          0|
    +-------------------+----+----+-----+-----------+



================================================================
== Interface
================================================================
* Summary: 
+--------------------+-----+-----+------------+--------------+--------------+
|      RTL Ports     | Dir | Bits|  Protocol  | Source Object|    C Type    |
+--------------------+-----+-----+------------+--------------+--------------+
|s_axi_BUS1_AWVALID  |   in|    1|       s_axi|          BUS1|       pointer|
|s_axi_BUS1_AWREADY  |  out|    1|       s_axi|          BUS1|       pointer|
|s_axi_BUS1_AWADDR   |   in|    6|       s_axi|          BUS1|       pointer|
|s_axi_BUS1_WVALID   |   in|    1|       s_axi|          BUS1|       pointer|
|s_axi_BUS1_WREADY   |  out|    1|       s_axi|          BUS1|       pointer|
|s_axi_BUS1_WDATA    |   in|   32|       s_axi|          BUS1|       pointer|
|s_axi_BUS1_WSTRB    |   in|    4|       s_axi|          BUS1|       pointer|
|s_axi_BUS1_ARVALID  |   in|    1|       s_axi|          BUS1|       pointer|
|s_axi_BUS1_ARREADY  |  out|    1|       s_axi|          BUS1|       pointer|
|s_axi_BUS1_ARADDR   |   in|    6|       s_axi|          BUS1|       pointer|
|s_axi_BUS1_RVALID   |  out|    1|       s_axi|          BUS1|       pointer|
|s_axi_BUS1_RREADY   |   in|    1|       s_axi|          BUS1|       pointer|
|s_axi_BUS1_RDATA    |  out|   32|       s_axi|          BUS1|       pointer|
|s_axi_BUS1_RRESP    |  out|    2|       s_axi|          BUS1|       pointer|
|s_axi_BUS1_BVALID   |  out|    1|       s_axi|          BUS1|       pointer|
|s_axi_BUS1_BREADY   |   in|    1|       s_axi|          BUS1|       pointer|
|s_axi_BUS1_BRESP    |  out|    2|       s_axi|          BUS1|       pointer|
|ap_clk              |   in|    1|  ap_ctrl_hs|     axil_macc|  return value|
|ap_rst_n            |   in|    1|  ap_ctrl_hs|     axil_macc|  return value|
|interrupt           |  out|    1|  ap_ctrl_hs|     axil_macc|  return value|
+--------------------+-----+-----+------------+--------------+--------------+

============================================================
+ Verbose Summary: Synthesis Manager
============================================================
InlineROM: 1
ExposeGlobal: 0
============================================================
+ Verbose Summary: CDFG Model
============================================================
IsTopModel: 1
ResetActiveHigh: 1
IsCombinational: 2
IsDatapathOnly: 2
HasWiredReturn: 1
HasMFsm: 0
HasVarLatency: 1
IsPipeline: 0
IsRtlPipelined: 0
IsInstanceOverlapped: 0
IsDontTouch: 0
HasImplIP: 0
IsGatedGlobalClock: 0


============================================================
+ Verbose Summary: Schedule
============================================================
* Number of FSM states : 4
* Pipeline : 0
* Dataflow Pipeline: 0

* FSM state transitions: 
1 --> 2 
2 --> 3 
3 --> 4 
4 --> 

* FSM state operations: 

State 1 <SV = 0> <Delay = 3.55>
ST_1 : Operation 5 [1/1] (1.00ns)   --->   "%a_read = read i32 @_ssdm_op_Read.s_axilite.i32P0A, i32 %a" [C:/GitHub/CoP-HW-SW_2024-2025/Lab0/axilite_macc_files/HLS/axil_macc.cpp:12]   --->   Operation 5 'read' 'a_read' <Predicate = true> <Delay = 1.00> <CoreInst = "s_axilite">   --->   Core 112 's_axilite' <Latency = 0> <II = 1> <Delay = 1.00> <Adapter> <Opcode : 'read' 'write'>
ST_1 : Operation 6 [1/1] (1.00ns)   --->   "%b_read = read i32 @_ssdm_op_Read.s_axilite.i32P0A, i32 %b" [C:/GitHub/CoP-HW-SW_2024-2025/Lab0/axilite_macc_files/HLS/axil_macc.cpp:12]   --->   Operation 6 'read' 'b_read' <Predicate = true> <Delay = 1.00> <CoreInst = "s_axilite">   --->   Core 112 's_axilite' <Latency = 0> <II = 1> <Delay = 1.00> <Adapter> <Opcode : 'read' 'write'>
ST_1 : Operation 7 [1/1] (1.00ns)   --->   "%instr_read = read i32 @_ssdm_op_Read.s_axilite.i32P0A, i32 %instr" [C:/GitHub/CoP-HW-SW_2024-2025/Lab0/axilite_macc_files/HLS/axil_macc.cpp:14]   --->   Operation 7 'read' 'instr_read' <Predicate = true> <Delay = 1.00> <CoreInst = "s_axilite">   --->   Core 112 's_axilite' <Latency = 0> <II = 1> <Delay = 1.00> <Adapter> <Opcode : 'read' 'write'>
ST_1 : Operation 8 [1/1] (2.55ns)   --->   "%icmp_ln14 = icmp_eq  i32 %instr_read, i32 0" [C:/GitHub/CoP-HW-SW_2024-2025/Lab0/axilite_macc_files/HLS/axil_macc.cpp:14]   --->   Operation 8 'icmp' 'icmp_ln14' <Predicate = true> <Delay = 2.55> <CoreInst = "Cmp">   --->   Core 9 'Cmp' <Latency = 0> <II = 1> <Delay = 2.55> <FuncUnit> <Opcode : 'seteq' 'setne' 'setle' 'setge' 'setlt' 'setgt'> <InPorts = 2> <OutPorts = 1>

State 2 <SV = 1> <Delay = 6.91>
ST_2 : Operation 9 [2/2] (6.91ns)   --->   "%mul = mul i32 %b_read, i32 %a_read" [C:/GitHub/CoP-HW-SW_2024-2025/Lab0/axilite_macc_files/HLS/axil_macc.cpp:12]   --->   Operation 9 'mul' 'mul' <Predicate = true> <Delay = 6.91> <CoreInst = "Multiplier">   --->   Core 3 'Multiplier' <Latency = 1> <II = 1> <Delay = 6.91> <FuncUnit> <Opcode : 'mul'> <InPorts = 2> <OutPorts = 1>

State 3 <SV = 2> <Delay = 6.91>
ST_3 : Operation 10 [1/2] (6.91ns)   --->   "%mul = mul i32 %b_read, i32 %a_read" [C:/GitHub/CoP-HW-SW_2024-2025/Lab0/axilite_macc_files/HLS/axil_macc.cpp:12]   --->   Operation 10 'mul' 'mul' <Predicate = true> <Delay = 6.91> <CoreInst = "Multiplier">   --->   Core 3 'Multiplier' <Latency = 1> <II = 1> <Delay = 6.91> <FuncUnit> <Opcode : 'mul'> <InPorts = 2> <OutPorts = 1>

State 4 <SV = 3> <Delay = 4.25>
ST_4 : Operation 11 [1/1] (0.00ns)   --->   "%spectopmodule_ln1 = spectopmodule void @_ssdm_op_SpecTopModule, void @empty_8" [C:/GitHub/CoP-HW-SW_2024-2025/Lab0/axilite_macc_files/HLS/axil_macc.cpp:1]   --->   Operation 11 'spectopmodule' 'spectopmodule_ln1' <Predicate = true> <Delay = 0.00>
ST_4 : Operation 12 [1/1] (0.00ns)   --->   "%specbitsmap_ln0 = specbitsmap void @_ssdm_op_SpecBitsMap, i32 %a"   --->   Operation 12 'specbitsmap' 'specbitsmap_ln0' <Predicate = true> <Delay = 0.00>
ST_4 : Operation 13 [1/1] (0.00ns)   --->   "%specinterface_ln0 = specinterface void @_ssdm_op_SpecInterface, i32 %a, void @empty, i32 4294967295, i32 4294967295, void @empty_0, i32 0, i32 0, void @empty_1, void @empty_2, void @empty_3, i32 0, i32 0, i32 0, i32 0, void @empty_3, void @empty_3, i32 4294967295, i32 0, i32 0"   --->   Operation 13 'specinterface' 'specinterface_ln0' <Predicate = true> <Delay = 0.00>
ST_4 : Operation 14 [1/1] (0.00ns)   --->   "%specinterface_ln0 = specinterface void @_ssdm_op_SpecInterface, i32 %a, void @empty_4, i32 4294967295, i32 4294967295, void @empty_3, i32 0, i32 0, void @empty_3, void @empty_3, void @empty_3, i32 0, i32 0, i32 0, i32 0, void @empty_3, void @empty_3, i32 4294967295, i32 0, i32 0"   --->   Operation 14 'specinterface' 'specinterface_ln0' <Predicate = true> <Delay = 0.00>
ST_4 : Operation 15 [1/1] (0.00ns)   --->   "%specbitsmap_ln0 = specbitsmap void @_ssdm_op_SpecBitsMap, i32 %b"   --->   Operation 15 'specbitsmap' 'specbitsmap_ln0' <Predicate = true> <Delay = 0.00>
ST_4 : Operation 16 [1/1] (0.00ns)   --->   "%specinterface_ln0 = specinterface void @_ssdm_op_SpecInterface, i32 %b, void @empty, i32 4294967295, i32 4294967295, void @empty_0, i32 0, i32 0, void @empty_1, void @empty_5, void @empty_3, i32 0, i32 0, i32 0, i32 0, void @empty_3, void @empty_3, i32 4294967295, i32 0, i32 0"   --->   Operation 16 'specinterface' 'specinterface_ln0' <Predicate = true> <Delay = 0.00>
ST_4 : Operation 17 [1/1] (0.00ns)   --->   "%specinterface_ln0 = specinterface void @_ssdm_op_SpecInterface, i32 %b, void @empty_4, i32 4294967295, i32 4294967295, void @empty_3, i32 0, i32 0, void @empty_3, void @empty_3, void @empty_3, i32 0, i32 0, i32 0, i32 0, void @empty_3, void @empty_3, i32 4294967295, i32 0, i32 0"   --->   Operation 17 'specinterface' 'specinterface_ln0' <Predicate = true> <Delay = 0.00>
ST_4 : Operation 18 [1/1] (0.00ns)   --->   "%specbitsmap_ln0 = specbitsmap void @_ssdm_op_SpecBitsMap, i32 %c"   --->   Operation 18 'specbitsmap' 'specbitsmap_ln0' <Predicate = true> <Delay = 0.00>
ST_4 : Operation 19 [1/1] (0.00ns)   --->   "%specinterface_ln0 = specinterface void @_ssdm_op_SpecInterface, i32 %c, void @empty, i32 4294967295, i32 4294967295, void @empty_0, i32 0, i32 0, void @empty_1, void @empty_6, void @empty_3, i32 0, i32 0, i32 0, i32 0, void @empty_3, void @empty_3, i32 4294967295, i32 0, i32 0"   --->   Operation 19 'specinterface' 'specinterface_ln0' <Predicate = true> <Delay = 0.00>
ST_4 : Operation 20 [1/1] (0.00ns)   --->   "%specinterface_ln0 = specinterface void @_ssdm_op_SpecInterface, i32 %c, void @empty_4, i32 4294967295, i32 4294967295, void @empty_3, i32 0, i32 0, void @empty_3, void @empty_3, void @empty_3, i32 0, i32 0, i32 0, i32 0, void @empty_3, void @empty_3, i32 4294967295, i32 0, i32 0"   --->   Operation 20 'specinterface' 'specinterface_ln0' <Predicate = true> <Delay = 0.00>
ST_4 : Operation 21 [1/1] (0.00ns)   --->   "%specbitsmap_ln0 = specbitsmap void @_ssdm_op_SpecBitsMap, i32 %instr"   --->   Operation 21 'specbitsmap' 'specbitsmap_ln0' <Predicate = true> <Delay = 0.00>
ST_4 : Operation 22 [1/1] (0.00ns)   --->   "%specinterface_ln0 = specinterface void @_ssdm_op_SpecInterface, i32 %instr, void @empty, i32 4294967295, i32 4294967295, void @empty_0, i32 0, i32 0, void @empty_1, void @empty_7, void @empty_3, i32 0, i32 0, i32 0, i32 0, void @empty_3, void @empty_3, i32 4294967295, i32 0, i32 0"   --->   Operation 22 'specinterface' 'specinterface_ln0' <Predicate = true> <Delay = 0.00>
ST_4 : Operation 23 [1/1] (0.00ns)   --->   "%specinterface_ln0 = specinterface void @_ssdm_op_SpecInterface, i32 %instr, void @empty_4, i32 4294967295, i32 4294967295, void @empty_3, i32 0, i32 0, void @empty_3, void @empty_3, void @empty_3, i32 0, i32 0, i32 0, i32 0, void @empty_3, void @empty_3, i32 4294967295, i32 0, i32 0"   --->   Operation 23 'specinterface' 'specinterface_ln0' <Predicate = true> <Delay = 0.00>
ST_4 : Operation 24 [1/1] (0.00ns)   --->   "%specinterface_ln0 = specinterface void @_ssdm_op_SpecInterface, i32 0, void @empty, i32 0, i32 0, void @empty_3, i32 0, i32 0, void @empty_1, void @empty_3, void @empty_3, i32 0, i32 0, i32 0, i32 0, void @empty_3, void @empty_3, i32 4294967295, i32 0, i32 0"   --->   Operation 24 'specinterface' 'specinterface_ln0' <Predicate = true> <Delay = 0.00>
ST_4 : Operation 25 [1/1] (0.00ns)   --->   "%regc_load = load i32 %regc" [C:/GitHub/CoP-HW-SW_2024-2025/Lab0/axilite_macc_files/HLS/axil_macc.cpp:18]   --->   Operation 25 'load' 'regc_load' <Predicate = (!icmp_ln14)> <Delay = 0.00>
ST_4 : Operation 26 [1/1] (2.55ns)   --->   "%add_ln18 = add i32 %regc_load, i32 %mul" [C:/GitHub/CoP-HW-SW_2024-2025/Lab0/axilite_macc_files/HLS/axil_macc.cpp:18]   --->   Operation 26 'add' 'add_ln18' <Predicate = (!icmp_ln14)> <Delay = 2.55> <CoreInst = "Adder">   --->   Core 1 'Adder' <Latency = 0> <II = 1> <Delay = 2.55> <FuncUnit> <Opcode : 'add' 'sub'> <InPorts = 2> <OutPorts = 1>
ST_4 : Operation 27 [1/1] (0.69ns)   --->   "%select_ln14 = select i1 %icmp_ln14, i32 %mul, i32 %add_ln18" [C:/GitHub/CoP-HW-SW_2024-2025/Lab0/axilite_macc_files/HLS/axil_macc.cpp:14]   --->   Operation 27 'select' 'select_ln14' <Predicate = true> <Delay = 0.69> <CoreInst = "Sel">   --->   Core 73 'Sel' <Latency = 0> <II = 1> <Delay = 0.69> <FuncUnit> <Opcode : 'select'> <InPorts = 3> <OutPorts = 1>
ST_4 : Operation 28 [1/1] (0.00ns)   --->   "%store_ln14 = store i32 %select_ln14, i32 %regc" [C:/GitHub/CoP-HW-SW_2024-2025/Lab0/axilite_macc_files/HLS/axil_macc.cpp:14]   --->   Operation 28 'store' 'store_ln14' <Predicate = true> <Delay = 0.00>
ST_4 : Operation 29 [1/1] (1.00ns)   --->   "%write_ln21 = write void @_ssdm_op_Write.s_axilite.i32P0A, i32 %c, i32 %select_ln14" [C:/GitHub/CoP-HW-SW_2024-2025/Lab0/axilite_macc_files/HLS/axil_macc.cpp:21]   --->   Operation 29 'write' 'write_ln21' <Predicate = true> <Delay = 1.00> <CoreInst = "s_axilite">   --->   Core 112 's_axilite' <Latency = 0> <II = 1> <Delay = 1.00> <Adapter> <Opcode : 'read' 'write'>
ST_4 : Operation 30 [1/1] (0.00ns)   --->   "%ret_ln22 = ret" [C:/GitHub/CoP-HW-SW_2024-2025/Lab0/axilite_macc_files/HLS/axil_macc.cpp:22]   --->   Operation 30 'ret' 'ret_ln22' <Predicate = true> <Delay = 0.00>


============================================================
+ Verbose Summary: Binding
============================================================
STG Binding: 
---------------- STG Properties BEGIN ----------------
- Is combinational: 0
- Is one-state seq: 0
- Is datapath-only: 0
- Is pipelined: 0
- Is top level: 1
Port [ Return ] is wired: 1; IO mode=ap_ctrl_hs:ce=0
Port [ a]:  wired=1; compound=0; hidden=0; nouse=0; global=0; static=0; extern=0; dir=0; type=0; pingpong=0; private_global=0; IO mode=ap_none:ce=0
Port [ b]:  wired=1; compound=0; hidden=0; nouse=0; global=0; static=0; extern=0; dir=0; type=0; pingpong=0; private_global=0; IO mode=ap_none:ce=0
Port [ c]:  wired=1; compound=0; hidden=0; nouse=0; global=0; static=0; extern=0; dir=1; type=0; pingpong=0; private_global=0; IO mode=ap_vld:ce=0
Port [ instr]:  wired=1; compound=0; hidden=0; nouse=0; global=0; static=0; extern=0; dir=0; type=0; pingpong=0; private_global=0; IO mode=ap_none:ce=0
Port [ regc]:  wired=0; compound=0; hidden=1; nouse=0; global=1; static=1; extern=0; dir=2; type=0; pingpong=0; private_global=1; IO mode=ap_ovld:ce=0
---------------- STG Properties END ------------------

---------------- Datapath Model BEGIN ----------------

<LifeTime>
<method=bitvector/>
a_read            (read         ) [ 00110]
b_read            (read         ) [ 00110]
instr_read        (read         ) [ 00000]
icmp_ln14         (icmp         ) [ 00111]
mul               (mul          ) [ 00001]
spectopmodule_ln1 (spectopmodule) [ 00000]
specbitsmap_ln0   (specbitsmap  ) [ 00000]
specinterface_ln0 (specinterface) [ 00000]
specinterface_ln0 (specinterface) [ 00000]
specbitsmap_ln0   (specbitsmap  ) [ 00000]
specinterface_ln0 (specinterface) [ 00000]
specinterface_ln0 (specinterface) [ 00000]
specbitsmap_ln0   (specbitsmap  ) [ 00000]
specinterface_ln0 (specinterface) [ 00000]
specinterface_ln0 (specinterface) [ 00000]
specbitsmap_ln0   (specbitsmap  ) [ 00000]
specinterface_ln0 (specinterface) [ 00000]
specinterface_ln0 (specinterface) [ 00000]
specinterface_ln0 (specinterface) [ 00000]
regc_load         (load         ) [ 00000]
add_ln18          (add          ) [ 00000]
select_ln14       (select       ) [ 00000]
store_ln14        (store        ) [ 00000]
write_ln21        (write        ) [ 00000]
ret_ln22          (ret          ) [ 00000]
</LifeTime>

<model>

<comp_list>
<comp id="0" class="1000" name="a">
<pin_list>
<pin id="1" dir="1" index="0" bw="1" slack="0"/>
</pin_list>
<bind>
<StgValue><ssdm name="a"/></StgValue>
</bind>
</comp>

<comp id="2" class="1000" name="b">
<pin_list>
<pin id="3" dir="1" index="0" bw="1" slack="0"/>
</pin_list>
<bind>
<StgValue><ssdm name="b"/></StgValue>
</bind>
</comp>

<comp id="4" class="1000" name="c">
<pin_list>
<pin id="5" dir="1" index="0" bw="1" slack="0"/>
</pin_list>
<bind>
<StgValue><ssdm name="c"/></StgValue>
</bind>
</comp>

<comp id="6" class="1000" name="instr">
<pin_list>
<pin id="7" dir="1" index="0" bw="1" slack="0"/>
</pin_list>
<bind>
<StgValue><ssdm name="instr"/></StgValue>
</bind>
</comp>

<comp id="8" class="1000" name="regc">
<pin_list>
<pin id="9" dir="1" index="0" bw="1" slack="0"/>
</pin_list>
<bind>
<StgValue><ssdm name="regc"/></StgValue>
</bind>
</comp>

<comp id="10" class="1001" name="const_10">
<pin_list>
<pin id="11" dir="1" index="0" bw="1" slack="0"/>
</pin_list>
<bind>
<StgValue><ssdm name="_ssdm_op_Read.s_axilite.i32P0A"/></StgValue>
</bind>
</comp>

<comp id="12" class="1001" name="const_12">
<pin_list>
<pin id="13" dir="1" index="0" bw="1" slack="0"/>
</pin_list>
<bind>
<StgValue><ssdm name=""/></StgValue>
</bind>
</comp>

<comp id="14" class="1001" name="const_14">
<pin_list>
<pin id="15" dir="1" index="0" bw="1" slack="2147483647"/>
</pin_list>
<bind>
<StgValue><ssdm name="_ssdm_op_SpecTopModule"/></StgValue>
</bind>
</comp>

<comp id="16" class="1001" name="const_16">
<pin_list>
<pin id="17" dir="1" index="0" bw="1" slack="2147483647"/>
</pin_list>
<bind>
<StgValue><ssdm name="empty_8"/></StgValue>
</bind>
</comp>

<comp id="18" class="1001" name="const_18">
<pin_list>
<pin id="19" dir="1" index="0" bw="1" slack="2147483647"/>
</pin_list>
<bind>
<StgValue><ssdm name="_ssdm_op_SpecBitsMap"/></StgValue>
</bind>
</comp>

<comp id="20" class="1001" name="const_20">
<pin_list>
<pin id="21" dir="1" index="0" bw="1" slack="2147483647"/>
</pin_list>
<bind>
<StgValue><ssdm name="_ssdm_op_SpecInterface"/></StgValue>
</bind>
</comp>

<comp id="22" class="1001" name="const_22">
<pin_list>
<pin id="23" dir="1" index="0" bw="1" slack="2147483647"/>
</pin_list>
<bind>
<StgValue><ssdm name="empty"/></StgValue>
</bind>
</comp>

<comp id="24" class="1001" name="const_24">
<pin_list>
<pin id="25" dir="1" index="0" bw="1" slack="2147483647"/>
</pin_list>
<bind>
<StgValue><ssdm name=""/></StgValue>
</bind>
</comp>

<comp id="26" class="1001" name="const_26">
<pin_list>
<pin id="27" dir="1" index="0" bw="1" slack="2147483647"/>
</pin_list>
<bind>
<StgValue><ssdm name="empty_0"/></StgValue>
</bind>
</comp>

<comp id="28" class="1001" name="const_28">
<pin_list>
<pin id="29" dir="1" index="0" bw="1" slack="2147483647"/>
</pin_list>
<bind>
<StgValue><ssdm name="empty_1"/></StgValue>
</bind>
</comp>

<comp id="30" class="1001" name="const_30">
<pin_list>
<pin id="31" dir="1" index="0" bw="1" slack="2147483647"/>
</pin_list>
<bind>
<StgValue><ssdm name="empty_2"/></StgValue>
</bind>
</comp>

<comp id="32" class="1001" name="const_32">
<pin_list>
<pin id="33" dir="1" index="0" bw="1" slack="2147483647"/>
</pin_list>
<bind>
<StgValue><ssdm name="empty_3"/></StgValue>
</bind>
</comp>

<comp id="34" class="1001" name="const_34">
<pin_list>
<pin id="35" dir="1" index="0" bw="1" slack="2147483647"/>
</pin_list>
<bind>
<StgValue><ssdm name="empty_4"/></StgValue>
</bind>
</comp>

<comp id="36" class="1001" name="const_36">
<pin_list>
<pin id="37" dir="1" index="0" bw="1" slack="2147483647"/>
</pin_list>
<bind>
<StgValue><ssdm name="empty_5"/></StgValue>
</bind>
</comp>

<comp id="38" class="1001" name="const_38">
<pin_list>
<pin id="39" dir="1" index="0" bw="1" slack="2147483647"/>
</pin_list>
<bind>
<StgValue><ssdm name="empty_6"/></StgValue>
</bind>
</comp>

<comp id="40" class="1001" name="const_40">
<pin_list>
<pin id="41" dir="1" index="0" bw="1" slack="2147483647"/>
</pin_list>
<bind>
<StgValue><ssdm name="empty_7"/></StgValue>
</bind>
</comp>

<comp id="42" class="1001" name="const_42">
<pin_list>
<pin id="43" dir="1" index="0" bw="1" slack="0"/>
</pin_list>
<bind>
<StgValue><ssdm name="_ssdm_op_Write.s_axilite.i32P0A"/></StgValue>
</bind>
</comp>

<comp id="44" class="1004" name="a_read_read_fu_44">
<pin_list>
<pin id="45" dir="0" index="0" bw="32" slack="0"/>
<pin id="46" dir="0" index="1" bw="32" slack="0"/>
<pin id="47" dir="1" index="2" bw="32" slack="1"/>
</pin_list>
<bind>
<opcode="read(1150) " fcode="read"/>
<opset="a_read/1 "/>
</bind>
</comp>

<comp id="50" class="1004" name="b_read_read_fu_50">
<pin_list>
<pin id="51" dir="0" index="0" bw="32" slack="0"/>
<pin id="52" dir="0" index="1" bw="32" slack="0"/>
<pin id="53" dir="1" index="2" bw="32" slack="1"/>
</pin_list>
<bind>
<opcode="read(1150) " fcode="read"/>
<opset="b_read/1 "/>
</bind>
</comp>

<comp id="56" class="1004" name="instr_read_read_fu_56">
<pin_list>
<pin id="57" dir="0" index="0" bw="32" slack="0"/>
<pin id="58" dir="0" index="1" bw="32" slack="0"/>
<pin id="59" dir="1" index="2" bw="32" slack="0"/>
</pin_list>
<bind>
<opcode="read(1150) " fcode="read"/>
<opset="instr_read/1 "/>
</bind>
</comp>

<comp id="62" class="1004" name="write_ln21_write_fu_62">
<pin_list>
<pin id="63" dir="0" index="0" bw="0" slack="0"/>
<pin id="64" dir="0" index="1" bw="32" slack="0"/>
<pin id="65" dir="0" index="2" bw="32" slack="0"/>
<pin id="66" dir="1" index="3" bw="0" slack="2147483647"/>
</pin_list>
<bind>
<opcode="write(1151) " fcode="write"/>
<opset="write_ln21/4 "/>
</bind>
</comp>

<comp id="69" class="1004" name="grp_fu_69">
<pin_list>
<pin id="70" dir="0" index="0" bw="32" slack="1"/>
<pin id="71" dir="0" index="1" bw="32" slack="1"/>
<pin id="72" dir="1" index="2" bw="32" slack="1"/>
</pin_list>
<bind>
<opcode="mul(12) " fcode="mul"/>
<opset="mul/2 "/>
</bind>
</comp>

<comp id="73" class="1004" name="icmp_ln14_fu_73">
<pin_list>
<pin id="74" dir="0" index="0" bw="32" slack="0"/>
<pin id="75" dir="0" index="1" bw="32" slack="0"/>
<pin id="76" dir="1" index="2" bw="1" slack="3"/>
</pin_list>
<bind>
<opcode="icmp(45) " fcode="icmp"/>
<opset="icmp_ln14/1 "/>
</bind>
</comp>

<comp id="79" class="1004" name="regc_load_load_fu_79">
<pin_list>
<pin id="80" dir="0" index="0" bw="32" slack="0"/>
<pin id="81" dir="1" index="1" bw="32" slack="0"/>
</pin_list>
<bind>
<opcode="load(27) " fcode="load"/>
<opset="regc_load/4 "/>
</bind>
</comp>

<comp id="83" class="1004" name="add_ln18_fu_83">
<pin_list>
<pin id="84" dir="0" index="0" bw="32" slack="0"/>
<pin id="85" dir="0" index="1" bw="32" slack="1"/>
<pin id="86" dir="1" index="2" bw="32" slack="0"/>
</pin_list>
<bind>
<opcode="add(8) " fcode="add"/>
<opset="add_ln18/4 "/>
</bind>
</comp>

<comp id="88" class="1004" name="select_ln14_fu_88">
<pin_list>
<pin id="89" dir="0" index="0" bw="1" slack="3"/>
<pin id="90" dir="0" index="1" bw="32" slack="1"/>
<pin id="91" dir="0" index="2" bw="32" slack="0"/>
<pin id="92" dir="1" index="3" bw="32" slack="0"/>
</pin_list>
<bind>
<opcode="select(49) " fcode="select"/>
<opset="select_ln14/4 "/>
</bind>
</comp>

<comp id="95" class="1004" name="store_ln14_store_fu_95">
<pin_list>
<pin id="96" dir="0" index="0" bw="32" slack="0"/>
<pin id="97" dir="0" index="1" bw="32" slack="0"/>
<pin id="98" dir="1" index="2" bw="0" slack="2147483647"/>
</pin_list>
<bind>
<opcode="store(28) " fcode="store"/>
<opset="store_ln14/4 "/>
</bind>
</comp>

<comp id="101" class="1005" name="a_read_reg_101">
<pin_list>
<pin id="102" dir="0" index="0" bw="32" slack="1"/>
<pin id="103" dir="1" index="1" bw="32" slack="1"/>
</pin_list>
<bind>
<opset="a_read "/>
</bind>
</comp>

<comp id="106" class="1005" name="b_read_reg_106">
<pin_list>
<pin id="107" dir="0" index="0" bw="32" slack="1"/>
<pin id="108" dir="1" index="1" bw="32" slack="1"/>
</pin_list>
<bind>
<opset="b_read "/>
</bind>
</comp>

<comp id="111" class="1005" name="icmp_ln14_reg_111">
<pin_list>
<pin id="112" dir="0" index="0" bw="1" slack="3"/>
<pin id="113" dir="1" index="1" bw="1" slack="3"/>
</pin_list>
<bind>
<opset="icmp_ln14 "/>
</bind>
</comp>

<comp id="116" class="1005" name="mul_reg_116">
<pin_list>
<pin id="117" dir="0" index="0" bw="32" slack="1"/>
<pin id="118" dir="1" index="1" bw="32" slack="1"/>
</pin_list>
<bind>
<opset="mul "/>
</bind>
</comp>

</comp_list>

<net_list>
<net id="48"><net_src comp="10" pin="0"/><net_sink comp="44" pin=0"/></net>

<net id="49"><net_src comp="0" pin="0"/><net_sink comp="44" pin=1"/></net>

<net id="54"><net_src comp="10" pin="0"/><net_sink comp="50" pin=0"/></net>

<net id="55"><net_src comp="2" pin="0"/><net_sink comp="50" pin=1"/></net>

<net id="60"><net_src comp="10" pin="0"/><net_sink comp="56" pin=0"/></net>

<net id="61"><net_src comp="6" pin="0"/><net_sink comp="56" pin=1"/></net>

<net id="67"><net_src comp="42" pin="0"/><net_sink comp="62" pin=0"/></net>

<net id="68"><net_src comp="4" pin="0"/><net_sink comp="62" pin=1"/></net>

<net id="77"><net_src comp="56" pin="2"/><net_sink comp="73" pin=0"/></net>

<net id="78"><net_src comp="12" pin="0"/><net_sink comp="73" pin=1"/></net>

<net id="82"><net_src comp="8" pin="0"/><net_sink comp="79" pin=0"/></net>

<net id="87"><net_src comp="79" pin="1"/><net_sink comp="83" pin=0"/></net>

<net id="93"><net_src comp="83" pin="2"/><net_sink comp="88" pin=2"/></net>

<net id="94"><net_src comp="88" pin="3"/><net_sink comp="62" pin=2"/></net>

<net id="99"><net_src comp="88" pin="3"/><net_sink comp="95" pin=0"/></net>

<net id="100"><net_src comp="8" pin="0"/><net_sink comp="95" pin=1"/></net>

<net id="104"><net_src comp="44" pin="2"/><net_sink comp="101" pin=0"/></net>

<net id="105"><net_src comp="101" pin="1"/><net_sink comp="69" pin=1"/></net>

<net id="109"><net_src comp="50" pin="2"/><net_sink comp="106" pin=0"/></net>

<net id="110"><net_src comp="106" pin="1"/><net_sink comp="69" pin=0"/></net>

<net id="114"><net_src comp="73" pin="2"/><net_sink comp="111" pin=0"/></net>

<net id="115"><net_src comp="111" pin="1"/><net_sink comp="88" pin=0"/></net>

<net id="119"><net_src comp="69" pin="2"/><net_sink comp="116" pin=0"/></net>

<net id="120"><net_src comp="116" pin="1"/><net_sink comp="83" pin=1"/></net>

<net id="121"><net_src comp="116" pin="1"/><net_sink comp="88" pin=1"/></net>

</net_list>

</model> 
---------------- Datapath Model END ------------------

* FSMD analyzer results:
  - Output states:
	Port: c | {4 }
	Port: regc | {4 }
 - Input state : 
	Port: axil_macc : a | {1 }
	Port: axil_macc : b | {1 }
	Port: axil_macc : instr | {1 }
	Port: axil_macc : regc | {4 }
  - Chain level:
	State 1
	State 2
	State 3
	State 4
		add_ln18 : 1
		select_ln14 : 2
		store_ln14 : 3
		write_ln21 : 3


============================================================
+ Verbose Summary: Datapath Resource usage 
============================================================

* Functional unit list:
|----------|------------------------|---------|---------|---------|
| Operation|     Functional Unit    |   DSP   |    FF   |   LUT   |
|----------|------------------------|---------|---------|---------|
|    mul   |        grp_fu_69       |    3    |   165   |    50   |
|----------|------------------------|---------|---------|---------|
|   icmp   |     icmp_ln14_fu_73    |    0    |    0    |    39   |
|----------|------------------------|---------|---------|---------|
|    add   |     add_ln18_fu_83     |    0    |    0    |    39   |
|----------|------------------------|---------|---------|---------|
|  select  |    select_ln14_fu_88   |    0    |    0    |    32   |
|----------|------------------------|---------|---------|---------|
|          |    a_read_read_fu_44   |    0    |    0    |    0    |
|   read   |    b_read_read_fu_50   |    0    |    0    |    0    |
|          |  instr_read_read_fu_56 |    0    |    0    |    0    |
|----------|------------------------|---------|---------|---------|
|   write  | write_ln21_write_fu_62 |    0    |    0    |    0    |
|----------|------------------------|---------|---------|---------|
|   Total  |                        |    3    |   165   |   160   |
|----------|------------------------|---------|---------|---------|

Memories:
N/A

* Register list:
+-----------------+--------+
|                 |   FF   |
+-----------------+--------+
|  a_read_reg_101 |   32   |
|  b_read_reg_106 |   32   |
|icmp_ln14_reg_111|    1   |
|   mul_reg_116   |   32   |
+-----------------+--------+
|      Total      |   97   |
+-----------------+--------+

* Multiplexer (MUX) list: 
|--------|------|------|------|--------|
|  Comp  |  Pin | Size |  BW  | S x BW |
|--------|------|------|------|--------|
|  Total |      |      |      |    0   |
|--------|------|------|------|--------|



* Summary:
+-----------+--------+--------+--------+
|           |   DSP  |   FF   |   LUT  |
+-----------+--------+--------+--------+
|  Function |    3   |   165  |   160  |
|   Memory  |    -   |    -   |    -   |
|Multiplexer|    -   |    -   |    -   |
|  Register |    -   |   97   |    -   |
+-----------+--------+--------+--------+
|   Total   |    3   |   262  |   160  |
+-----------+--------+--------+--------+
