# 
# Steps log generated by v++
# This log file contains a collection of steps that describe the kernel compilation flow
# Note: Some steps are tagged as internal, these steps are for debugging purposes and 
#       are not expected to be able to run independently.
# 

# The following environment variables are set when running vitis-run
Environment variables :
------------------------------------------
ALLUSERSPROFILE=C:\ProgramData
APPDATA=C:\Users\joaoc\AppData\Roaming
arr.length=0
arr.Ubound=-1
CHARPOP=1
ChocolateyInstall=C:\ProgramData\chocolatey
ChocolateyLastPathUpdate=133740128380206483
CMAKE_OBJECT_PATH_MAX=4096
CommonProgramFiles=C:\Program Files\Common Files
CommonProgramFiles(x86)=C:\Program Files (x86)\Common Files
CommonProgramW6432=C:\Program Files\Common Files
COMPUTERNAME=JD_LAPTOP
ComSpec=C:\WINDOWS\system32\cmd.exe
DriverData=C:\Windows\System32\Drivers\DriverData
EFC_8788_1262719628=1
EFC_8788_1592913036=1
EFC_8788_2775293581=1
EFC_8788_3789132940=1
HDI_APPROOT=C:/Xilinx/Vitis/2024.2
HDI_PROCESSOR=i686
HOMEDRIVE=C:
HOMEPATH=\Users\joaoc
HW_SERVER_DJTG_DISABLE=1
HW_SERVER_FTDIMGR_DISABLE=1
IDE_SKIP_SERVER_LICENSE=1
INT_VARIABLE_NAME=XILINX_PATH
ISL_IOSTREAMS_RSA=C:/Xilinx/Vitis/2024.2/tps/isl
JAVA_EXE=C:/Xilinx\Vitis\2024.2\tps\win64\jre11.0.16_1\bin\java.exe
JAVA_HOME=C:/Xilinx\Vitis\2024.2\tps\win64\jre11.0.16_1
KRB5_CONFIG=C:\ProgramData\Kerberos\krb5.conf
LC_NUMERIC=C
LOCALAPPDATA=C:\Users\joaoc\AppData\Local
LOGONSERVER=\\JD_LAPTOP
LOPPER_DTC_FLAGS=-b 0 -@
NOSPLASH=false
NUMBER_OF_PROCESSORS=12
OneDrive=C:\Users\joaoc\OneDrive - Universidade de Lisboa
OneDriveCommercial=C:\Users\joaoc\OneDrive - Universidade de Lisboa
OneDriveConsumer=C:\Users\joaoc\OneDrive
ORIGINAL_XDG_CURRENT_DESKTOP=undefined
OS=Windows_NT
PATH=C:/Xilinx/Vivado/2024.2/tps/win64/binutils-2.26/bin;C:/Xilinx/Vitis/2024.2/bin/../gnu/aarch64/nt/aarch64-linux/bin;C:/Xilinx/Vitis/2024.2/bin/../gnu/ppc64le/4.9.3/win64/bin;C:/Xilinx/Vitis/2024.2/bin/../gnu/aarch32/nt/gcc-arm-linux-gnueabi/bin;C:/Xilinx/Vitis/2024.2/tps/mingw/6.2.0/win64.o/nt/bin;C:/Xilinx/Vivado/2024.2\gnuwin\bin;C:/Xilinx/Vivado/2024.2\gnu\microblaze\nt\bin;C:/Xilinx/Vitis/2024.2/bin;C:/Xilinx/Vitis/2024.2/tps/win64/javafx-sdk-11.0.2/lib;C:/Xilinx/Vitis/2024.2/tps/win64/javafx-sdk-11.0.2/bin;C:/Xilinx/Vitis/2024.2/lib/win64.o;C:/Xilinx/Vitis/2024.2/tps/win64/jre11.0.16_1/bin/server;C:/Xilinx/Vitis/2024.2/tps/win64/jre11.0.16_1/bin;C:\Xilinx\Vitis\2024.2\tps\win64\LOPPER~1.0-P\min_sdk\\usr\bin;C:/Xilinx\Vitis\2024.2\tps\win64\cmake-3.24.2\bin;C:/Xilinx\Vitis\2024.2\gnu\microblaze\nt\bin;C:/Xilinx\Vitis\2024.2\gnu\microblaze\linux_toolchain\nt64_le\bin;C:/Xilinx\Vitis\2024.2\gnu\aarch32\nt\gcc-arm-linux-gnueabi\bin;C:/Xilinx\Vitis\2024.2\gnu\aarch32\nt\gcc-arm-none-eabi\bin;C:/Xilinx\Vitis\2024.2\gnu\aarch64\nt\aarch64-linux\bin;C:/Xilinx\Vitis\2024.2\gnu\aarch64\nt\aarch64-none\bin;C:/Xilinx\Vitis\2024.2\gnu\armr5\nt\gcc-arm-none-eabi\bin;C:/Xilinx\Vitis\2024.2\gnuwin\bin;C:/Xilinx\Vitis\2024.2\tps\win64\python-3.8.3;C:/Xilinx\Vitis\2024.2\tps\win64\libxslt\bin;C:/Xilinx/Vivado/2024.2\bin;C:/Xilinx/Vitis/2024.2\gnu\arm\nt\bin;C:/Xilinx/Vitis/2024.2\gnu\microblaze\linux_toolchain\nt64_be\bin;C:/Xilinx/Vitis/2024.2\gnu\riscv\nt\riscv64-unknown-elf\bin;C:/Xilinx/Vivado/2024.2\tps\win64\python-3.8.3;C:/Xilinx/Vivado/2024.2\tps\win64\git-2.45.0\bin;C:/Xilinx/Vivado/2024.2\tps\win64\cmake-3.24.2\bin;C:/Xilinx/Vitis/2024.2\win64\tools\clang\bin;C:\Program Files\Python312\Scripts\;C:\Program Files\Python312\;C:\Program Files\Eclipse Adoptium\jre-21.0.4.7-hotspot\bin;C:\WINDOWS\system32;C:\WINDOWS;C:\WINDOWS\System32\Wbem;C:\WINDOWS\System32\WindowsPowerShell\v1.0\;C:\WINDOWS\System32\OpenSSH\;C:\Program Files\Microsoft VS Code\bin;C:\Program Files\dotnet\;C:\Program Files (x86)\NVIDIA Corporation\PhysX\Common;C:\Program Files\PuTTY\;C:\Program Files\Secure Endpoints\NetIDMgr\;C:\Program Files\Heimdal\bin\;C:\Program Files (x86)\Heimdal\bin\;C:\Program Files\OpenAFS\Client\Program;C:\Program Files (x86)\OpenAFS\Client\Program;C:\Program Files\nodejs\;C:\ProgramData\chocolatey\bin;C:\Program Files\NVIDIA Corporation\NVIDIA app\NvDLISR;C:\Program Files\Docker\Docker\resources\bin;C:\Users\joaoc\AppData\Local\Microsoft\WindowsApps;C:\Users\joaoc\AppData\Local\Muse Hub\lib;C:\Users\joaoc\AppData\Local\GitHubDesktop\bin;C:\Users\joaoc\AppData\Local\Microsoft\WinGet\Packages\Schniz.fnm_Microsoft.Winget.Source_8wekyb3d8bbwe;C:\Users\joaoc\AppData\Roaming\npm;;C:/Xilinx/Vitis/2024.2\tps\mingw\6.2.0\win64.o\nt\bin;C:/Xilinx/Vitis/2024.2\tps\mingw\6.2.0\win64.o\nt\libexec\gcc\x86_64-w64-mingw32\6.2.0
PATHEXT=.COM;.EXE;.BAT;.CMD;.VBS;.VBE;.JS;.JSE;.WSF;.WSH;.MSC;.PY;.PYW
PROCESSOR_ARCHITECTURE=AMD64
PROCESSOR_IDENTIFIER=Intel64 Family 6 Model 158 Stepping 10, GenuineIntel
PROCESSOR_LEVEL=6
PROCESSOR_REVISION=9e0a
PRODVERSION_EXE=C:/Xilinx/Vitis/2024.2/bin/unwrapped/win64.o/prodversion.exe
ProgramData=C:\ProgramData
ProgramFiles=C:\Program Files
ProgramFiles(x86)=C:\Program Files (x86)
ProgramW6432=C:\Program Files
PROMPT=$P$G
PSModulePath=C:\Program Files\WindowsPowerShell\Modules;C:\WINDOWS\system32\WindowsPowerShell\v1.0\Modules
PUBLIC=C:\Users\Public
PYTHONPATH=C:\Users\joaoc\Documents\GitHub\TSCom_2024-2025\DEMO2\microscalling_lib;C:/Xilinx/Vitis/2024.2\cli;C:/Xilinx/Vitis/2024.2\cli\python-packages\win64;C:/Xilinx/Vitis/2024.2\cli\python-packages\site-packages;C:/Xilinx/Vitis/2024.2\cli\proto;C:/Xilinx/Vitis/2024.2\scripts\python_pkg;
python_path=C:\Users\joaoc\Documents\GitHub\TSCom_2024-2025\DEMO2\microscalling_lib;C:/Xilinx/Vitis/2024.2\cli;C:/Xilinx/Vitis/2024.2\cli\python-packages\win64;C:/Xilinx/Vitis/2024.2\cli\python-packages\site-packages;C:/Xilinx/Vitis/2024.2\cli\proto;C:/Xilinx/Vitis/2024.2\scripts\python_pkg;
RDI_APPROOT=C:/Xilinx/Vitis/2024.2
RDI_ARGS= --mode hls --csim --config C:\GitHub\CoP-HW-SW_2024-2025\Lab0\Vitis\matrix_mult\hls_config.cfg --work_dir axil_mat_prod1
RDI_ARGS_FUNCTION=RDI_EXEC_DEFAULT
RDI_BASEROOT=C:/Xilinx/Vitis
RDI_BINDIR=C:/Xilinx/Vitis/2024.2/bin
RDI_BINROOT=C:/Xilinx/Vitis/2024.2/bin
RDI_BUILD=yes
RDI_CHECK_PROG=True
RDI_DATADIR=C:/Xilinx/SharedData/2024.2/data;C:/Xilinx/Vitis/2024.2/data
RDI_INSTALLROOT=C:/Xilinx
RDI_INSTALLVER=2024.2
RDI_INSTALLVERSION=2024.2
RDI_JAVACEFROOT=C:/Xilinx/Vitis/2024.2/tps/win64/java-cef-95.0.4638.69
RDI_JAVAFXROOT=C:/Xilinx/Vitis/2024.2/tps/win64/javafx-sdk-11.0.2
RDI_JAVAROOT=C:/Xilinx/Vitis/2024.2/tps/win64/jre11.0.16_1
RDI_JAVA_VERSION=11.0.16_1
RDI_LIBDIR=C:/Xilinx/Vitis/2024.2/lib/win64.o
RDI_MINGW_LIB=C:/Xilinx/Vitis/2024.2\tps\mingw\6.2.0\win64.o\nt\bin;C:/Xilinx/Vitis/2024.2\tps\mingw\6.2.0\win64.o\nt\libexec\gcc\x86_64-w64-mingw32\6.2.0
RDI_OPT_EXT=.o
RDI_OS_ARCH=64
RDI_PLATFORM=win64
RDI_PREPEND_PATH=C:/Xilinx/Vitis/2024.2/bin
RDI_PROG=C:/Xilinx/Vitis/2024.2/bin/unwrapped/win64.o/vitis-run.exe
RDI_PROGNAME=vitis-run.exe
RDI_SESSION_INFO=C:\Xilinx\Vitis\2024.2\bin:JD_LAPTOP-07-05-2025_9-22-56.12
RDI_SHARED_DATA=C:/Xilinx/SharedData/2024.2/data
RDI_TPS_ROOT=C:/Xilinx/Vivado/2024.2/tps/win64
RDI_USE_JDK11=1
RDI_VERBOSE=False
RT_LIBPATH=C:/Xilinx/Vitis/2024.2/scripts/rt/data
RT_TCL_PATH=C:/Xilinx/Vitis/2024.2/scripts/rt/base_tcl/tcl
SDKROOT=C:\Xilinx\Vitis\2024.2\tps\win64\LOPPER~1.0-P\min_sdk\
SESSIONNAME=Console
session_string=C:\GitHub\CoP-HW-SW_2024-2025\Lab0\Vitis\matrix_mult:JD_LAPTOP-07-05-2025_9-33-42.69
SHARED_DATA_HOME="C:/Xilinx/SharedData/2024.2"
supports_classic_ide=true
SWIG_LIB=C:\Xilinx\Vitis\2024.2\tps\win64\LOPPER~1.0-P\min_sdk\\usr\lib\swig\4.2.1
SYNTH_COMMON=C:/Xilinx/Vitis/2024.2/scripts/rt/data
SystemDrive=C:
SystemRoot=C:\WINDOWS
TCL_LIBRARY=C:/Xilinx/Vitis/2024.2/tps/tcl/tcl8.6
TCMALLOC_LARGE_ALLOC_REPORT_THRESHOLD=4294967296
TEMP=C:\Users\joaoc\AppData\Local\Temp
THEIA_APP_PROJECT_PATH=C:\Xilinx\Vitis\2024.2\ide\electron-app\win64\resources\app
THEIA_DEFAULT_PLUGINS=local-dir:C:\Xilinx\Vitis\2024.2\ide\electron-app\win64\resources\app\plugins
THEIA_ELECTRON_TOKEN={"value":"3941f89c-9486-4469-a143-da5f74484ef1"}
THEIA_ELECTRON_VERSION=15.5.7
THEIA_PLUGINS=local-dir:C:\Users\joaoc\.theia\plugins
TMP=C:\Users\joaoc\AppData\Local\Temp
tooldir=tps\win64\git-2.41.0
TOOLS_CLANG=C:/Xilinx/Vitis/2024.2\win64\tools\clang
TPS_CMAKE=C:/Xilinx/Vivado/2024.2\tps\win64\cmake-3.24.2
TPS_GIT=C:/Xilinx/Vivado/2024.2\tps\win64\git-2.45.0
TPS_LIBXSLT=C:/Xilinx/Vitis/2024.2\tps\win64\libxslt
TPS_PYTHON=C:/Xilinx/Vivado/2024.2\tps\win64\python-3.8.3
USERDOMAIN=JD_LAPTOP
USERDOMAIN_ROAMINGPROFILE=JD_LAPTOP
USERNAME=joaoc
USERPROFILE=C:\Users\joaoc
VITISNEW=true
VSCODE_API_VERSION=1.53.2
windir=C:\WINDOWS
XILINX_HLS=C:/Xilinx/Vitis/2024.2
XILINX_PLANAHEAD=C:/Xilinx/Vitis/2024.2
XILINX_SDK=C:/Xilinx/Vitis/2024.2
XILINX_VCXX=C:/Xilinx/Vitis/2024.2/vcxx
XILINX_VERSION_DEFAULT=2024.2
XILINX_VERSION_VITIS=2024.2
XILINX_VITIS=C:/Xilinx\Vitis\2024.2
XILINX_VITIS_GIT=C:/Xilinx/Vivado/2024.2\tps\win64\git-2.45.0\bin
XILINX_VITIS_HLS_ENCAPSULATED=1
XILINX_VITIS_VERSION=Vitis v2024.2 (64-bit)
XILINX_VIVADO=C:/Xilinx/Vivado/2024.2
XILINX_VIVADO_HLS=C:/Xilinx/Vivado/2024.2
XIL_CHECK_TCL_DEBUG=False
XIL_NO_OVERRIDE=0
XIL_SUPPRESS_OVERRIDE_WARNINGS=1
XVREDIST=C:/Xilinx/Vitis/2024.2\tps\win64\xvcredist.exe
_RDI_BINROOT=C:\Xilinx\Vitis\2024.2\bin
_RDI_CWD=C:\GitHub\CoP-HW-SW_2024-2025\Lab0\Vitis\matrix_mult
_RDI_DONT_SET_XILINX_AS_PATH=True
_RDI_VERSION_PROG=vitis-run
_valid=False
XILINX_CD_CONNECT_ID=51960
XILINX_CD_SESSION=300b6763-5928-4737-9860-e691d142ea66


VITIS-RUN command line:
------------------------------------------
C:/Xilinx/Vitis/2024.2/bin/unwrapped/win64.o/vitis-run.exe --mode hls --csim --config C:\GitHub\CoP-HW-SW_2024-2025\Lab0\Vitis\matrix_mult\hls_config.cfg --work_dir axil_mat_prod1 

FINAL PROGRAM OPTIONS
--config C:\GitHub\CoP-HW-SW_2024-2025\Lab0\Vitis\matrix_mult\hls_config.cfg
--csim
--hls.clock 10ns
--hls.clock_uncertainty 27%
--hls.csim.code_analyzer 1
--hls.flow_target vivado
--hls.package.output.format ip_catalog
--hls.package.output.syn false
--hls.syn.file C:/GitHub/CoP-HW-SW_2024-2025/Lab0/axilite_matprod_files/HLS/axil_mat_prod1.cpp
--hls.syn.file C:/GitHub/CoP-HW-SW_2024-2025/Lab0/axilite_matprod_files/HLS/axil_mat_prod1.h
--hls.syn.top axil_mat_prod1
--hls.tb.file C:/GitHub/CoP-HW-SW_2024-2025/Lab0/axilite_matprod_files/HLS/tb_axil_mat_prod1.cpp
--mode hls
--part xc7z010clg400-1
--work_dir axil_mat_prod1

PARSED COMMAND LINE OPTIONS
--mode hls 
--csim 
--config C:\GitHub\CoP-HW-SW_2024-2025\Lab0\Vitis\matrix_mult\hls_config.cfg 
--work_dir axil_mat_prod1 

PARSED CONFIG FILE (1) OPTIONS
file: C:\GitHub\CoP-HW-SW_2024-2025\Lab0\Vitis\matrix_mult\hls_config.cfg
part xc7z010clg400-1 
hls.flow_target vivado 
hls.package.output.format ip_catalog 
hls.package.output.syn false 
hls.syn.top axil_mat_prod1 
hls.syn.file C:/GitHub/CoP-HW-SW_2024-2025/Lab0/axilite_matprod_files/HLS/axil_mat_prod1.cpp 
hls.syn.file C:/GitHub/CoP-HW-SW_2024-2025/Lab0/axilite_matprod_files/HLS/axil_mat_prod1.h 
hls.tb.file C:/GitHub/CoP-HW-SW_2024-2025/Lab0/axilite_matprod_files/HLS/tb_axil_mat_prod1.cpp 
hls.clock 10ns 
hls.clock_uncertainty 27% 
hls.csim.code_analyzer 1 


==========================================
new:  steps log generated by v++ for new launch 
timestamp: 07 May 2025 09:33:49

------------------------------------------
VITIS-RUN command line :
------------------------------------------
C:/Xilinx/Vitis/2024.2/bin/unwrapped/win64.o/vitis-run.exe --mode hls --csim --config C:\GitHub\CoP-HW-SW_2024-2025\Lab0\Vitis\matrix_mult\hls_config.cfg --work_dir axil_mat_prod1 
  Options from -O    : 
  Options from *.ini : 
  Options from Hw Platform : 

==========================================
new:  steps log generated by v++ for new launch 
timestamp: 07 May 2025 09:35:41

------------------------------------------
VITIS-RUN command line :
------------------------------------------
C:/Xilinx/Vitis/2024.2/bin/unwrapped/win64.o/vitis-run.exe --mode hls --csim --config C:\GitHub\CoP-HW-SW_2024-2025\Lab0\Vitis\matrix_mult\hls_config.cfg --work_dir axil_mat_prod1 
  Options from -O    : 
  Options from *.ini : 
  Options from Hw Platform : 

==========================================
new:  steps log generated by v++ for new launch 
timestamp: 07 May 2025 09:41:19

------------------------------------------
VITIS-RUN command line :
------------------------------------------
C:/Xilinx/Vitis/2024.2/bin/unwrapped/win64.o/vitis-run.exe --mode hls --csim --config C:\GitHub\CoP-HW-SW_2024-2025\Lab0\Vitis\matrix_mult\hls_config.cfg --work_dir axil_mat_prod1 
  Options from -O    : 
  Options from *.ini : 
  Options from Hw Platform : 

==========================================
new:  steps log generated by v++ for new launch 
timestamp: 07 May 2025 09:44:31

------------------------------------------
VITIS-RUN command line :
------------------------------------------
C:/Xilinx/Vitis/2024.2/bin/unwrapped/win64.o/vitis-run.exe --mode hls --csim --config C:\GitHub\CoP-HW-SW_2024-2025\Lab0\Vitis\matrix_mult\hls_config.cfg --work_dir axil_mat_prod1 
  Options from -O    : 
  Options from *.ini : 
  Options from Hw Platform : 

==========================================
new:  steps log generated by v++ for new launch 
timestamp: 07 May 2025 09:45:21

------------------------------------------
VITIS-RUN command line :
------------------------------------------
C:/Xilinx/Vitis/2024.2/bin/unwrapped/win64.o/vitis-run.exe --mode hls --csim --config C:\GitHub\CoP-HW-SW_2024-2025\Lab0\Vitis\matrix_mult\hls_config.cfg --work_dir axil_mat_prod1 
  Options from -O    : 
  Options from *.ini : 
  Options from Hw Platform : 

==========================================
new:  steps log generated by v++ for new launch 
timestamp: 07 May 2025 09:49:04

------------------------------------------
VITIS-RUN command line :
------------------------------------------
C:/Xilinx/Vitis/2024.2/bin/unwrapped/win64.o/vitis-run.exe --mode hls --csim --config C:\GitHub\CoP-HW-SW_2024-2025\Lab0\Vitis\matrix_mult\hls_config.cfg --work_dir axil_mat_prod1 
  Options from -O    : 
  Options from *.ini : 
  Options from Hw Platform : 

==========================================
new:  steps log generated by v++ for new launch 
timestamp: 07 May 2025 09:49:50

------------------------------------------
VITIS-RUN command line :
------------------------------------------
C:/Xilinx/Vitis/2024.2/bin/unwrapped/win64.o/vitis-run.exe --mode hls --csim --config C:\GitHub\CoP-HW-SW_2024-2025\Lab0\Vitis\matrix_mult\hls_config.cfg --work_dir axil_mat_prod1 
  Options from -O    : 
  Options from *.ini : 
  Options from Hw Platform : 

==========================================
new:  steps log generated by v++ for new launch 
timestamp: 07 May 2025 09:51:51

------------------------------------------
VITIS-RUN command line :
------------------------------------------
C:/Xilinx/Vitis/2024.2/bin/unwrapped/win64.o/vitis-run.exe --mode hls --csim --config C:\GitHub\CoP-HW-SW_2024-2025\Lab0\Vitis\matrix_mult\hls_config.cfg --work_dir axil_mat_prod1 
  Options from -O    : 
  Options from *.ini : 
  Options from Hw Platform : 

==========================================
new:  steps log generated by v++ for new launch 
timestamp: 07 May 2025 09:52:53

------------------------------------------
V++ command line :
------------------------------------------
C:/Xilinx/Vitis/2024.2/bin/unwrapped/win64.o/v++.exe -c --mode hls --config C:\GitHub\CoP-HW-SW_2024-2025\Lab0\Vitis\matrix_mult\hls_config.cfg --work_dir axil_mat_prod1 
  Options from -O    : 
  Options from *.ini : 
  Options from Hw Platform : 

==========================================
new:  steps log generated by v++ for new launch 
timestamp: 07 May 2025 09:54:32

------------------------------------------
VITIS-RUN command line :
------------------------------------------
C:/Xilinx/Vitis/2024.2/bin/unwrapped/win64.o/vitis-run.exe --mode hls --cosim --config C:\GitHub\CoP-HW-SW_2024-2025\Lab0\Vitis\matrix_mult\hls_config.cfg --work_dir axil_mat_prod1 
  Options from -O    : 
  Options from *.ini : 
  Options from Hw Platform : 

==========================================
new:  steps log generated by v++ for new launch 
timestamp: 07 May 2025 09:55:43

------------------------------------------
VITIS-RUN command line :
------------------------------------------
C:/Xilinx/Vitis/2024.2/bin/unwrapped/win64.o/vitis-run.exe --mode hls --package --config C:\GitHub\CoP-HW-SW_2024-2025\Lab0\Vitis\matrix_mult\hls_config.cfg --work_dir axil_mat_prod1 
  Options from -O    : 
  Options from *.ini : 
  Options from Hw Platform : 

==========================================
new:  steps log generated by v++ for new launch 
timestamp: 07 May 2025 09:57:12

------------------------------------------
V++ command line :
------------------------------------------
C:/Xilinx/Vitis/2024.2/bin/unwrapped/win64.o/v++.exe -c --mode hls --config C:\GitHub\CoP-HW-SW_2024-2025\Lab0\Vitis\matrix_mult\hls_config.cfg --work_dir axil_mat_prod1 
  Options from -O    : 
  Options from *.ini : 
  Options from Hw Platform : 

==========================================
new:  steps log generated by v++ for new launch 
timestamp: 07 May 2025 11:32:15

------------------------------------------
VITIS-RUN command line :
------------------------------------------
C:/Xilinx/Vitis/2024.2/bin/unwrapped/win64.o/vitis-run.exe --mode hls --package --config C:\GitHub\CoP-HW-SW_2024-2025\Lab0\Vitis\matrix_mult\hls_config.cfg --work_dir axil_mat_prod1 
  Options from -O    : 
  Options from *.ini : 
  Options from Hw Platform : 

==========================================
new:  steps log generated by v++ for new launch 
timestamp: 07 May 2025 11:33:19

------------------------------------------
VITIS-RUN command line :
------------------------------------------
C:/Xilinx/Vitis/2024.2/bin/unwrapped/win64.o/vitis-run.exe --mode hls --cosim --config C:\GitHub\CoP-HW-SW_2024-2025\Lab0\Vitis\matrix_mult\hls_config.cfg --work_dir axil_mat_prod1 
  Options from -O    : 
  Options from *.ini : 
  Options from Hw Platform : 

==========================================
new:  steps log generated by v++ for new launch 
timestamp: 07 May 2025 22:06:15

------------------------------------------
V++ command line :
------------------------------------------
C:/Xilinx/Vitis/2024.2/bin/unwrapped/win64.o/v++.exe -c --mode hls --config C:\GitHub\CoP-HW-SW_2024-2025\Lab0\Vitis\matrix_mult\hls_config.cfg --work_dir axil_mat_prod1 
  Options from -O    : 
  Options from *.ini : 
  Options from Hw Platform : 

==========================================
new:  steps log generated by v++ for new launch 
timestamp: 07 May 2025 22:06:39

------------------------------------------
VITIS-RUN command line :
------------------------------------------
C:/Xilinx/Vitis/2024.2/bin/unwrapped/win64.o/vitis-run.exe --mode hls --cosim --config C:\GitHub\CoP-HW-SW_2024-2025\Lab0\Vitis\matrix_mult\hls_config.cfg --work_dir axil_mat_prod1 
  Options from -O    : 
  Options from *.ini : 
  Options from Hw Platform : 

==========================================
new:  steps log generated by v++ for new launch 
timestamp: 07 May 2025 22:07:16

------------------------------------------
VITIS-RUN command line :
------------------------------------------
C:/Xilinx/Vitis/2024.2/bin/unwrapped/win64.o/vitis-run.exe --mode hls --cosim --config C:\GitHub\CoP-HW-SW_2024-2025\Lab0\Vitis\matrix_mult\hls_config.cfg --work_dir axil_mat_prod1 
  Options from -O    : 
  Options from *.ini : 
  Options from Hw Platform : 

==========================================
new:  steps log generated by v++ for new launch 
timestamp: 07 May 2025 22:11:19

------------------------------------------
VITIS-RUN command line :
------------------------------------------
C:/Xilinx/Vitis/2024.2/bin/unwrapped/win64.o/vitis-run.exe --mode hls --csim --config C:\GitHub\CoP-HW-SW_2024-2025\Lab0\Vitis\matrix_mult\hls_config.cfg --work_dir axil_mat_prod1 
  Options from -O    : 
  Options from *.ini : 
  Options from Hw Platform : 

==========================================
new:  steps log generated by v++ for new launch 
timestamp: 07 May 2025 22:11:43

------------------------------------------
V++ command line :
------------------------------------------
C:/Xilinx/Vitis/2024.2/bin/unwrapped/win64.o/v++.exe -c --mode hls --config C:\GitHub\CoP-HW-SW_2024-2025\Lab0\Vitis\matrix_mult\hls_config.cfg --work_dir axil_mat_prod1 
  Options from -O    : 
  Options from *.ini : 
  Options from Hw Platform : 

==========================================
new:  steps log generated by v++ for new launch 
timestamp: 07 May 2025 22:12:09

------------------------------------------
VITIS-RUN command line :
------------------------------------------
C:/Xilinx/Vitis/2024.2/bin/unwrapped/win64.o/vitis-run.exe --mode hls --cosim --config C:\GitHub\CoP-HW-SW_2024-2025\Lab0\Vitis\matrix_mult\hls_config.cfg --work_dir axil_mat_prod1 
  Options from -O    : 
  Options from *.ini : 
  Options from Hw Platform : 

==========================================
new:  steps log generated by v++ for new launch 
timestamp: 07 May 2025 22:12:33

------------------------------------------
VITIS-RUN command line :
------------------------------------------
C:/Xilinx/Vitis/2024.2/bin/unwrapped/win64.o/vitis-run.exe --mode hls --cosim --config C:\GitHub\CoP-HW-SW_2024-2025\Lab0\Vitis\matrix_mult\hls_config.cfg --work_dir axil_mat_prod1 
  Options from -O    : 
  Options from *.ini : 
  Options from Hw Platform : 

==========================================
new:  steps log generated by v++ for new launch 
timestamp: 07 May 2025 22:15:38

------------------------------------------
VITIS-RUN command line :
------------------------------------------
C:/Xilinx/Vitis/2024.2/bin/unwrapped/win64.o/vitis-run.exe --mode hls --cosim --config C:\GitHub\CoP-HW-SW_2024-2025\Lab0\Vitis\matrix_mult\hls_config.cfg --work_dir axil_mat_prod1 
  Options from -O    : 
  Options from *.ini : 
  Options from Hw Platform : 

==========================================
new:  steps log generated by v++ for new launch 
timestamp: 07 May 2025 22:17:00

------------------------------------------
VITIS-RUN command line :
------------------------------------------
C:/Xilinx/Vitis/2024.2/bin/unwrapped/win64.o/vitis-run.exe --mode hls --cosim --config C:\GitHub\CoP-HW-SW_2024-2025\Lab0\Vitis\matrix_mult\hls_config.cfg --work_dir axil_mat_prod1 
  Options from -O    : 
  Options from *.ini : 
  Options from Hw Platform : 

==========================================
new:  steps log generated by v++ for new launch 
timestamp: 07 May 2025 22:17:17

------------------------------------------
VITIS-RUN command line :
------------------------------------------
C:/Xilinx/Vitis/2024.2/bin/unwrapped/win64.o/vitis-run.exe --mode hls --cosim --config C:\GitHub\CoP-HW-SW_2024-2025\Lab0\Vitis\matrix_mult\hls_config.cfg --work_dir axil_mat_prod1 
  Options from -O    : 
  Options from *.ini : 
  Options from Hw Platform : 

==========================================
new:  steps log generated by v++ for new launch 
timestamp: 07 May 2025 22:18:18

------------------------------------------
VITIS-RUN command line :
------------------------------------------
C:/Xilinx/Vitis/2024.2/bin/unwrapped/win64.o/vitis-run.exe --mode hls --cosim --config C:\GitHub\CoP-HW-SW_2024-2025\Lab0\Vitis\matrix_mult\hls_config.cfg --work_dir axil_mat_prod1 
  Options from -O    : 
  Options from *.ini : 
  Options from Hw Platform : 

==========================================
new:  steps log generated by v++ for new launch 
timestamp: 07 May 2025 22:18:31
