  **** HLS Build v2024.2 5238294
INFO: [HLS 200-2005] Using work_dir C:/GitHub/CoP-HW-SW_2024-2025/Lab0/Vitis/matrix_mult/axil_mat_prod1 
INFO: [HLS 200-1505] Using default flow_target 'vivado'
Resolution: For help on HLS 200-1505 see docs.xilinx.com/access/sources/dita/topic?Doc_Version=2024.2%20English&url=ug1448-hls-guidance&resourceid=200-1505.html
INFO: [HLS 200-1465] Applying ini 'syn.file=C:/GitHub/CoP-HW-SW_2024-2025/Lab0/axilite_matprod_files/HLS/axil_mat_prod1.cpp' from C:/GitHub/CoP-HW-SW_2024-2025/Lab0/Vitis/matrix_mult/hls_config.cfg(8)
INFO: [HLS 200-10] Adding design file 'C:/GitHub/CoP-HW-SW_2024-2025/Lab0/axilite_matprod_files/HLS/axil_mat_prod1.cpp' to the project
INFO: [HLS 200-1465] Applying ini 'syn.file=C:/GitHub/CoP-HW-SW_2024-2025/Lab0/axilite_matprod_files/HLS/axil_mat_prod1.h' from C:/GitHub/CoP-HW-SW_2024-2025/Lab0/Vitis/matrix_mult/hls_config.cfg(9)
INFO: [HLS 200-10] Adding design file 'C:/GitHub/CoP-HW-SW_2024-2025/Lab0/axilite_matprod_files/HLS/axil_mat_prod1.h' to the project
INFO: [HLS 200-1465] Applying ini 'tb.file=C:/GitHub/CoP-HW-SW_2024-2025/Lab0/axilite_matprod_files/HLS/tb_axil_mat_prod1.cpp' from C:/GitHub/CoP-HW-SW_2024-2025/Lab0/Vitis/matrix_mult/hls_config.cfg(10)
INFO: [HLS 200-10] Adding test bench file 'C:/GitHub/CoP-HW-SW_2024-2025/Lab0/axilite_matprod_files/HLS/tb_axil_mat_prod1.cpp' to the project
INFO: [HLS 200-1465] Applying ini 'syn.top=axil_mat_prod1' from C:/GitHub/CoP-HW-SW_2024-2025/Lab0/Vitis/matrix_mult/hls_config.cfg(7)
INFO: [HLS 200-1465] Applying ini 'flow_target=vivado' from C:/GitHub/CoP-HW-SW_2024-2025/Lab0/Vitis/matrix_mult/hls_config.cfg(4)
INFO: [HLS 200-1505] Using flow_target 'vivado'
Resolution: For help on HLS 200-1505 see docs.xilinx.com/access/sources/dita/topic?Doc_Version=2024.2%20English&url=ug1448-hls-guidance&resourceid=200-1505.html
INFO: [HLS 200-1465] Applying ini 'part=xc7z010clg400-1' from C:/GitHub/CoP-HW-SW_2024-2025/Lab0/Vitis/matrix_mult/hls_config.cfg(1)
INFO: [HLS 200-1611] Setting target device to 'xc7z010-clg400-1'
INFO: [HLS 200-1465] Applying ini 'clock=10ns' from C:/GitHub/CoP-HW-SW_2024-2025/Lab0/Vitis/matrix_mult/hls_config.cfg(11)
INFO: [SYN 201-201] Setting up clock 'default' with a period of 10ns.
INFO: [HLS 200-1465] Applying ini 'clock_uncertainty=27%' from C:/GitHub/CoP-HW-SW_2024-2025/Lab0/Vitis/matrix_mult/hls_config.cfg(12)
INFO: [SYN 201-201] Setting up clock 'default' with an uncertainty of 2.7ns.
INFO: [HLS 200-1465] Applying ini 'csim.code_analyzer=0' from C:/GitHub/CoP-HW-SW_2024-2025/Lab0/Vitis/matrix_mult/hls_config.cfg(13)
INFO: [HLS 200-1465] Applying ini 'package.output.format=ip_catalog' from C:/GitHub/CoP-HW-SW_2024-2025/Lab0/Vitis/matrix_mult/hls_config.cfg(5)
INFO: [SIM 211-2] *************** CSIM start ***************
INFO: [SIM 211-4] CSIM will launch CLANG as the compiler.
INFO: [HLS 200-2036] Building debug C Simulation binaries
   Compiling ../../../../../../axilite_matprod_files/HLS/tb_axil_mat_prod1.cpp in debug mode
   Generating csim.exe
  -87   -21    86   107 
  -84    41  -125   -95 
   59   111   -33   -33 
  -52   124  -112   108 

   62    84   109   -47 
 -122   -59   -51    25 
  -91    14   -47   -27 
  -45  -123   -36   -77 

   sw dot product: 15663
sw/hw dot product: 15663
-15473 -18026 -16306 -6997 
 5440   460 -1952 15663 
-5396  2004  3509  3434 
-13020 -26536 -10616   252 

-15473 -18026 -16306 -6997 
 5440   460 -1952 15663 
-5396  2004  3509  3434 
-13020 -26536 -10616   252 

INFO: [SIM 211-1] CSim done with 0 errors.
INFO: [SIM 211-3] *************** CSIM finish ***************
INFO: [HLS 200-112] Total CPU user time: 6 seconds. Total CPU system time: 3 seconds. Total elapsed time: 8.565 seconds; peak allocated memory: 620.629 MB.
INFO: [vitis-run 60-791] Total elapsed time: 0h 0m 14s
