  **** HLS Build v2024.2 5238294
INFO: [HLS 200-2005] Using work_dir C:/GitHub/CoP-HW-SW_2024-2025/Lab0/Vitis/matrix_mult/axil_mat_prod1 
INFO: [HLS 200-1505] Using default flow_target 'vivado'
Resolution: For help on HLS 200-1505 see docs.xilinx.com/access/sources/dita/topic?Doc_Version=2024.2%20English&url=ug1448-hls-guidance&resourceid=200-1505.html
INFO: [HLS 200-1465] Applying ini 'syn.file=C:/GitHub/CoP-HW-SW_2024-2025/Lab0/axilite_matprod_files/HLS/axil_mat_prod1.cpp' from C:/GitHub/CoP-HW-SW_2024-2025/Lab0/Vitis/matrix_mult/hls_config.cfg(8)
INFO: [HLS 200-10] Adding design file 'C:/GitHub/CoP-HW-SW_2024-2025/Lab0/axilite_matprod_files/HLS/axil_mat_prod1.cpp' to the project
INFO: [HLS 200-1465] Applying ini 'syn.file=C:/GitHub/CoP-HW-SW_2024-2025/Lab0/axilite_matprod_files/HLS/axil_mat_prod1.h' from C:/GitHub/CoP-HW-SW_2024-2025/Lab0/Vitis/matrix_mult/hls_config.cfg(9)
INFO: [HLS 200-10] Adding design file 'C:/GitHub/CoP-HW-SW_2024-2025/Lab0/axilite_matprod_files/HLS/axil_mat_prod1.h' to the project
INFO: [HLS 200-1465] Applying ini 'tb.file=C:/GitHub/CoP-HW-SW_2024-2025/Lab0/axilite_matprod_files/HLS/tb_axil_mat_prod1.cpp' from C:/GitHub/CoP-HW-SW_2024-2025/Lab0/Vitis/matrix_mult/hls_config.cfg(10)
INFO: [HLS 200-10] Adding test bench file 'C:/GitHub/CoP-HW-SW_2024-2025/Lab0/axilite_matprod_files/HLS/tb_axil_mat_prod1.cpp' to the project
INFO: [HLS 200-1465] Applying ini 'syn.top=axil_mat_prod1' from C:/GitHub/CoP-HW-SW_2024-2025/Lab0/Vitis/matrix_mult/hls_config.cfg(7)
INFO: [HLS 200-1465] Applying ini 'flow_target=vivado' from C:/GitHub/CoP-HW-SW_2024-2025/Lab0/Vitis/matrix_mult/hls_config.cfg(4)
INFO: [HLS 200-1505] Using flow_target 'vivado'
Resolution: For help on HLS 200-1505 see docs.xilinx.com/access/sources/dita/topic?Doc_Version=2024.2%20English&url=ug1448-hls-guidance&resourceid=200-1505.html
INFO: [HLS 200-1465] Applying ini 'part=xc7z010clg400-1' from C:/GitHub/CoP-HW-SW_2024-2025/Lab0/Vitis/matrix_mult/hls_config.cfg(1)
INFO: [HLS 200-1611] Setting target device to 'xc7z010-clg400-1'
INFO: [HLS 200-1465] Applying ini 'clock=10ns' from C:/GitHub/CoP-HW-SW_2024-2025/Lab0/Vitis/matrix_mult/hls_config.cfg(11)
INFO: [SYN 201-201] Setting up clock 'default' with a period of 10ns.
INFO: [HLS 200-1465] Applying ini 'clock_uncertainty=27%' from C:/GitHub/CoP-HW-SW_2024-2025/Lab0/Vitis/matrix_mult/hls_config.cfg(12)
INFO: [SYN 201-201] Setting up clock 'default' with an uncertainty of 2.7ns.
INFO: [HLS 200-1465] Applying ini 'csim.code_analyzer=0' from C:/GitHub/CoP-HW-SW_2024-2025/Lab0/Vitis/matrix_mult/hls_config.cfg(13)
INFO: [HLS 200-1465] Applying ini 'package.output.format=ip_catalog' from C:/GitHub/CoP-HW-SW_2024-2025/Lab0/Vitis/matrix_mult/hls_config.cfg(5)
INFO: [HLS 200-111] Finished File checks and directory preparation: CPU user time: 7 seconds. CPU system time: 3 seconds. Elapsed time: 11.146 seconds; current allocated memory: 619.512 MB.
INFO: [HLS 200-10] Analyzing design file 'C:/GitHub/CoP-HW-SW_2024-2025/Lab0/axilite_matprod_files/HLS/axil_mat_prod1.cpp' ... 
INFO: [HLS 200-111] Finished Source Code Analysis and Preprocessing: CPU user time: 0 seconds. CPU system time: 0 seconds. Elapsed time: 3.401 seconds; current allocated memory: 622.848 MB.
INFO: [HLS 200-777] Using interface defaults for 'Vivado' flow target.
INFO: [HLS 200-1995] There were 55 instructions in the design after the 'Compile/Link' phase of compilation. See the Design Size Report for more details: C:/GitHub/CoP-HW-SW_2024-2025/Lab0/Vitis/matrix_mult/axil_mat_prod1/hls/syn/report/csynth_design_size.rpt
INFO: [HLS 200-1995] There were 54 instructions in the design after the 'Unroll/Inline (step 1)' phase of compilation. See the Design Size Report for more details: C:/GitHub/CoP-HW-SW_2024-2025/Lab0/Vitis/matrix_mult/axil_mat_prod1/hls/syn/report/csynth_design_size.rpt
INFO: [HLS 200-1995] There were 48 instructions in the design after the 'Unroll/Inline (step 2)' phase of compilation. See the Design Size Report for more details: C:/GitHub/CoP-HW-SW_2024-2025/Lab0/Vitis/matrix_mult/axil_mat_prod1/hls/syn/report/csynth_design_size.rpt
INFO: [HLS 200-1995] There were 48 instructions in the design after the 'Unroll/Inline (step 3)' phase of compilation. See the Design Size Report for more details: C:/GitHub/CoP-HW-SW_2024-2025/Lab0/Vitis/matrix_mult/axil_mat_prod1/hls/syn/report/csynth_design_size.rpt
INFO: [HLS 200-1995] There were 48 instructions in the design after the 'Unroll/Inline (step 4)' phase of compilation. See the Design Size Report for more details: C:/GitHub/CoP-HW-SW_2024-2025/Lab0/Vitis/matrix_mult/axil_mat_prod1/hls/syn/report/csynth_design_size.rpt
INFO: [HLS 200-1995] There were 51 instructions in the design after the 'Array/Struct (step 1)' phase of compilation. See the Design Size Report for more details: C:/GitHub/CoP-HW-SW_2024-2025/Lab0/Vitis/matrix_mult/axil_mat_prod1/hls/syn/report/csynth_design_size.rpt
INFO: [HLS 200-1995] There were 51 instructions in the design after the 'Array/Struct (step 2)' phase of compilation. See the Design Size Report for more details: C:/GitHub/CoP-HW-SW_2024-2025/Lab0/Vitis/matrix_mult/axil_mat_prod1/hls/syn/report/csynth_design_size.rpt
INFO: [HLS 200-1995] There were 51 instructions in the design after the 'Array/Struct (step 3)' phase of compilation. See the Design Size Report for more details: C:/GitHub/CoP-HW-SW_2024-2025/Lab0/Vitis/matrix_mult/axil_mat_prod1/hls/syn/report/csynth_design_size.rpt
INFO: [HLS 200-1995] There were 51 instructions in the design after the 'Array/Struct (step 4)' phase of compilation. See the Design Size Report for more details: C:/GitHub/CoP-HW-SW_2024-2025/Lab0/Vitis/matrix_mult/axil_mat_prod1/hls/syn/report/csynth_design_size.rpt
INFO: [HLS 200-1995] There were 51 instructions in the design after the 'Array/Struct (step 5)' phase of compilation. See the Design Size Report for more details: C:/GitHub/CoP-HW-SW_2024-2025/Lab0/Vitis/matrix_mult/axil_mat_prod1/hls/syn/report/csynth_design_size.rpt
INFO: [HLS 200-1995] There were 51 instructions in the design after the 'Performance (step 1)' phase of compilation. See the Design Size Report for more details: C:/GitHub/CoP-HW-SW_2024-2025/Lab0/Vitis/matrix_mult/axil_mat_prod1/hls/syn/report/csynth_design_size.rpt
INFO: [HLS 200-1995] There were 51 instructions in the design after the 'Performance (step 2)' phase of compilation. See the Design Size Report for more details: C:/GitHub/CoP-HW-SW_2024-2025/Lab0/Vitis/matrix_mult/axil_mat_prod1/hls/syn/report/csynth_design_size.rpt
INFO: [HLS 200-1995] There were 51 instructions in the design after the 'Performance (step 3)' phase of compilation. See the Design Size Report for more details: C:/GitHub/CoP-HW-SW_2024-2025/Lab0/Vitis/matrix_mult/axil_mat_prod1/hls/syn/report/csynth_design_size.rpt
INFO: [HLS 200-1995] There were 51 instructions in the design after the 'Performance (step 4)' phase of compilation. See the Design Size Report for more details: C:/GitHub/CoP-HW-SW_2024-2025/Lab0/Vitis/matrix_mult/axil_mat_prod1/hls/syn/report/csynth_design_size.rpt
INFO: [HLS 200-1995] There were 63 instructions in the design after the 'HW Transforms (step 1)' phase of compilation. See the Design Size Report for more details: C:/GitHub/CoP-HW-SW_2024-2025/Lab0/Vitis/matrix_mult/axil_mat_prod1/hls/syn/report/csynth_design_size.rpt
INFO: [HLS 200-1995] There were 67 instructions in the design after the 'HW Transforms (step 2)' phase of compilation. See the Design Size Report for more details: C:/GitHub/CoP-HW-SW_2024-2025/Lab0/Vitis/matrix_mult/axil_mat_prod1/hls/syn/report/csynth_design_size.rpt
INFO: [HLS 200-111] Finished Compiling Optimization and Transform: CPU user time: 0 seconds. CPU system time: 0 seconds. Elapsed time: 14.596 seconds; current allocated memory: 624.656 MB.
INFO: [HLS 200-111] Finished Checking Pragmas: CPU user time: 0 seconds. CPU system time: 0 seconds. Elapsed time: 0.023 seconds; current allocated memory: 624.660 MB.
INFO: [HLS 200-10] Starting code transformations ...
INFO: [HLS 200-111] Finished Standard Transforms: CPU user time: 0 seconds. CPU system time: 0 seconds. Elapsed time: 0.356 seconds; current allocated memory: 628.719 MB.
INFO: [HLS 200-10] Checking synthesizability ...
INFO: [HLS 200-111] Finished Checking Synthesizability: CPU user time: 0 seconds. CPU system time: 0 seconds. Elapsed time: 0.19 seconds; current allocated memory: 629.859 MB.
INFO: [HLS 200-111] Finished Loop, function and other optimizations: CPU user time: 1 seconds. CPU system time: 0 seconds. Elapsed time: 0.398 seconds; current allocated memory: 650.492 MB.
INFO: [HLS 200-111] Finished Architecture Synthesis: CPU user time: 0 seconds. CPU system time: 0 seconds. Elapsed time: 0.174 seconds; current allocated memory: 650.523 MB.
INFO: [HLS 200-10] Starting hardware synthesis ...
INFO: [HLS 200-10] Synthesizing 'axil_mat_prod1' ...
INFO: [HLS 200-10] ----------------------------------------------------------------
INFO: [HLS 200-42] -- Implementing module 'axil_mat_prod1' 
INFO: [HLS 200-10] ----------------------------------------------------------------
INFO: [SCHED 204-11] Starting scheduling ...
INFO: [SCHED 204-61] Pipelining loop 'VITIS_LOOP_16_1'.
WARNING: [HLS 200-880] The II Violation in module 'axil_mat_prod1' (loop 'VITIS_LOOP_16_1'): Unable to enforce a carried dependence constraint (II = 1, distance = 1, offset = 1) between 'store' operation 0 bit ('j_write_ln14', C:/GitHub/CoP-HW-SW_2024-2025/Lab0/axilite_matprod_files/HLS/axil_mat_prod1.cpp:14) of variable 'j', C:/GitHub/CoP-HW-SW_2024-2025/Lab0/axilite_matprod_files/HLS/axil_mat_prod1.cpp:27 on local variable 'j', C:/GitHub/CoP-HW-SW_2024-2025/Lab0/axilite_matprod_files/HLS/axil_mat_prod1.cpp:14 and 'select' operation 32 bit ('j', C:/GitHub/CoP-HW-SW_2024-2025/Lab0/axilite_matprod_files/HLS/axil_mat_prod1.cpp:27).
Resolution: For help on HLS 200-880 see docs.xilinx.com/access/sources/dita/topic?Doc_Version=2024.2%20English&url=ug1448-hls-guidance&resourceid=200-880.html
INFO: [HLS 200-1470] Pipelining result : Target II = NA, Final II = 2, Depth = 7, loop 'VITIS_LOOP_16_1'
INFO: [SCHED 204-11] Finished scheduling.
INFO: [HLS 200-111] Finished Scheduling: CPU user time: 0 seconds. CPU system time: 1 seconds. Elapsed time: 0.584 seconds; current allocated memory: 650.523 MB.
INFO: [BIND 205-100] Starting micro-architecture generation ...
INFO: [BIND 205-101] Performing variable lifetime analysis.
INFO: [BIND 205-101] Exploring resource sharing.
INFO: [BIND 205-101] Binding ...
INFO: [BIND 205-100] Finished micro-architecture generation.
INFO: [HLS 200-111] Finished Binding: CPU user time: 0 seconds. CPU system time: 0 seconds. Elapsed time: 0.205 seconds; current allocated memory: 650.523 MB.
INFO: [HLS 200-10] ----------------------------------------------------------------
INFO: [HLS 200-10] -- Generating RTL for module 'axil_mat_prod1' 
INFO: [HLS 200-10] ----------------------------------------------------------------
WARNING: [RTGEN 206-101] Design contains AXI ports. Reset is fixed to synchronous and active low.
INFO: [RTGEN 206-500] Setting interface mode on port 'axil_mat_prod1/m1' to 's_axilite & ap_memory'.
INFO: [RTGEN 206-500] Setting interface mode on port 'axil_mat_prod1/m2' to 's_axilite & ap_memory'.
INFO: [RTGEN 206-500] Setting interface mode on port 'axil_mat_prod1/m3' to 's_axilite & ap_memory'.
INFO: [RTGEN 206-500] Setting interface mode on port 'axil_mat_prod1/N1' to 's_axilite & ap_none'.
INFO: [RTGEN 206-500] Setting interface mode on port 'axil_mat_prod1/N2' to 's_axilite & ap_none'.
INFO: [RTGEN 206-500] Setting interface mode on port 'axil_mat_prod1/N3' to 's_axilite & ap_none'.
INFO: [RTGEN 206-500] Setting interface mode on function 'axil_mat_prod1' to 's_axilite & ap_ctrl_hs'.
WARNING: [RTGEN 206-101] Register 'regc' is power-on initialization.
INFO: [HLS 200-1030] Apply Unified Pipeline Control on module 'axil_mat_prod1' pipeline 'VITIS_LOOP_16_1' pipeline type 'loop pipeline'
INFO: [RTGEN 206-100] Bundling port 'N1', 'N2', 'N3', 'm1', 'm2', 'm3' to AXI-Lite port BUS1.
INFO: [RTGEN 206-100] Generating core module 'mul_32s_32s_32_2_1': 1 instance(s).
INFO: [RTGEN 206-100] Generating core module 'mul_4s_4s_4_1_1': 3 instance(s).
INFO: [RTGEN 206-100] Finished creating RTL model for 'axil_mat_prod1'.
INFO: [HLS 200-111] Finished Creating RTL model: CPU user time: 0 seconds. CPU system time: 0 seconds. Elapsed time: 0.438 seconds; current allocated memory: 651.539 MB.
INFO: [HLS 200-111] Finished Generating all RTL models: CPU user time: 1 seconds. CPU system time: 0 seconds. Elapsed time: 1.484 seconds; current allocated memory: 655.949 MB.
INFO: [HLS 200-111] Finished Updating report files: CPU user time: 1 seconds. CPU system time: 1 seconds. Elapsed time: 2.221 seconds; current allocated memory: 659.551 MB.
INFO: [VHDL 208-304] Generating VHDL RTL for axil_mat_prod1.
INFO: [VLOG 209-307] Generating Verilog RTL for axil_mat_prod1.
INFO: [HLS 200-790] **** Loop Constraint Status: All loop constraints were NOT satisfied.
INFO: [HLS 200-789] **** Estimated Fmax: 144.68 MHz
INFO: [HLS 200-112] Total CPU user time: 10 seconds. Total CPU system time: 5 seconds. Total elapsed time: 35.396 seconds; peak allocated memory: 659.605 MB.
INFO: [v++ 60-791] Total elapsed time: 0h 0m 42s
